Docking Station Location: (1, 2)
******* Step 1 *******
Current Location: (1, 2)
Remaining Steps Number: 50
Battery Left: 10.000000
House Total Dirt: 0
Chosen Step: South

******* Step 2 *******
Current Location: (2, 2)
Remaining Steps Number: 49
Battery Left: 9.000000
House Total Dirt: 0
Chosen Step: East

******* Step 3 *******
Current Location: (2, 3)
Remaining Steps Number: 48
Battery Left: 8.000000
House Total Dirt: 0
Chosen Step: South

******* Step 4 *******
Current Location: (3, 3)
Remaining Steps Number: 47
Battery Left: 7.000000
House Total Dirt: 0
Chosen Step: South

******* Step 5 *******
Current Location: (4, 3)
Remaining Steps Number: 46
Battery Left: 6.000000
House Total Dirt: 0
Chosen Step: North

******* Step 6 *******
Current Location: (3, 3)
Remaining Steps Number: 45
Battery Left: 5.000000
House Total Dirt: 0
Chosen Step: North

******* Step 7 *******
Current Location: (2, 3)
Remaining Steps Number: 44
Battery Left: 4.000000
House Total Dirt: 0
Chosen Step: North

******* Step 8 *******
Current Location: (1, 3)
Remaining Steps Number: 43
Battery Left: 3.000000
House Total Dirt: 0
Chosen Step: West

******* Step 9 *******
Current Location: (1, 2)
Remaining Steps Number: 42
Battery Left: 2.000000
House Total Dirt: 0
Chosen Step: Stay

******* Step 10 *******
Current Location: (1, 2)
Remaining Steps Number: 41
Battery Left: 2.500000
House Total Dirt: 0
Chosen Step: Stay

******* Step 11 *******
Current Location: (1, 2)
Remaining Steps Number: 40
Battery Left: 3.000000
House Total Dirt: 0
Chosen Step: Stay

******* Step 12 *******
Current Location: (1, 2)
Remaining Steps Number: 39
Battery Left: 3.500000
House Total Dirt: 0
Chosen Step: Stay

******* Step 13 *******
Current Location: (1, 2)
Remaining Steps Number: 38
Battery Left: 4.000000
House Total Dirt: 0
Chosen Step: Stay

******* Step 14 *******
Current Location: (1, 2)
Remaining Steps Number: 37
Battery Left: 4.500000
House Total Dirt: 0
Chosen Step: Stay

******* Step 15 *******
Current Location: (1, 2)
Remaining Steps Number: 36
Battery Left: 5.000000
House Total Dirt: 0
Chosen Step: Stay

******* Step 16 *******
Current Location: (1, 2)
Remaining Steps Number: 35
Battery Left: 5.500000
House Total Dirt: 0
Chosen Step: Stay

******* Step 17 *******
Current Location: (1, 2)
Remaining Steps Number: 34
Battery Left: 6.000000
House Total Dirt: 0
Chosen Step: Stay

******* Step 18 *******
Current Location: (1, 2)
Remaining Steps Number: 33
Battery Left: 6.500000
House Total Dirt: 0
Chosen Step: Stay

******* Step 19 *******
Current Location: (1, 2)
Remaining Steps Number: 32
Battery Left: 7.000000
House Total Dirt: 0
Chosen Step: Stay

******* Step 20 *******
Current Location: (1, 2)
Remaining Steps Number: 31
Battery Left: 7.500000
House Total Dirt: 0
Chosen Step: Stay

******* Step 21 *******
Current Location: (1, 2)
Remaining Steps Number: 30
Battery Left: 8.000000
House Total Dirt: 0
Chosen Step: Stay

******* Step 22 *******
Current Location: (1, 2)
Remaining Steps Number: 29
Battery Left: 8.500000
House Total Dirt: 0
Chosen Step: Stay

******* Step 23 *******
Current Location: (1, 2)
Remaining Steps Number: 28
Battery Left: 9.000000
House Total Dirt: 0
Chosen Step: Stay

******* Step 24 *******
Current Location: (1, 2)
Remaining Steps Number: 27
Battery Left: 9.500000
House Total Dirt: 0
Chosen Step: Stay

******* Step 25 *******
Current Location: (1, 2)
Remaining Steps Number: 26
Battery Left: 10.000000
House Total Dirt: 0
Chosen Step: West

******* Step 26 *******
Current Location: (1, 1)
Remaining Steps Number: 25
Battery Left: 9.000000
House Total Dirt: 0
Chosen Step: North

******* Step 27 *******
Current Location: (0, 1)
Remaining Steps Number: 24
Battery Left: 8.000000
House Total Dirt: 0
Chosen Step: South

******* Step 28 *******
Current Location: (1, 1)
Remaining Steps Number: 23
Battery Left: 7.000000
House Total Dirt: 0
Chosen Step: South

******* Step 29 *******
Current Location: (2, 1)
Remaining Steps Number: 22
Battery Left: 6.000000
House Total Dirt: 0
Chosen Step: South

******* Step 30 *******
Current Location: (3, 1)
Remaining Steps Number: 21
Battery Left: 5.000000
House Total Dirt: 0
Chosen Step: North

******* Step 31 *******
Current Location: (2, 1)
Remaining Steps Number: 20
Battery Left: 4.000000
House Total Dirt: 0
Chosen Step: East

******* Step 32 *******
Current Location: (2, 2)
Remaining Steps Number: 19
Battery Left: 3.000000
House Total Dirt: 0
Chosen Step: North

******* Step 33 *******
Current Location: (1, 2)
Remaining Steps Number: 18
Battery Left: 2.000000
House Total Dirt: 0
Chosen Step: Stay

******* Step 34 *******
Current Location: (1, 2)
Remaining Steps Number: 17
Battery Left: 2.500000
House Total Dirt: 0
Chosen Step: Stay

******* Step 35 *******
Current Location: (1, 2)
Remaining Steps Number: 16
Battery Left: 3.000000
House Total Dirt: 0
Chosen Step: Stay

******* Step 36 *******
Current Location: (1, 2)
Remaining Steps Number: 15
Battery Left: 3.500000
House Total Dirt: 0
Chosen Step: Stay

******* Step 37 *******
Current Location: (1, 2)
Remaining Steps Number: 14
Battery Left: 4.000000
House Total Dirt: 0
Chosen Step: Stay

******* Step 38 *******
Current Location: (1, 2)
Remaining Steps Number: 13
Battery Left: 4.500000
House Total Dirt: 0
Chosen Step: Stay

******* Step 39 *******
Current Location: (1, 2)
Remaining Steps Number: 12
Battery Left: 5.000000
House Total Dirt: 0
Chosen Step: Stay

******* Step 40 *******
Current Location: (1, 2)
Remaining Steps Number: 11
Battery Left: 5.500000
House Total Dirt: 0
Chosen Step: Stay

******* Step 41 *******
Current Location: (1, 2)
Remaining Steps Number: 10
Battery Left: 6.000000
House Total Dirt: 0
Chosen Step: Stay

******* Step 42 *******
Current Location: (1, 2)
Remaining Steps Number: 9
Battery Left: 6.500000
House Total Dirt: 0
Chosen Step: Stay

******* Step 43 *******
Current Location: (1, 2)
Remaining Steps Number: 8
Battery Left: 7.000000
House Total Dirt: 0
Chosen Step: Stay

******* Step 44 *******
Current Location: (1, 2)
Remaining Steps Number: 7
Battery Left: 7.500000
House Total Dirt: 0
Chosen Step: Stay

******* Step 45 *******
Current Location: (1, 2)
Remaining Steps Number: 6
Battery Left: 8.000000
House Total Dirt: 0
Chosen Step: Stay

******* Step 46 *******
Current Location: (1, 2)
Remaining Steps Number: 5
Battery Left: 8.500000
House Total Dirt: 0
Chosen Step: Stay

******* Step 47 *******
Current Location: (1, 2)
Remaining Steps Number: 4
Battery Left: 9.000000
House Total Dirt: 0
Chosen Step: Finish
