Docking Station Location: (1, 0)
******* Step 1 *******
Current Location: (1, 0)
Remaining Steps Number: 13
Battery Left: 50.000000
House Total Dirt: 15
Chosen Step: South

******* Step 2 *******
Current Location: (2, 0)
Remaining Steps Number: 12
Battery Left: 49.000000
House Total Dirt: 15
Chosen Step: Stay

******* Step 3 *******
Current Location: (2, 0)
Remaining Steps Number: 11
Battery Left: 48.000000
House Total Dirt: 14
Chosen Step: South

******* Step 4 *******
Current Location: (3, 0)
Remaining Steps Number: 10
Battery Left: 47.000000
House Total Dirt: 14
Chosen Step: Stay

******* Step 5 *******
Current Location: (3, 0)
Remaining Steps Number: 9
Battery Left: 46.000000
House Total Dirt: 13
Chosen Step: Stay

******* Step 6 *******
Current Location: (3, 0)
Remaining Steps Number: 8
Battery Left: 45.000000
House Total Dirt: 12
Chosen Step: South

******* Step 7 *******
Current Location: (4, 0)
Remaining Steps Number: 7
Battery Left: 44.000000
House Total Dirt: 12
Chosen Step: Stay

******* Step 8 *******
Current Location: (4, 0)
Remaining Steps Number: 6
Battery Left: 43.000000
House Total Dirt: 11
Chosen Step: Stay

******* Step 9 *******
Current Location: (4, 0)
Remaining Steps Number: 5
Battery Left: 42.000000
House Total Dirt: 10
Chosen Step: Stay

******* Step 10 *******
Current Location: (4, 0)
Remaining Steps Number: 4
Battery Left: 41.000000
House Total Dirt: 9
Chosen Step: North

******* Step 11 *******
Current Location: (3, 0)
Remaining Steps Number: 3
Battery Left: 40.000000
House Total Dirt: 9
Chosen Step: North

******* Step 12 *******
Current Location: (2, 0)
Remaining Steps Number: 2
Battery Left: 39.000000
House Total Dirt: 9
Chosen Step: North

******* Step 13 *******
Current Location: (1, 0)
Remaining Steps Number: 1
Battery Left: 38.000000
House Total Dirt: 9
Chosen Step: Finish
