Docking Station Location: (2, 4)
******* Step 1 *******
Current Location: (2, 4)
Remaining Steps Number: 250
Battery Left: 50.000000
House Total Dirt: 60
Chosen Step: East

******* Step 2 *******
Current Location: (2, 5)
Remaining Steps Number: 249
Battery Left: 49.000000
House Total Dirt: 60
Chosen Step: South

******* Step 3 *******
Current Location: (3, 5)
Remaining Steps Number: 248
Battery Left: 48.000000
House Total Dirt: 60
Chosen Step: Stay

******* Step 4 *******
Current Location: (3, 5)
Remaining Steps Number: 247
Battery Left: 47.000000
House Total Dirt: 59
Chosen Step: Stay

******* Step 5 *******
Current Location: (3, 5)
Remaining Steps Number: 246
Battery Left: 46.000000
House Total Dirt: 58
Chosen Step: Stay

******* Step 6 *******
Current Location: (3, 5)
Remaining Steps Number: 245
Battery Left: 45.000000
House Total Dirt: 57
Chosen Step: Stay

******* Step 7 *******
Current Location: (3, 5)
Remaining Steps Number: 244
Battery Left: 44.000000
House Total Dirt: 56
Chosen Step: West

******* Step 8 *******
Current Location: (3, 4)
Remaining Steps Number: 243
Battery Left: 43.000000
House Total Dirt: 56
Chosen Step: Stay

******* Step 9 *******
Current Location: (3, 4)
Remaining Steps Number: 242
Battery Left: 42.000000
House Total Dirt: 55
Chosen Step: Stay

******* Step 10 *******
Current Location: (3, 4)
Remaining Steps Number: 241
Battery Left: 41.000000
House Total Dirt: 54
Chosen Step: Stay

******* Step 11 *******
Current Location: (3, 4)
Remaining Steps Number: 240
Battery Left: 40.000000
House Total Dirt: 53
Chosen Step: West

******* Step 12 *******
Current Location: (3, 3)
Remaining Steps Number: 239
Battery Left: 39.000000
House Total Dirt: 53
Chosen Step: Stay

******* Step 13 *******
Current Location: (3, 3)
Remaining Steps Number: 238
Battery Left: 38.000000
House Total Dirt: 52
Chosen Step: Stay

******* Step 14 *******
Current Location: (3, 3)
Remaining Steps Number: 237
Battery Left: 37.000000
House Total Dirt: 51
Chosen Step: North

******* Step 15 *******
Current Location: (2, 3)
Remaining Steps Number: 236
Battery Left: 36.000000
House Total Dirt: 51
Chosen Step: West

******* Step 16 *******
Current Location: (2, 2)
Remaining Steps Number: 235
Battery Left: 35.000000
House Total Dirt: 51
Chosen Step: West

******* Step 17 *******
Current Location: (2, 1)
Remaining Steps Number: 234
Battery Left: 34.000000
House Total Dirt: 51
Chosen Step: North

******* Step 18 *******
Current Location: (1, 1)
Remaining Steps Number: 233
Battery Left: 33.000000
House Total Dirt: 51
Chosen Step: East

******* Step 19 *******
Current Location: (1, 2)
Remaining Steps Number: 232
Battery Left: 32.000000
House Total Dirt: 51
Chosen Step: East

******* Step 20 *******
Current Location: (1, 3)
Remaining Steps Number: 231
Battery Left: 31.000000
House Total Dirt: 51
Chosen Step: East

******* Step 21 *******
Current Location: (1, 4)
Remaining Steps Number: 230
Battery Left: 30.000000
House Total Dirt: 51
Chosen Step: East

******* Step 22 *******
Current Location: (1, 5)
Remaining Steps Number: 229
Battery Left: 29.000000
House Total Dirt: 51
Chosen Step: East

******* Step 23 *******
Current Location: (1, 6)
Remaining Steps Number: 228
Battery Left: 28.000000
House Total Dirt: 51
Chosen Step: South

******* Step 24 *******
Current Location: (2, 6)
Remaining Steps Number: 227
Battery Left: 27.000000
House Total Dirt: 51
Chosen Step: East

******* Step 25 *******
Current Location: (2, 7)
Remaining Steps Number: 226
Battery Left: 26.000000
House Total Dirt: 51
Chosen Step: North

******* Step 26 *******
Current Location: (1, 7)
Remaining Steps Number: 225
Battery Left: 25.000000
House Total Dirt: 51
Chosen Step: East

******* Step 27 *******
Current Location: (1, 8)
Remaining Steps Number: 224
Battery Left: 24.000000
House Total Dirt: 51
Chosen Step: South

******* Step 28 *******
Current Location: (2, 8)
Remaining Steps Number: 223
Battery Left: 23.000000
House Total Dirt: 51
Chosen Step: East

******* Step 29 *******
Current Location: (2, 9)
Remaining Steps Number: 222
Battery Left: 22.000000
House Total Dirt: 51
Chosen Step: North

******* Step 30 *******
Current Location: (1, 9)
Remaining Steps Number: 221
Battery Left: 21.000000
House Total Dirt: 51
Chosen Step: East

******* Step 31 *******
Current Location: (1, 10)
Remaining Steps Number: 220
Battery Left: 20.000000
House Total Dirt: 51
Chosen Step: South

******* Step 32 *******
Current Location: (2, 10)
Remaining Steps Number: 219
Battery Left: 19.000000
House Total Dirt: 51
Chosen Step: East

******* Step 33 *******
Current Location: (2, 11)
Remaining Steps Number: 218
Battery Left: 18.000000
House Total Dirt: 51
Chosen Step: East

******* Step 34 *******
Current Location: (2, 12)
Remaining Steps Number: 217
Battery Left: 17.000000
House Total Dirt: 51
Chosen Step: South

******* Step 35 *******
Current Location: (3, 12)
Remaining Steps Number: 216
Battery Left: 16.000000
House Total Dirt: 51
Chosen Step: West

******* Step 36 *******
Current Location: (3, 11)
Remaining Steps Number: 215
Battery Left: 15.000000
House Total Dirt: 51
Chosen Step: South

******* Step 37 *******
Current Location: (4, 11)
Remaining Steps Number: 214
Battery Left: 14.000000
House Total Dirt: 51
Chosen Step: East

******* Step 38 *******
Current Location: (4, 12)
Remaining Steps Number: 213
Battery Left: 13.000000
House Total Dirt: 51
Chosen Step: South

******* Step 39 *******
Current Location: (5, 12)
Remaining Steps Number: 212
Battery Left: 12.000000
House Total Dirt: 51
Chosen Step: West

******* Step 40 *******
Current Location: (5, 11)
Remaining Steps Number: 211
Battery Left: 11.000000
House Total Dirt: 51
Chosen Step: West

******* Step 41 *******
Current Location: (5, 10)
Remaining Steps Number: 210
Battery Left: 10.000000
House Total Dirt: 51
Chosen Step: Stay

******* Step 42 *******
Current Location: (5, 10)
Remaining Steps Number: 209
Battery Left: 9.000000
House Total Dirt: 50
Chosen Step: North

******* Step 43 *******
Current Location: (4, 10)
Remaining Steps Number: 208
Battery Left: 8.000000
House Total Dirt: 50
Chosen Step: West

******* Step 44 *******
Current Location: (4, 9)
Remaining Steps Number: 207
Battery Left: 7.000000
House Total Dirt: 50
Chosen Step: West

******* Step 45 *******
Current Location: (4, 8)
Remaining Steps Number: 206
Battery Left: 6.000000
House Total Dirt: 50
Chosen Step: West

******* Step 46 *******
Current Location: (4, 7)
Remaining Steps Number: 205
Battery Left: 5.000000
House Total Dirt: 50
Chosen Step: North

******* Step 47 *******
Current Location: (3, 7)
Remaining Steps Number: 204
Battery Left: 4.000000
House Total Dirt: 50
Chosen Step: North

******* Step 48 *******
Current Location: (2, 7)
Remaining Steps Number: 203
Battery Left: 3.000000
House Total Dirt: 50
Chosen Step: West

******* Step 49 *******
Current Location: (2, 6)
Remaining Steps Number: 202
Battery Left: 2.000000
House Total Dirt: 50
Chosen Step: West

******* Step 50 *******
Current Location: (2, 5)
Remaining Steps Number: 201
Battery Left: 1.000000
House Total Dirt: 50
Chosen Step: West

******* Step 51 *******
Current Location: (2, 4)
Remaining Steps Number: 200
Battery Left: 0.000000
House Total Dirt: 50
Chosen Step: Stay

******* Step 52 *******
Current Location: (2, 4)
Remaining Steps Number: 199
Battery Left: 2.500000
House Total Dirt: 50
Chosen Step: Stay

******* Step 53 *******
Current Location: (2, 4)
Remaining Steps Number: 198
Battery Left: 5.000000
House Total Dirt: 50
Chosen Step: Stay

******* Step 54 *******
Current Location: (2, 4)
Remaining Steps Number: 197
Battery Left: 7.500000
House Total Dirt: 50
Chosen Step: Stay

******* Step 55 *******
Current Location: (2, 4)
Remaining Steps Number: 196
Battery Left: 10.000000
House Total Dirt: 50
Chosen Step: Stay

******* Step 56 *******
Current Location: (2, 4)
Remaining Steps Number: 195
Battery Left: 12.500000
House Total Dirt: 50
Chosen Step: Stay

******* Step 57 *******
Current Location: (2, 4)
Remaining Steps Number: 194
Battery Left: 15.000000
House Total Dirt: 50
Chosen Step: Stay

******* Step 58 *******
Current Location: (2, 4)
Remaining Steps Number: 193
Battery Left: 17.500000
House Total Dirt: 50
Chosen Step: Stay

******* Step 59 *******
Current Location: (2, 4)
Remaining Steps Number: 192
Battery Left: 20.000000
House Total Dirt: 50
Chosen Step: Stay

******* Step 60 *******
Current Location: (2, 4)
Remaining Steps Number: 191
Battery Left: 22.500000
House Total Dirt: 50
Chosen Step: Stay

******* Step 61 *******
Current Location: (2, 4)
Remaining Steps Number: 190
Battery Left: 25.000000
House Total Dirt: 50
Chosen Step: Stay

******* Step 62 *******
Current Location: (2, 4)
Remaining Steps Number: 189
Battery Left: 27.500000
House Total Dirt: 50
Chosen Step: Stay

******* Step 63 *******
Current Location: (2, 4)
Remaining Steps Number: 188
Battery Left: 30.000000
House Total Dirt: 50
Chosen Step: Stay

******* Step 64 *******
Current Location: (2, 4)
Remaining Steps Number: 187
Battery Left: 32.500000
House Total Dirt: 50
Chosen Step: Stay

******* Step 65 *******
Current Location: (2, 4)
Remaining Steps Number: 186
Battery Left: 35.000000
House Total Dirt: 50
Chosen Step: Stay

******* Step 66 *******
Current Location: (2, 4)
Remaining Steps Number: 185
Battery Left: 37.500000
House Total Dirt: 50
Chosen Step: Stay

******* Step 67 *******
Current Location: (2, 4)
Remaining Steps Number: 184
Battery Left: 40.000000
House Total Dirt: 50
Chosen Step: Stay

******* Step 68 *******
Current Location: (2, 4)
Remaining Steps Number: 183
Battery Left: 42.500000
House Total Dirt: 50
Chosen Step: Stay

******* Step 69 *******
Current Location: (2, 4)
Remaining Steps Number: 182
Battery Left: 45.000000
House Total Dirt: 50
Chosen Step: Stay

******* Step 70 *******
Current Location: (2, 4)
Remaining Steps Number: 181
Battery Left: 47.500000
House Total Dirt: 50
Chosen Step: Stay

******* Step 71 *******
Current Location: (2, 4)
Remaining Steps Number: 180
Battery Left: 50.000000
House Total Dirt: 50
Chosen Step: South

******* Step 72 *******
Current Location: (3, 4)
Remaining Steps Number: 179
Battery Left: 49.000000
House Total Dirt: 50
Chosen Step: South

******* Step 73 *******
Current Location: (4, 4)
Remaining Steps Number: 178
Battery Left: 48.000000
House Total Dirt: 50
Chosen Step: South

******* Step 74 *******
Current Location: (5, 4)
Remaining Steps Number: 177
Battery Left: 47.000000
House Total Dirt: 50
Chosen Step: South

******* Step 75 *******
Current Location: (6, 4)
Remaining Steps Number: 176
Battery Left: 46.000000
House Total Dirt: 50
Chosen Step: West

******* Step 76 *******
Current Location: (6, 3)
Remaining Steps Number: 175
Battery Left: 45.000000
House Total Dirt: 50
Chosen Step: South

******* Step 77 *******
Current Location: (7, 3)
Remaining Steps Number: 174
Battery Left: 44.000000
House Total Dirt: 50
Chosen Step: East

******* Step 78 *******
Current Location: (7, 4)
Remaining Steps Number: 173
Battery Left: 43.000000
House Total Dirt: 50
Chosen Step: East

******* Step 79 *******
Current Location: (7, 5)
Remaining Steps Number: 172
Battery Left: 42.000000
House Total Dirt: 50
