Docking Station Location: (3, 5)
******* Step 1 *******
Current Location: (3, 5)
Remaining Steps Number: 180
Battery Left: 130.000000
House Total Dirt: 41
Chosen Step: North

******* Step 2 *******
Current Location: (2, 5)
Remaining Steps Number: 179
Battery Left: 129.000000
House Total Dirt: 41
Chosen Step: North

******* Step 3 *******
Current Location: (1, 5)
Remaining Steps Number: 178
Battery Left: 128.000000
House Total Dirt: 41
Chosen Step: Stay

******* Step 4 *******
Current Location: (1, 5)
Remaining Steps Number: 177
Battery Left: 127.000000
House Total Dirt: 40
Chosen Step: East

******* Step 5 *******
Current Location: (1, 6)
Remaining Steps Number: 176
Battery Left: 126.000000
House Total Dirt: 40
Chosen Step: East

******* Step 6 *******
Current Location: (1, 7)
Remaining Steps Number: 175
Battery Left: 125.000000
House Total Dirt: 40
Chosen Step: East

******* Step 7 *******
Current Location: (1, 8)
Remaining Steps Number: 174
Battery Left: 124.000000
House Total Dirt: 40
Chosen Step: East

******* Step 8 *******
Current Location: (1, 9)
Remaining Steps Number: 173
Battery Left: 123.000000
House Total Dirt: 40
Chosen Step: East

******* Step 9 *******
Current Location: (1, 10)
Remaining Steps Number: 172
Battery Left: 122.000000
House Total Dirt: 40
Chosen Step: East

******* Step 10 *******
Current Location: (1, 11)
Remaining Steps Number: 171
Battery Left: 121.000000
House Total Dirt: 40
Chosen Step: Stay

******* Step 11 *******
Current Location: (1, 11)
Remaining Steps Number: 170
Battery Left: 120.000000
House Total Dirt: 39
Chosen Step: Stay

******* Step 12 *******
Current Location: (1, 11)
Remaining Steps Number: 169
Battery Left: 119.000000
House Total Dirt: 38
Chosen Step: East

******* Step 13 *******
Current Location: (1, 12)
Remaining Steps Number: 168
Battery Left: 118.000000
House Total Dirt: 38
Chosen Step: South

******* Step 14 *******
Current Location: (2, 12)
Remaining Steps Number: 167
Battery Left: 117.000000
House Total Dirt: 38
Chosen Step: South

******* Step 15 *******
Current Location: (3, 12)
Remaining Steps Number: 166
Battery Left: 116.000000
House Total Dirt: 38
Chosen Step: South

******* Step 16 *******
Current Location: (4, 12)
Remaining Steps Number: 165
Battery Left: 115.000000
House Total Dirt: 38
Chosen Step: South

******* Step 17 *******
Current Location: (5, 12)
Remaining Steps Number: 164
Battery Left: 114.000000
House Total Dirt: 38
Chosen Step: South

******* Step 18 *******
Current Location: (6, 12)
Remaining Steps Number: 163
Battery Left: 113.000000
House Total Dirt: 38
Chosen Step: South

******* Step 19 *******
Current Location: (7, 12)
Remaining Steps Number: 162
Battery Left: 112.000000
House Total Dirt: 38
Chosen Step: South

******* Step 20 *******
Current Location: (8, 12)
Remaining Steps Number: 161
Battery Left: 111.000000
House Total Dirt: 38
Chosen Step: South

******* Step 21 *******
Current Location: (9, 12)
Remaining Steps Number: 160
Battery Left: 110.000000
House Total Dirt: 38
Chosen Step: South

******* Step 22 *******
Current Location: (10, 12)
Remaining Steps Number: 159
Battery Left: 109.000000
House Total Dirt: 38
Chosen Step: West

******* Step 23 *******
Current Location: (10, 11)
Remaining Steps Number: 158
Battery Left: 108.000000
House Total Dirt: 38
Chosen Step: Stay

******* Step 24 *******
Current Location: (10, 11)
Remaining Steps Number: 157
Battery Left: 107.000000
House Total Dirt: 37
Chosen Step: Stay

******* Step 25 *******
Current Location: (10, 11)
Remaining Steps Number: 156
Battery Left: 106.000000
House Total Dirt: 36
Chosen Step: Stay

******* Step 26 *******
Current Location: (10, 11)
Remaining Steps Number: 155
Battery Left: 105.000000
House Total Dirt: 35
Chosen Step: Stay

******* Step 27 *******
Current Location: (10, 11)
Remaining Steps Number: 154
Battery Left: 104.000000
House Total Dirt: 34
Chosen Step: North

******* Step 28 *******
Current Location: (9, 11)
Remaining Steps Number: 153
Battery Left: 103.000000
House Total Dirt: 34
Chosen Step: North

******* Step 29 *******
Current Location: (8, 11)
Remaining Steps Number: 152
Battery Left: 102.000000
House Total Dirt: 34
Chosen Step: North

******* Step 30 *******
Current Location: (7, 11)
Remaining Steps Number: 151
Battery Left: 101.000000
House Total Dirt: 34
Chosen Step: North

******* Step 31 *******
Current Location: (6, 11)
Remaining Steps Number: 150
Battery Left: 100.000000
House Total Dirt: 34
Chosen Step: North

******* Step 32 *******
Current Location: (5, 11)
Remaining Steps Number: 149
Battery Left: 99.000000
House Total Dirt: 34
Chosen Step: Stay

******* Step 33 *******
Current Location: (5, 11)
Remaining Steps Number: 148
Battery Left: 98.000000
House Total Dirt: 33
Chosen Step: North

******* Step 34 *******
Current Location: (4, 11)
Remaining Steps Number: 147
Battery Left: 97.000000
House Total Dirt: 33
Chosen Step: North

******* Step 35 *******
Current Location: (3, 11)
Remaining Steps Number: 146
Battery Left: 96.000000
House Total Dirt: 33
Chosen Step: Stay

******* Step 36 *******
Current Location: (3, 11)
Remaining Steps Number: 145
Battery Left: 95.000000
House Total Dirt: 32
Chosen Step: Stay

******* Step 37 *******
Current Location: (3, 11)
Remaining Steps Number: 144
Battery Left: 94.000000
House Total Dirt: 31
Chosen Step: Stay

******* Step 38 *******
Current Location: (3, 11)
Remaining Steps Number: 143
Battery Left: 93.000000
House Total Dirt: 30
Chosen Step: Stay

******* Step 39 *******
Current Location: (3, 11)
Remaining Steps Number: 142
Battery Left: 92.000000
House Total Dirt: 29
Chosen Step: North

******* Step 40 *******
Current Location: (2, 11)
Remaining Steps Number: 141
Battery Left: 91.000000
House Total Dirt: 29
Chosen Step: West

******* Step 41 *******
Current Location: (2, 10)
Remaining Steps Number: 140
Battery Left: 90.000000
House Total Dirt: 29
Chosen Step: South

******* Step 42 *******
Current Location: (3, 10)
Remaining Steps Number: 139
Battery Left: 89.000000
House Total Dirt: 29
Chosen Step: South

******* Step 43 *******
Current Location: (4, 10)
Remaining Steps Number: 138
Battery Left: 88.000000
House Total Dirt: 29
Chosen Step: South

******* Step 44 *******
Current Location: (5, 10)
Remaining Steps Number: 137
Battery Left: 87.000000
House Total Dirt: 29
Chosen Step: West

******* Step 45 *******
Current Location: (5, 9)
Remaining Steps Number: 136
Battery Left: 86.000000
House Total Dirt: 29
Chosen Step: North

******* Step 46 *******
Current Location: (4, 9)
Remaining Steps Number: 135
Battery Left: 85.000000
House Total Dirt: 29
Chosen Step: North

******* Step 47 *******
Current Location: (3, 9)
Remaining Steps Number: 134
Battery Left: 84.000000
House Total Dirt: 29
Chosen Step: North

******* Step 48 *******
Current Location: (2, 9)
Remaining Steps Number: 133
Battery Left: 83.000000
House Total Dirt: 29
Chosen Step: West

******* Step 49 *******
Current Location: (2, 8)
Remaining Steps Number: 132
Battery Left: 82.000000
House Total Dirt: 29
Chosen Step: Stay

******* Step 50 *******
Current Location: (2, 8)
Remaining Steps Number: 131
Battery Left: 81.000000
House Total Dirt: 28
Chosen Step: Stay

******* Step 51 *******
Current Location: (2, 8)
Remaining Steps Number: 130
Battery Left: 80.000000
House Total Dirt: 27
Chosen Step: Stay

******* Step 52 *******
Current Location: (2, 8)
Remaining Steps Number: 129
Battery Left: 79.000000
House Total Dirt: 26
Chosen Step: South

******* Step 53 *******
Current Location: (3, 8)
Remaining Steps Number: 128
Battery Left: 78.000000
House Total Dirt: 26
Chosen Step: South

******* Step 54 *******
Current Location: (4, 8)
Remaining Steps Number: 127
Battery Left: 77.000000
House Total Dirt: 26
Chosen Step: Stay

******* Step 55 *******
Current Location: (4, 8)
Remaining Steps Number: 126
Battery Left: 76.000000
House Total Dirt: 25
Chosen Step: Stay

******* Step 56 *******
Current Location: (4, 8)
Remaining Steps Number: 125
Battery Left: 75.000000
House Total Dirt: 24
Chosen Step: South

******* Step 57 *******
Current Location: (5, 8)
Remaining Steps Number: 124
Battery Left: 74.000000
House Total Dirt: 24
Chosen Step: West

******* Step 58 *******
Current Location: (5, 7)
Remaining Steps Number: 123
Battery Left: 73.000000
House Total Dirt: 24
Chosen Step: North

******* Step 59 *******
Current Location: (4, 7)
Remaining Steps Number: 122
Battery Left: 72.000000
House Total Dirt: 24
Chosen Step: South

******* Step 60 *******
Current Location: (5, 7)
Remaining Steps Number: 121
Battery Left: 71.000000
House Total Dirt: 24
Chosen Step: South

******* Step 61 *******
Current Location: (6, 7)
Remaining Steps Number: 120
Battery Left: 70.000000
House Total Dirt: 24
Chosen Step: Stay

******* Step 62 *******
Current Location: (6, 7)
Remaining Steps Number: 119
Battery Left: 69.000000
House Total Dirt: 23
Chosen Step: Stay

******* Step 63 *******
Current Location: (6, 7)
Remaining Steps Number: 118
Battery Left: 68.000000
House Total Dirt: 22
Chosen Step: Stay

******* Step 64 *******
Current Location: (6, 7)
Remaining Steps Number: 117
Battery Left: 67.000000
House Total Dirt: 21
Chosen Step: South

******* Step 65 *******
Current Location: (7, 7)
Remaining Steps Number: 116
Battery Left: 66.000000
House Total Dirt: 21
Chosen Step: Stay

******* Step 66 *******
Current Location: (7, 7)
Remaining Steps Number: 115
Battery Left: 65.000000
House Total Dirt: 20
Chosen Step: Stay

******* Step 67 *******
Current Location: (7, 7)
Remaining Steps Number: 114
Battery Left: 64.000000
House Total Dirt: 19
Chosen Step: South

******* Step 68 *******
Current Location: (8, 7)
Remaining Steps Number: 113
Battery Left: 63.000000
House Total Dirt: 19
Chosen Step: South

******* Step 69 *******
Current Location: (9, 7)
Remaining Steps Number: 112
Battery Left: 62.000000
House Total Dirt: 19
Chosen Step: East

******* Step 70 *******
Current Location: (9, 8)
Remaining Steps Number: 111
Battery Left: 61.000000
House Total Dirt: 19
Chosen Step: East

******* Step 71 *******
Current Location: (9, 9)
Remaining Steps Number: 110
Battery Left: 60.000000
House Total Dirt: 19
Chosen Step: North

******* Step 72 *******
Current Location: (8, 9)
Remaining Steps Number: 109
Battery Left: 59.000000
House Total Dirt: 19
Chosen Step: North

******* Step 73 *******
Current Location: (7, 9)
Remaining Steps Number: 108
Battery Left: 58.000000
House Total Dirt: 19
Chosen Step: North

******* Step 74 *******
Current Location: (6, 9)
Remaining Steps Number: 107
Battery Left: 57.000000
House Total Dirt: 19
Chosen Step: South

******* Step 75 *******
Current Location: (7, 9)
Remaining Steps Number: 106
Battery Left: 56.000000
House Total Dirt: 19
Chosen Step: East

******* Step 76 *******
Current Location: (7, 10)
Remaining Steps Number: 105
Battery Left: 55.000000
House Total Dirt: 19
Chosen Step: South

******* Step 77 *******
Current Location: (8, 10)
Remaining Steps Number: 104
Battery Left: 54.000000
House Total Dirt: 19
Chosen Step: Stay

******* Step 78 *******
Current Location: (8, 10)
Remaining Steps Number: 103
Battery Left: 53.000000
House Total Dirt: 18
Chosen Step: Stay

******* Step 79 *******
Current Location: (8, 10)
Remaining Steps Number: 102
Battery Left: 52.000000
House Total Dirt: 17
Chosen Step: Stay

******* Step 80 *******
Current Location: (8, 10)
Remaining Steps Number: 101
Battery Left: 51.000000
House Total Dirt: 16
Chosen Step: Stay

******* Step 81 *******
Current Location: (8, 10)
Remaining Steps Number: 100
Battery Left: 50.000000
House Total Dirt: 15
Chosen Step: Stay

******* Step 82 *******
Current Location: (8, 10)
Remaining Steps Number: 99
Battery Left: 49.000000
House Total Dirt: 14
Chosen Step: West

******* Step 83 *******
Current Location: (8, 9)
Remaining Steps Number: 98
Battery Left: 48.000000
House Total Dirt: 14
Chosen Step: South

******* Step 84 *******
Current Location: (9, 9)
Remaining Steps Number: 97
Battery Left: 47.000000
House Total Dirt: 14
Chosen Step: South

******* Step 85 *******
Current Location: (10, 9)
Remaining Steps Number: 96
Battery Left: 46.000000
House Total Dirt: 14
Chosen Step: East

******* Step 86 *******
Current Location: (10, 10)
Remaining Steps Number: 95
Battery Left: 45.000000
House Total Dirt: 14
Chosen Step: West

******* Step 87 *******
Current Location: (10, 9)
Remaining Steps Number: 94
Battery Left: 44.000000
House Total Dirt: 14
Chosen Step: West

******* Step 88 *******
Current Location: (10, 8)
Remaining Steps Number: 93
Battery Left: 43.000000
House Total Dirt: 14
Chosen Step: West

******* Step 89 *******
Current Location: (10, 7)
Remaining Steps Number: 92
Battery Left: 42.000000
House Total Dirt: 14
Chosen Step: Stay

******* Step 90 *******
Current Location: (10, 7)
Remaining Steps Number: 91
Battery Left: 41.000000
House Total Dirt: 13
Chosen Step: Stay

******* Step 91 *******
Current Location: (10, 7)
Remaining Steps Number: 90
Battery Left: 40.000000
House Total Dirt: 12
Chosen Step: Stay

******* Step 92 *******
Current Location: (10, 7)
Remaining Steps Number: 89
Battery Left: 39.000000
House Total Dirt: 11
Chosen Step: West

******* Step 93 *******
Current Location: (10, 6)
Remaining Steps Number: 88
Battery Left: 38.000000
House Total Dirt: 11
Chosen Step: North

******* Step 94 *******
Current Location: (9, 6)
Remaining Steps Number: 87
Battery Left: 37.000000
House Total Dirt: 11
Chosen Step: North

******* Step 95 *******
Current Location: (8, 6)
Remaining Steps Number: 86
Battery Left: 36.000000
House Total Dirt: 11
Chosen Step: North

******* Step 96 *******
Current Location: (7, 6)
Remaining Steps Number: 85
Battery Left: 35.000000
House Total Dirt: 11
Chosen Step: North

******* Step 97 *******
Current Location: (6, 6)
Remaining Steps Number: 84
Battery Left: 34.000000
House Total Dirt: 11
Chosen Step: North

******* Step 98 *******
Current Location: (5, 6)
Remaining Steps Number: 83
Battery Left: 33.000000
House Total Dirt: 11
Chosen Step: West

******* Step 99 *******
Current Location: (5, 5)
Remaining Steps Number: 82
Battery Left: 32.000000
House Total Dirt: 11
Chosen Step: North

******* Step 100 *******
Current Location: (4, 5)
Remaining Steps Number: 81
Battery Left: 31.000000
House Total Dirt: 11
Chosen Step: West

******* Step 101 *******
Current Location: (4, 4)
Remaining Steps Number: 80
Battery Left: 30.000000
House Total Dirt: 11
Chosen Step: North

******* Step 102 *******
Current Location: (3, 4)
Remaining Steps Number: 79
Battery Left: 29.000000
House Total Dirt: 11
Chosen Step: North

******* Step 103 *******
Current Location: (2, 4)
Remaining Steps Number: 78
Battery Left: 28.000000
House Total Dirt: 11
Chosen Step: North

******* Step 104 *******
Current Location: (1, 4)
Remaining Steps Number: 77
Battery Left: 27.000000
House Total Dirt: 11
Chosen Step: West

******* Step 105 *******
Current Location: (1, 3)
Remaining Steps Number: 76
Battery Left: 26.000000
House Total Dirt: 11
Chosen Step: West

******* Step 106 *******
Current Location: (1, 2)
Remaining Steps Number: 75
Battery Left: 25.000000
House Total Dirt: 11
Chosen Step: South

******* Step 107 *******
Current Location: (2, 2)
Remaining Steps Number: 74
Battery Left: 24.000000
House Total Dirt: 11
Chosen Step: South

******* Step 108 *******
Current Location: (3, 2)
Remaining Steps Number: 73
Battery Left: 23.000000
House Total Dirt: 11
Chosen Step: Stay

******* Step 109 *******
Current Location: (3, 2)
Remaining Steps Number: 72
Battery Left: 22.000000
House Total Dirt: 10
Chosen Step: South

******* Step 110 *******
Current Location: (4, 2)
Remaining Steps Number: 71
Battery Left: 21.000000
House Total Dirt: 10
Chosen Step: South

******* Step 111 *******
Current Location: (5, 2)
Remaining Steps Number: 70
Battery Left: 20.000000
House Total Dirt: 10
Chosen Step: East

******* Step 112 *******
Current Location: (5, 3)
Remaining Steps Number: 69
Battery Left: 19.000000
House Total Dirt: 10
Chosen Step: Stay

******* Step 113 *******
Current Location: (5, 3)
Remaining Steps Number: 68
Battery Left: 18.000000
House Total Dirt: 9
Chosen Step: Stay

******* Step 114 *******
Current Location: (5, 3)
Remaining Steps Number: 67
Battery Left: 17.000000
House Total Dirt: 8
Chosen Step: Stay

******* Step 115 *******
Current Location: (5, 3)
Remaining Steps Number: 66
Battery Left: 16.000000
House Total Dirt: 7
Chosen Step: East

******* Step 116 *******
Current Location: (5, 4)
Remaining Steps Number: 65
Battery Left: 15.000000
House Total Dirt: 7
Chosen Step: South

******* Step 117 *******
Current Location: (6, 4)
Remaining Steps Number: 64
Battery Left: 14.000000
House Total Dirt: 7
Chosen Step: South

******* Step 118 *******
Current Location: (7, 4)
Remaining Steps Number: 63
Battery Left: 13.000000
House Total Dirt: 7
Chosen Step: South

******* Step 119 *******
Current Location: (8, 4)
Remaining Steps Number: 62
Battery Left: 12.000000
House Total Dirt: 7
Chosen Step: South

******* Step 120 *******
Current Location: (9, 4)
Remaining Steps Number: 61
Battery Left: 11.000000
House Total Dirt: 7
Chosen Step: East

******* Step 121 *******
Current Location: (9, 5)
Remaining Steps Number: 60
Battery Left: 10.000000
House Total Dirt: 7
Chosen Step: Stay

******* Step 122 *******
Current Location: (9, 5)
Remaining Steps Number: 59
Battery Left: 9.000000
House Total Dirt: 6
Chosen Step: Stay

******* Step 123 *******
Current Location: (9, 5)
Remaining Steps Number: 58
Battery Left: 8.000000
House Total Dirt: 5
Chosen Step: East

******* Step 124 *******
Current Location: (9, 6)
Remaining Steps Number: 57
Battery Left: 7.000000
House Total Dirt: 5
Chosen Step: North

******* Step 125 *******
Current Location: (8, 6)
Remaining Steps Number: 56
Battery Left: 6.000000
House Total Dirt: 5
Chosen Step: North

******* Step 126 *******
Current Location: (7, 6)
Remaining Steps Number: 55
Battery Left: 5.000000
House Total Dirt: 5
Chosen Step: North

******* Step 127 *******
Current Location: (6, 6)
Remaining Steps Number: 54
Battery Left: 4.000000
House Total Dirt: 5
Chosen Step: North

******* Step 128 *******
Current Location: (5, 6)
Remaining Steps Number: 53
Battery Left: 3.000000
House Total Dirt: 5
Chosen Step: West

******* Step 129 *******
Current Location: (5, 5)
Remaining Steps Number: 52
Battery Left: 2.000000
House Total Dirt: 5
Chosen Step: North

******* Step 130 *******
Current Location: (4, 5)
Remaining Steps Number: 51
Battery Left: 1.000000
House Total Dirt: 5
Chosen Step: North

******* Step 131 *******
Current Location: (3, 5)
Remaining Steps Number: 50
Battery Left: 0.000000
House Total Dirt: 5
Chosen Step: Stay

******* Step 132 *******
Current Location: (3, 5)
Remaining Steps Number: 49
Battery Left: 6.500000
House Total Dirt: 5
Chosen Step: Stay

******* Step 133 *******
Current Location: (3, 5)
Remaining Steps Number: 48
Battery Left: 13.000000
House Total Dirt: 5
Chosen Step: Stay

******* Step 134 *******
Current Location: (3, 5)
Remaining Steps Number: 47
Battery Left: 19.500000
House Total Dirt: 5
Chosen Step: Stay

******* Step 135 *******
Current Location: (3, 5)
Remaining Steps Number: 46
Battery Left: 26.000000
House Total Dirt: 5
Chosen Step: Stay

******* Step 136 *******
Current Location: (3, 5)
Remaining Steps Number: 45
Battery Left: 32.500000
House Total Dirt: 5
Chosen Step: Stay

******* Step 137 *******
Current Location: (3, 5)
Remaining Steps Number: 44
Battery Left: 39.000000
House Total Dirt: 5
Chosen Step: Stay

******* Step 138 *******
Current Location: (3, 5)
Remaining Steps Number: 43
Battery Left: 45.500000
House Total Dirt: 5
Chosen Step: Stay

******* Step 139 *******
Current Location: (3, 5)
Remaining Steps Number: 42
Battery Left: 52.000000
House Total Dirt: 5
Chosen Step: Stay

******* Step 140 *******
Current Location: (3, 5)
Remaining Steps Number: 41
Battery Left: 58.500000
House Total Dirt: 5
Chosen Step: Stay

******* Step 141 *******
Current Location: (3, 5)
Remaining Steps Number: 40
Battery Left: 65.000000
House Total Dirt: 5
Chosen Step: Stay

******* Step 142 *******
Current Location: (3, 5)
Remaining Steps Number: 39
Battery Left: 71.500000
House Total Dirt: 5
Chosen Step: Stay

******* Step 143 *******
Current Location: (3, 5)
Remaining Steps Number: 38
Battery Left: 78.000000
House Total Dirt: 5
Chosen Step: Stay

******* Step 144 *******
Current Location: (3, 5)
Remaining Steps Number: 37
Battery Left: 84.500000
House Total Dirt: 5
Chosen Step: Stay

******* Step 145 *******
Current Location: (3, 5)
Remaining Steps Number: 36
Battery Left: 91.000000
House Total Dirt: 5
Chosen Step: Stay

******* Step 146 *******
Current Location: (3, 5)
Remaining Steps Number: 35
Battery Left: 97.500000
House Total Dirt: 5
Chosen Step: Stay

******* Step 147 *******
Current Location: (3, 5)
Remaining Steps Number: 34
Battery Left: 104.000000
House Total Dirt: 5
Chosen Step: Stay

******* Step 148 *******
Current Location: (3, 5)
Remaining Steps Number: 33
Battery Left: 110.500000
House Total Dirt: 5
Chosen Step: Stay

******* Step 149 *******
Current Location: (3, 5)
Remaining Steps Number: 32
Battery Left: 117.000000
House Total Dirt: 5
Chosen Step: Stay

******* Step 150 *******
Current Location: (3, 5)
Remaining Steps Number: 31
Battery Left: 123.500000
House Total Dirt: 5
Chosen Step: Stay

******* Step 151 *******
Current Location: (3, 5)
Remaining Steps Number: 30
Battery Left: 130.000000
House Total Dirt: 5
Chosen Step: East

******* Step 152 *******
Current Location: (3, 6)
Remaining Steps Number: 29
Battery Left: 129.000000
House Total Dirt: 5
Chosen Step: West

******* Step 153 *******
Current Location: (3, 5)
Remaining Steps Number: 28
Battery Left: 128.000000
House Total Dirt: 5
Chosen Step: North

******* Step 154 *******
Current Location: (2, 5)
Remaining Steps Number: 27
Battery Left: 127.000000
House Total Dirt: 5
Chosen Step: North

******* Step 155 *******
Current Location: (1, 5)
Remaining Steps Number: 26
Battery Left: 126.000000
House Total Dirt: 5
Chosen Step: East

******* Step 156 *******
Current Location: (1, 6)
Remaining Steps Number: 25
Battery Left: 125.000000
House Total Dirt: 5
Chosen Step: East

******* Step 157 *******
Current Location: (1, 7)
Remaining Steps Number: 24
Battery Left: 124.000000
House Total Dirt: 5
Chosen Step: South

******* Step 158 *******
Current Location: (2, 7)
Remaining Steps Number: 23
Battery Left: 123.000000
House Total Dirt: 5
Chosen Step: North

******* Step 159 *******
Current Location: (1, 7)
Remaining Steps Number: 22
Battery Left: 122.000000
House Total Dirt: 5
Chosen Step: West

******* Step 160 *******
Current Location: (1, 6)
Remaining Steps Number: 21
Battery Left: 121.000000
House Total Dirt: 5
Chosen Step: West

******* Step 161 *******
Current Location: (1, 5)
Remaining Steps Number: 20
Battery Left: 120.000000
House Total Dirt: 5
Chosen Step: West

******* Step 162 *******
Current Location: (1, 4)
Remaining Steps Number: 19
Battery Left: 119.000000
House Total Dirt: 5
Chosen Step: West

******* Step 163 *******
Current Location: (1, 3)
Remaining Steps Number: 18
Battery Left: 118.000000
House Total Dirt: 5
Chosen Step: West

******* Step 164 *******
Current Location: (1, 2)
Remaining Steps Number: 17
Battery Left: 117.000000
House Total Dirt: 5
Chosen Step: West

******* Step 165 *******
Current Location: (1, 1)
Remaining Steps Number: 16
Battery Left: 116.000000
House Total Dirt: 5
Chosen Step: South

******* Step 166 *******
Current Location: (2, 1)
Remaining Steps Number: 15
Battery Left: 115.000000
House Total Dirt: 5
Chosen Step: South

******* Step 167 *******
Current Location: (3, 1)
Remaining Steps Number: 14
Battery Left: 114.000000
House Total Dirt: 5
Chosen Step: South

******* Step 168 *******
Current Location: (4, 1)
Remaining Steps Number: 13
Battery Left: 113.000000
House Total Dirt: 5
Chosen Step: South

******* Step 169 *******
Current Location: (5, 1)
Remaining Steps Number: 12
Battery Left: 112.000000
House Total Dirt: 5
Chosen Step: South

******* Step 170 *******
Current Location: (6, 1)
Remaining Steps Number: 11
Battery Left: 111.000000
House Total Dirt: 5
Chosen Step: East

******* Step 171 *******
Current Location: (6, 2)
Remaining Steps Number: 10
Battery Left: 110.000000
House Total Dirt: 5
Chosen Step: East

******* Step 172 *******
Current Location: (6, 3)
Remaining Steps Number: 9
Battery Left: 109.000000
House Total Dirt: 5
Chosen Step: East

******* Step 173 *******
Current Location: (6, 4)
Remaining Steps Number: 8
Battery Left: 108.000000
House Total Dirt: 5
Chosen Step: North

******* Step 174 *******
Current Location: (5, 4)
Remaining Steps Number: 7
Battery Left: 107.000000
House Total Dirt: 5
Chosen Step: East

******* Step 175 *******
Current Location: (5, 5)
Remaining Steps Number: 6
Battery Left: 106.000000
House Total Dirt: 5
Chosen Step: North

******* Step 176 *******
Current Location: (4, 5)
Remaining Steps Number: 5
Battery Left: 105.000000
House Total Dirt: 5
Chosen Step: North

******* Step 177 *******
Current Location: (3, 5)
Remaining Steps Number: 4
Battery Left: 104.000000
House Total Dirt: 5
Chosen Step: Finish
