Docking Station Location: (8, 16)
******* Step 1 *******
Current Location: (8, 16)
Remaining Steps Number: 250
Battery Left: 250.000000
House Total Dirt: 288
Chosen Step: North

******* Step 2 *******
Current Location: (7, 16)
Remaining Steps Number: 249
Battery Left: 249.000000
House Total Dirt: 288
Chosen Step: Stay

******* Step 3 *******
Current Location: (7, 16)
Remaining Steps Number: 248
Battery Left: 248.000000
House Total Dirt: 287
Chosen Step: Stay

******* Step 4 *******
Current Location: (7, 16)
Remaining Steps Number: 247
Battery Left: 247.000000
House Total Dirt: 286
Chosen Step: Stay

******* Step 5 *******
Current Location: (7, 16)
Remaining Steps Number: 246
Battery Left: 246.000000
House Total Dirt: 285
Chosen Step: North

******* Step 6 *******
Current Location: (6, 16)
Remaining Steps Number: 245
Battery Left: 245.000000
House Total Dirt: 285
Chosen Step: North

******* Step 7 *******
Current Location: (5, 16)
Remaining Steps Number: 244
Battery Left: 244.000000
House Total Dirt: 285
Chosen Step: North

******* Step 8 *******
Current Location: (4, 16)
Remaining Steps Number: 243
Battery Left: 243.000000
House Total Dirt: 285
Chosen Step: North

******* Step 9 *******
Current Location: (3, 16)
Remaining Steps Number: 242
Battery Left: 242.000000
House Total Dirt: 285
Chosen Step: North

******* Step 10 *******
Current Location: (2, 16)
Remaining Steps Number: 241
Battery Left: 241.000000
House Total Dirt: 285
Chosen Step: North

******* Step 11 *******
Current Location: (1, 16)
Remaining Steps Number: 240
Battery Left: 240.000000
House Total Dirt: 285
Chosen Step: East

******* Step 12 *******
Current Location: (1, 17)
Remaining Steps Number: 239
Battery Left: 239.000000
House Total Dirt: 285
Chosen Step: Stay

******* Step 13 *******
Current Location: (1, 17)
Remaining Steps Number: 238
Battery Left: 238.000000
House Total Dirt: 284
Chosen Step: Stay

******* Step 14 *******
Current Location: (1, 17)
Remaining Steps Number: 237
Battery Left: 237.000000
House Total Dirt: 283
Chosen Step: Stay

******* Step 15 *******
Current Location: (1, 17)
Remaining Steps Number: 236
Battery Left: 236.000000
House Total Dirt: 282
Chosen Step: Stay

******* Step 16 *******
Current Location: (1, 17)
Remaining Steps Number: 235
Battery Left: 235.000000
House Total Dirt: 281
Chosen Step: East

******* Step 17 *******
Current Location: (1, 18)
Remaining Steps Number: 234
Battery Left: 234.000000
House Total Dirt: 281
Chosen Step: East

******* Step 18 *******
Current Location: (1, 19)
Remaining Steps Number: 233
Battery Left: 233.000000
House Total Dirt: 281
Chosen Step: East

******* Step 19 *******
Current Location: (1, 20)
Remaining Steps Number: 232
Battery Left: 232.000000
House Total Dirt: 281
Chosen Step: East

******* Step 20 *******
Current Location: (1, 21)
Remaining Steps Number: 231
Battery Left: 231.000000
House Total Dirt: 281
Chosen Step: East

******* Step 21 *******
Current Location: (1, 22)
Remaining Steps Number: 230
Battery Left: 230.000000
House Total Dirt: 281
Chosen Step: Stay

******* Step 22 *******
Current Location: (1, 22)
Remaining Steps Number: 229
Battery Left: 229.000000
House Total Dirt: 280
Chosen Step: East

******* Step 23 *******
Current Location: (1, 23)
Remaining Steps Number: 228
Battery Left: 228.000000
House Total Dirt: 280
Chosen Step: East

******* Step 24 *******
Current Location: (1, 24)
Remaining Steps Number: 227
Battery Left: 227.000000
House Total Dirt: 280
Chosen Step: East

******* Step 25 *******
Current Location: (1, 25)
Remaining Steps Number: 226
Battery Left: 226.000000
House Total Dirt: 280
Chosen Step: East

******* Step 26 *******
Current Location: (1, 26)
Remaining Steps Number: 225
Battery Left: 225.000000
House Total Dirt: 280
Chosen Step: Stay

******* Step 27 *******
Current Location: (1, 26)
Remaining Steps Number: 224
Battery Left: 224.000000
House Total Dirt: 279
Chosen Step: Stay

******* Step 28 *******
Current Location: (1, 26)
Remaining Steps Number: 223
Battery Left: 223.000000
House Total Dirt: 278
Chosen Step: East

******* Step 29 *******
Current Location: (1, 27)
Remaining Steps Number: 222
Battery Left: 222.000000
House Total Dirt: 278
Chosen Step: North

******* Step 30 *******
Current Location: (0, 27)
Remaining Steps Number: 221
Battery Left: 221.000000
House Total Dirt: 278
Chosen Step: Stay

******* Step 31 *******
Current Location: (0, 27)
Remaining Steps Number: 220
Battery Left: 220.000000
House Total Dirt: 277
Chosen Step: Stay

******* Step 32 *******
Current Location: (0, 27)
Remaining Steps Number: 219
Battery Left: 219.000000
House Total Dirt: 276
Chosen Step: Stay

******* Step 33 *******
Current Location: (0, 27)
Remaining Steps Number: 218
Battery Left: 218.000000
House Total Dirt: 275
Chosen Step: Stay

******* Step 34 *******
Current Location: (0, 27)
Remaining Steps Number: 217
Battery Left: 217.000000
House Total Dirt: 274
Chosen Step: Stay

******* Step 35 *******
Current Location: (0, 27)
Remaining Steps Number: 216
Battery Left: 216.000000
House Total Dirt: 273
Chosen Step: Stay

******* Step 36 *******
Current Location: (0, 27)
Remaining Steps Number: 215
Battery Left: 215.000000
House Total Dirt: 272
Chosen Step: Stay

******* Step 37 *******
Current Location: (0, 27)
Remaining Steps Number: 214
Battery Left: 214.000000
House Total Dirt: 271
Chosen Step: Stay

******* Step 38 *******
Current Location: (0, 27)
Remaining Steps Number: 213
Battery Left: 213.000000
House Total Dirt: 270
Chosen Step: Stay

******* Step 39 *******
Current Location: (0, 27)
Remaining Steps Number: 212
Battery Left: 212.000000
House Total Dirt: 269
Chosen Step: Stay

******* Step 40 *******
Current Location: (0, 27)
Remaining Steps Number: 211
Battery Left: 211.000000
House Total Dirt: 268
Chosen Step: Stay

******* Step 41 *******
Current Location: (0, 27)
Remaining Steps Number: 210
Battery Left: 210.000000
House Total Dirt: 267
Chosen Step: Stay

******* Step 42 *******
Current Location: (0, 27)
Remaining Steps Number: 209
Battery Left: 209.000000
House Total Dirt: 266
Chosen Step: Stay

******* Step 43 *******
Current Location: (0, 27)
Remaining Steps Number: 208
Battery Left: 208.000000
House Total Dirt: 265
Chosen Step: Stay

******* Step 44 *******
Current Location: (0, 27)
Remaining Steps Number: 207
Battery Left: 207.000000
House Total Dirt: 264
Chosen Step: Stay

******* Step 45 *******
Current Location: (0, 27)
Remaining Steps Number: 206
Battery Left: 206.000000
House Total Dirt: 263
Chosen Step: Stay

******* Step 46 *******
Current Location: (0, 27)
Remaining Steps Number: 205
Battery Left: 205.000000
House Total Dirt: 262
Chosen Step: Stay

******* Step 47 *******
Current Location: (0, 27)
Remaining Steps Number: 204
Battery Left: 204.000000
House Total Dirt: 261
Chosen Step: Stay

******* Step 48 *******
Current Location: (0, 27)
Remaining Steps Number: 203
Battery Left: 203.000000
House Total Dirt: 260
Chosen Step: Stay

******* Step 49 *******
Current Location: (0, 27)
Remaining Steps Number: 202
Battery Left: 202.000000
House Total Dirt: 259
Chosen Step: Stay

******* Step 50 *******
Current Location: (0, 27)
Remaining Steps Number: 201
Battery Left: 201.000000
House Total Dirt: 258
Chosen Step: Stay

******* Step 51 *******
Current Location: (0, 27)
Remaining Steps Number: 200
Battery Left: 200.000000
House Total Dirt: 257
Chosen Step: Stay

******* Step 52 *******
Current Location: (0, 27)
Remaining Steps Number: 199
Battery Left: 199.000000
House Total Dirt: 256
Chosen Step: Stay

******* Step 53 *******
Current Location: (0, 27)
Remaining Steps Number: 198
Battery Left: 198.000000
House Total Dirt: 255
Chosen Step: Stay

******* Step 54 *******
Current Location: (0, 27)
Remaining Steps Number: 197
Battery Left: 197.000000
House Total Dirt: 254
Chosen Step: Stay

******* Step 55 *******
Current Location: (0, 27)
Remaining Steps Number: 196
Battery Left: 196.000000
House Total Dirt: 253
Chosen Step: Stay

******* Step 56 *******
Current Location: (0, 27)
Remaining Steps Number: 195
Battery Left: 195.000000
House Total Dirt: 252
Chosen Step: Stay

******* Step 57 *******
Current Location: (0, 27)
Remaining Steps Number: 194
Battery Left: 194.000000
House Total Dirt: 251
Chosen Step: Stay

******* Step 58 *******
Current Location: (0, 27)
Remaining Steps Number: 193
Battery Left: 193.000000
House Total Dirt: 250
Chosen Step: Stay

******* Step 59 *******
Current Location: (0, 27)
Remaining Steps Number: 192
Battery Left: 192.000000
House Total Dirt: 249
Chosen Step: Stay

******* Step 60 *******
Current Location: (0, 27)
Remaining Steps Number: 191
Battery Left: 191.000000
House Total Dirt: 248
Chosen Step: Stay

******* Step 61 *******
Current Location: (0, 27)
Remaining Steps Number: 190
Battery Left: 190.000000
House Total Dirt: 247
Chosen Step: Stay

******* Step 62 *******
Current Location: (0, 27)
Remaining Steps Number: 189
Battery Left: 189.000000
House Total Dirt: 246
Chosen Step: Stay

******* Step 63 *******
Current Location: (0, 27)
Remaining Steps Number: 188
Battery Left: 188.000000
House Total Dirt: 245
Chosen Step: Stay

******* Step 64 *******
Current Location: (0, 27)
Remaining Steps Number: 187
Battery Left: 187.000000
House Total Dirt: 244
Chosen Step: Stay

******* Step 65 *******
Current Location: (0, 27)
Remaining Steps Number: 186
Battery Left: 186.000000
House Total Dirt: 243
Chosen Step: Stay

******* Step 66 *******
Current Location: (0, 27)
Remaining Steps Number: 185
Battery Left: 185.000000
House Total Dirt: 242
Chosen Step: Stay

******* Step 67 *******
Current Location: (0, 27)
Remaining Steps Number: 184
Battery Left: 184.000000
House Total Dirt: 241
Chosen Step: Stay

******* Step 68 *******
Current Location: (0, 27)
Remaining Steps Number: 183
Battery Left: 183.000000
House Total Dirt: 240
Chosen Step: Stay

******* Step 69 *******
Current Location: (0, 27)
Remaining Steps Number: 182
Battery Left: 182.000000
House Total Dirt: 239
Chosen Step: Stay

******* Step 70 *******
Current Location: (0, 27)
Remaining Steps Number: 181
Battery Left: 181.000000
House Total Dirt: 238
Chosen Step: Stay

******* Step 71 *******
Current Location: (0, 27)
Remaining Steps Number: 180
Battery Left: 180.000000
House Total Dirt: 237
Chosen Step: Stay

******* Step 72 *******
Current Location: (0, 27)
Remaining Steps Number: 179
Battery Left: 179.000000
House Total Dirt: 236
Chosen Step: Stay

******* Step 73 *******
Current Location: (0, 27)
Remaining Steps Number: 178
Battery Left: 178.000000
House Total Dirt: 235
Chosen Step: Stay

******* Step 74 *******
Current Location: (0, 27)
Remaining Steps Number: 177
Battery Left: 177.000000
House Total Dirt: 234
Chosen Step: Stay

******* Step 75 *******
Current Location: (0, 27)
Remaining Steps Number: 176
Battery Left: 176.000000
House Total Dirt: 233
Chosen Step: Stay

******* Step 76 *******
Current Location: (0, 27)
Remaining Steps Number: 175
Battery Left: 175.000000
House Total Dirt: 232
Chosen Step: Stay

******* Step 77 *******
Current Location: (0, 27)
Remaining Steps Number: 174
Battery Left: 174.000000
House Total Dirt: 231
Chosen Step: Stay

******* Step 78 *******
Current Location: (0, 27)
Remaining Steps Number: 173
Battery Left: 173.000000
House Total Dirt: 230
Chosen Step: South

******* Step 79 *******
Current Location: (1, 27)
Remaining Steps Number: 172
Battery Left: 172.000000
House Total Dirt: 230
Chosen Step: East

******* Step 80 *******
Current Location: (1, 28)
Remaining Steps Number: 171
Battery Left: 171.000000
House Total Dirt: 230
Chosen Step: East

******* Step 81 *******
Current Location: (1, 29)
Remaining Steps Number: 170
Battery Left: 170.000000
House Total Dirt: 230
Chosen Step: East

******* Step 82 *******
Current Location: (1, 30)
Remaining Steps Number: 169
Battery Left: 169.000000
House Total Dirt: 230
Chosen Step: East

******* Step 83 *******
Current Location: (1, 31)
Remaining Steps Number: 168
Battery Left: 168.000000
House Total Dirt: 230
Chosen Step: South

******* Step 84 *******
Current Location: (2, 31)
Remaining Steps Number: 167
Battery Left: 167.000000
House Total Dirt: 230
Chosen Step: South

******* Step 85 *******
Current Location: (3, 31)
Remaining Steps Number: 166
Battery Left: 166.000000
House Total Dirt: 230
Chosen Step: South

******* Step 86 *******
Current Location: (4, 31)
Remaining Steps Number: 165
Battery Left: 165.000000
House Total Dirt: 230
Chosen Step: South

******* Step 87 *******
Current Location: (5, 31)
Remaining Steps Number: 164
Battery Left: 164.000000
House Total Dirt: 230
Chosen Step: South

******* Step 88 *******
Current Location: (6, 31)
Remaining Steps Number: 163
Battery Left: 163.000000
House Total Dirt: 230
Chosen Step: South

******* Step 89 *******
Current Location: (7, 31)
Remaining Steps Number: 162
Battery Left: 162.000000
House Total Dirt: 230
Chosen Step: South

******* Step 90 *******
Current Location: (8, 31)
Remaining Steps Number: 161
Battery Left: 161.000000
House Total Dirt: 230
Chosen Step: South

******* Step 91 *******
Current Location: (9, 31)
Remaining Steps Number: 160
Battery Left: 160.000000
House Total Dirt: 230
Chosen Step: South

******* Step 92 *******
Current Location: (10, 31)
Remaining Steps Number: 159
Battery Left: 159.000000
House Total Dirt: 230
Chosen Step: South

******* Step 93 *******
Current Location: (11, 31)
Remaining Steps Number: 158
Battery Left: 158.000000
House Total Dirt: 230
Chosen Step: South

******* Step 94 *******
Current Location: (12, 31)
Remaining Steps Number: 157
Battery Left: 157.000000
House Total Dirt: 230
Chosen Step: South

******* Step 95 *******
Current Location: (13, 31)
Remaining Steps Number: 156
Battery Left: 156.000000
House Total Dirt: 230
Chosen Step: South

******* Step 96 *******
Current Location: (14, 31)
Remaining Steps Number: 155
Battery Left: 155.000000
House Total Dirt: 230
Chosen Step: South

******* Step 97 *******
Current Location: (15, 31)
Remaining Steps Number: 154
Battery Left: 154.000000
House Total Dirt: 230
Chosen Step: South

******* Step 98 *******
Current Location: (16, 31)
Remaining Steps Number: 153
Battery Left: 153.000000
House Total Dirt: 230
Chosen Step: West

******* Step 99 *******
Current Location: (16, 30)
Remaining Steps Number: 152
Battery Left: 152.000000
House Total Dirt: 230
Chosen Step: North

******* Step 100 *******
Current Location: (15, 30)
Remaining Steps Number: 151
Battery Left: 151.000000
House Total Dirt: 230
Chosen Step: North

******* Step 101 *******
Current Location: (14, 30)
Remaining Steps Number: 150
Battery Left: 150.000000
House Total Dirt: 230
Chosen Step: North

******* Step 102 *******
Current Location: (13, 30)
Remaining Steps Number: 149
Battery Left: 149.000000
House Total Dirt: 230
Chosen Step: North

******* Step 103 *******
Current Location: (12, 30)
Remaining Steps Number: 148
Battery Left: 148.000000
House Total Dirt: 230
Chosen Step: North

******* Step 104 *******
Current Location: (11, 30)
Remaining Steps Number: 147
Battery Left: 147.000000
House Total Dirt: 230
Chosen Step: North

******* Step 105 *******
Current Location: (10, 30)
Remaining Steps Number: 146
Battery Left: 146.000000
House Total Dirt: 230
Chosen Step: North

******* Step 106 *******
Current Location: (9, 30)
Remaining Steps Number: 145
Battery Left: 145.000000
House Total Dirt: 230
Chosen Step: North

******* Step 107 *******
Current Location: (8, 30)
Remaining Steps Number: 144
Battery Left: 144.000000
House Total Dirt: 230
Chosen Step: Stay

******* Step 108 *******
Current Location: (8, 30)
Remaining Steps Number: 143
Battery Left: 143.000000
House Total Dirt: 229
Chosen Step: Stay

******* Step 109 *******
Current Location: (8, 30)
Remaining Steps Number: 142
Battery Left: 142.000000
House Total Dirt: 228
Chosen Step: Stay

******* Step 110 *******
Current Location: (8, 30)
Remaining Steps Number: 141
Battery Left: 141.000000
House Total Dirt: 227
Chosen Step: Stay

******* Step 111 *******
Current Location: (8, 30)
Remaining Steps Number: 140
Battery Left: 140.000000
House Total Dirt: 226
Chosen Step: Stay

******* Step 112 *******
Current Location: (8, 30)
Remaining Steps Number: 139
Battery Left: 139.000000
House Total Dirt: 225
Chosen Step: Stay

******* Step 113 *******
Current Location: (8, 30)
Remaining Steps Number: 138
Battery Left: 138.000000
House Total Dirt: 224
Chosen Step: North

******* Step 114 *******
Current Location: (7, 30)
Remaining Steps Number: 137
Battery Left: 137.000000
House Total Dirt: 224
Chosen Step: North

******* Step 115 *******
Current Location: (6, 30)
Remaining Steps Number: 136
Battery Left: 136.000000
House Total Dirt: 224
Chosen Step: North

******* Step 116 *******
Current Location: (5, 30)
Remaining Steps Number: 135
Battery Left: 135.000000
House Total Dirt: 224
Chosen Step: North

******* Step 117 *******
Current Location: (4, 30)
Remaining Steps Number: 134
Battery Left: 134.000000
House Total Dirt: 224
Chosen Step: North

******* Step 118 *******
Current Location: (3, 30)
Remaining Steps Number: 133
Battery Left: 133.000000
House Total Dirt: 224
Chosen Step: North

******* Step 119 *******
Current Location: (2, 30)
Remaining Steps Number: 132
Battery Left: 132.000000
House Total Dirt: 224
Chosen Step: West

******* Step 120 *******
Current Location: (2, 29)
Remaining Steps Number: 131
Battery Left: 131.000000
House Total Dirt: 224
Chosen Step: South

******* Step 121 *******
Current Location: (3, 29)
Remaining Steps Number: 130
Battery Left: 130.000000
House Total Dirt: 224
Chosen Step: South

******* Step 122 *******
Current Location: (4, 29)
Remaining Steps Number: 129
Battery Left: 129.000000
House Total Dirt: 224
Chosen Step: South

******* Step 123 *******
Current Location: (5, 29)
Remaining Steps Number: 128
Battery Left: 128.000000
House Total Dirt: 224
Chosen Step: South

******* Step 124 *******
Current Location: (6, 29)
Remaining Steps Number: 127
Battery Left: 127.000000
House Total Dirt: 224
Chosen Step: South

******* Step 125 *******
Current Location: (7, 29)
Remaining Steps Number: 126
Battery Left: 126.000000
House Total Dirt: 224
Chosen Step: South

******* Step 126 *******
Current Location: (8, 29)
Remaining Steps Number: 125
Battery Left: 125.000000
House Total Dirt: 224
Chosen Step: Stay

******* Step 127 *******
Current Location: (8, 29)
Remaining Steps Number: 124
Battery Left: 124.000000
House Total Dirt: 223
Chosen Step: Stay

******* Step 128 *******
Current Location: (8, 29)
Remaining Steps Number: 123
Battery Left: 123.000000
House Total Dirt: 222
Chosen Step: South

******* Step 129 *******
Current Location: (9, 29)
Remaining Steps Number: 122
Battery Left: 122.000000
House Total Dirt: 222
Chosen Step: South

******* Step 130 *******
Current Location: (10, 29)
Remaining Steps Number: 121
Battery Left: 121.000000
House Total Dirt: 222
Chosen Step: South

******* Step 131 *******
Current Location: (11, 29)
Remaining Steps Number: 120
Battery Left: 120.000000
House Total Dirt: 222
Chosen Step: South

******* Step 132 *******
Current Location: (12, 29)
Remaining Steps Number: 119
Battery Left: 119.000000
House Total Dirt: 222
Chosen Step: Stay

******* Step 133 *******
Current Location: (12, 29)
Remaining Steps Number: 118
Battery Left: 118.000000
House Total Dirt: 221
Chosen Step: South

******* Step 134 *******
Current Location: (13, 29)
Remaining Steps Number: 117
Battery Left: 117.000000
House Total Dirt: 221
Chosen Step: South

******* Step 135 *******
Current Location: (14, 29)
Remaining Steps Number: 116
Battery Left: 116.000000
House Total Dirt: 221
Chosen Step: South

******* Step 136 *******
Current Location: (15, 29)
Remaining Steps Number: 115
Battery Left: 115.000000
House Total Dirt: 221
Chosen Step: South

******* Step 137 *******
Current Location: (16, 29)
Remaining Steps Number: 114
Battery Left: 114.000000
House Total Dirt: 221
Chosen Step: Stay

******* Step 138 *******
Current Location: (16, 29)
Remaining Steps Number: 113
Battery Left: 113.000000
House Total Dirt: 220
Chosen Step: Stay

******* Step 139 *******
Current Location: (16, 29)
Remaining Steps Number: 112
Battery Left: 112.000000
House Total Dirt: 219
Chosen Step: Stay

******* Step 140 *******
Current Location: (16, 29)
Remaining Steps Number: 111
Battery Left: 111.000000
House Total Dirt: 218
Chosen Step: Stay

******* Step 141 *******
Current Location: (16, 29)
Remaining Steps Number: 110
Battery Left: 110.000000
House Total Dirt: 217
Chosen Step: Stay

******* Step 142 *******
Current Location: (16, 29)
Remaining Steps Number: 109
Battery Left: 109.000000
House Total Dirt: 216
Chosen Step: Stay

******* Step 143 *******
Current Location: (16, 29)
Remaining Steps Number: 108
Battery Left: 108.000000
House Total Dirt: 215
Chosen Step: West

******* Step 144 *******
Current Location: (16, 28)
Remaining Steps Number: 107
Battery Left: 107.000000
House Total Dirt: 215
Chosen Step: North

******* Step 145 *******
Current Location: (15, 28)
Remaining Steps Number: 106
Battery Left: 106.000000
House Total Dirt: 215
Chosen Step: North

******* Step 146 *******
Current Location: (14, 28)
Remaining Steps Number: 105
Battery Left: 105.000000
House Total Dirt: 215
Chosen Step: North

******* Step 147 *******
Current Location: (13, 28)
Remaining Steps Number: 104
Battery Left: 104.000000
House Total Dirt: 215
Chosen Step: Stay

******* Step 148 *******
Current Location: (13, 28)
Remaining Steps Number: 103
Battery Left: 103.000000
House Total Dirt: 214
Chosen Step: Stay

******* Step 149 *******
Current Location: (13, 28)
Remaining Steps Number: 102
Battery Left: 102.000000
House Total Dirt: 213
Chosen Step: Stay

******* Step 150 *******
Current Location: (13, 28)
Remaining Steps Number: 101
Battery Left: 101.000000
House Total Dirt: 212
Chosen Step: Stay

******* Step 151 *******
Current Location: (13, 28)
Remaining Steps Number: 100
Battery Left: 100.000000
House Total Dirt: 211
Chosen Step: Stay

******* Step 152 *******
Current Location: (13, 28)
Remaining Steps Number: 99
Battery Left: 99.000000
House Total Dirt: 210
Chosen Step: Stay

******* Step 153 *******
Current Location: (13, 28)
Remaining Steps Number: 98
Battery Left: 98.000000
House Total Dirt: 209
Chosen Step: North

******* Step 154 *******
Current Location: (12, 28)
Remaining Steps Number: 97
Battery Left: 97.000000
House Total Dirt: 209
Chosen Step: North

******* Step 155 *******
Current Location: (11, 28)
Remaining Steps Number: 96
Battery Left: 96.000000
House Total Dirt: 209
Chosen Step: North

******* Step 156 *******
Current Location: (10, 28)
Remaining Steps Number: 95
Battery Left: 95.000000
House Total Dirt: 209
Chosen Step: North

******* Step 157 *******
Current Location: (9, 28)
Remaining Steps Number: 94
Battery Left: 94.000000
House Total Dirt: 209
Chosen Step: North

******* Step 158 *******
Current Location: (8, 28)
Remaining Steps Number: 93
Battery Left: 93.000000
House Total Dirt: 209
Chosen Step: North

******* Step 159 *******
Current Location: (7, 28)
Remaining Steps Number: 92
Battery Left: 92.000000
House Total Dirt: 209
Chosen Step: Stay

******* Step 160 *******
Current Location: (7, 28)
Remaining Steps Number: 91
Battery Left: 91.000000
House Total Dirt: 208
Chosen Step: Stay

******* Step 161 *******
Current Location: (7, 28)
Remaining Steps Number: 90
Battery Left: 90.000000
House Total Dirt: 207
Chosen Step: Stay

******* Step 162 *******
Current Location: (7, 28)
Remaining Steps Number: 89
Battery Left: 89.000000
House Total Dirt: 206
Chosen Step: Stay

******* Step 163 *******
Current Location: (7, 28)
Remaining Steps Number: 88
Battery Left: 88.000000
House Total Dirt: 205
Chosen Step: North

******* Step 164 *******
Current Location: (6, 28)
Remaining Steps Number: 87
Battery Left: 87.000000
House Total Dirt: 205
Chosen Step: North

******* Step 165 *******
Current Location: (5, 28)
Remaining Steps Number: 86
Battery Left: 86.000000
House Total Dirt: 205
Chosen Step: North

******* Step 166 *******
Current Location: (4, 28)
Remaining Steps Number: 85
Battery Left: 85.000000
House Total Dirt: 205
Chosen Step: North

******* Step 167 *******
Current Location: (3, 28)
Remaining Steps Number: 84
Battery Left: 84.000000
House Total Dirt: 205
Chosen Step: North

******* Step 168 *******
Current Location: (2, 28)
Remaining Steps Number: 83
Battery Left: 83.000000
House Total Dirt: 205
Chosen Step: West

******* Step 169 *******
Current Location: (2, 27)
Remaining Steps Number: 82
Battery Left: 82.000000
House Total Dirt: 205
Chosen Step: South

******* Step 170 *******
Current Location: (3, 27)
Remaining Steps Number: 81
Battery Left: 81.000000
House Total Dirt: 205
Chosen Step: South

******* Step 171 *******
Current Location: (4, 27)
Remaining Steps Number: 80
Battery Left: 80.000000
House Total Dirt: 205
Chosen Step: South

******* Step 172 *******
Current Location: (5, 27)
Remaining Steps Number: 79
Battery Left: 79.000000
House Total Dirt: 205
Chosen Step: South

******* Step 173 *******
Current Location: (6, 27)
Remaining Steps Number: 78
Battery Left: 78.000000
House Total Dirt: 205
Chosen Step: South

******* Step 174 *******
Current Location: (7, 27)
Remaining Steps Number: 77
Battery Left: 77.000000
House Total Dirt: 205
Chosen Step: South

******* Step 175 *******
Current Location: (8, 27)
Remaining Steps Number: 76
Battery Left: 76.000000
House Total Dirt: 205
Chosen Step: South

******* Step 176 *******
Current Location: (9, 27)
Remaining Steps Number: 75
Battery Left: 75.000000
House Total Dirt: 205
Chosen Step: South

******* Step 177 *******
Current Location: (10, 27)
Remaining Steps Number: 74
Battery Left: 74.000000
House Total Dirt: 205
Chosen Step: South

******* Step 178 *******
Current Location: (11, 27)
Remaining Steps Number: 73
Battery Left: 73.000000
House Total Dirt: 205
Chosen Step: South

******* Step 179 *******
Current Location: (12, 27)
Remaining Steps Number: 72
Battery Left: 72.000000
House Total Dirt: 205
Chosen Step: South

******* Step 180 *******
Current Location: (13, 27)
Remaining Steps Number: 71
Battery Left: 71.000000
House Total Dirt: 205
Chosen Step: South

******* Step 181 *******
Current Location: (14, 27)
Remaining Steps Number: 70
Battery Left: 70.000000
House Total Dirt: 205
Chosen Step: South

******* Step 182 *******
Current Location: (15, 27)
Remaining Steps Number: 69
Battery Left: 69.000000
House Total Dirt: 205
Chosen Step: Stay

******* Step 183 *******
Current Location: (15, 27)
Remaining Steps Number: 68
Battery Left: 68.000000
House Total Dirt: 204
Chosen Step: South

******* Step 184 *******
Current Location: (16, 27)
Remaining Steps Number: 67
Battery Left: 67.000000
House Total Dirt: 204
Chosen Step: West

******* Step 185 *******
Current Location: (16, 26)
Remaining Steps Number: 66
Battery Left: 66.000000
House Total Dirt: 204
Chosen Step: North

******* Step 186 *******
Current Location: (15, 26)
Remaining Steps Number: 65
Battery Left: 65.000000
House Total Dirt: 204
Chosen Step: North

******* Step 187 *******
Current Location: (14, 26)
Remaining Steps Number: 64
Battery Left: 64.000000
House Total Dirt: 204
Chosen Step: North

******* Step 188 *******
Current Location: (13, 26)
Remaining Steps Number: 63
Battery Left: 63.000000
House Total Dirt: 204
Chosen Step: North

******* Step 189 *******
Current Location: (12, 26)
Remaining Steps Number: 62
Battery Left: 62.000000
House Total Dirt: 204
Chosen Step: North

******* Step 190 *******
Current Location: (11, 26)
Remaining Steps Number: 61
Battery Left: 61.000000
House Total Dirt: 204
Chosen Step: Stay

******* Step 191 *******
Current Location: (11, 26)
Remaining Steps Number: 60
Battery Left: 60.000000
House Total Dirt: 203
Chosen Step: North

******* Step 192 *******
Current Location: (10, 26)
Remaining Steps Number: 59
Battery Left: 59.000000
House Total Dirt: 203
Chosen Step: North

******* Step 193 *******
Current Location: (9, 26)
Remaining Steps Number: 58
Battery Left: 58.000000
House Total Dirt: 203
Chosen Step: North

******* Step 194 *******
Current Location: (8, 26)
Remaining Steps Number: 57
Battery Left: 57.000000
House Total Dirt: 203
Chosen Step: North

******* Step 195 *******
Current Location: (7, 26)
Remaining Steps Number: 56
Battery Left: 56.000000
House Total Dirt: 203
Chosen Step: North

******* Step 196 *******
Current Location: (6, 26)
Remaining Steps Number: 55
Battery Left: 55.000000
House Total Dirt: 203
Chosen Step: North

******* Step 197 *******
Current Location: (5, 26)
Remaining Steps Number: 54
Battery Left: 54.000000
House Total Dirt: 203
Chosen Step: North

******* Step 198 *******
Current Location: (4, 26)
Remaining Steps Number: 53
Battery Left: 53.000000
House Total Dirt: 203
Chosen Step: North

******* Step 199 *******
Current Location: (3, 26)
Remaining Steps Number: 52
Battery Left: 52.000000
House Total Dirt: 203
Chosen Step: Stay

******* Step 200 *******
Current Location: (3, 26)
Remaining Steps Number: 51
Battery Left: 51.000000
House Total Dirt: 202
Chosen Step: Stay

******* Step 201 *******
Current Location: (3, 26)
Remaining Steps Number: 50
Battery Left: 50.000000
House Total Dirt: 201
Chosen Step: North

******* Step 202 *******
Current Location: (2, 26)
Remaining Steps Number: 49
Battery Left: 49.000000
House Total Dirt: 201
Chosen Step: West

******* Step 203 *******
Current Location: (2, 25)
Remaining Steps Number: 48
Battery Left: 48.000000
House Total Dirt: 201
Chosen Step: South

******* Step 204 *******
Current Location: (3, 25)
Remaining Steps Number: 47
Battery Left: 47.000000
House Total Dirt: 201
Chosen Step: South

******* Step 205 *******
Current Location: (4, 25)
Remaining Steps Number: 46
Battery Left: 46.000000
House Total Dirt: 201
Chosen Step: South

******* Step 206 *******
Current Location: (5, 25)
Remaining Steps Number: 45
Battery Left: 45.000000
House Total Dirt: 201
Chosen Step: Stay

******* Step 207 *******
Current Location: (5, 25)
Remaining Steps Number: 44
Battery Left: 44.000000
House Total Dirt: 200
Chosen Step: Stay

******* Step 208 *******
Current Location: (5, 25)
Remaining Steps Number: 43
Battery Left: 43.000000
House Total Dirt: 199
Chosen Step: Stay

******* Step 209 *******
Current Location: (5, 25)
Remaining Steps Number: 42
Battery Left: 42.000000
House Total Dirt: 198
Chosen Step: Stay

******* Step 210 *******
Current Location: (5, 25)
Remaining Steps Number: 41
Battery Left: 41.000000
House Total Dirt: 197
Chosen Step: South

******* Step 211 *******
Current Location: (6, 25)
Remaining Steps Number: 40
Battery Left: 40.000000
House Total Dirt: 197
Chosen Step: South

******* Step 212 *******
Current Location: (7, 25)
Remaining Steps Number: 39
Battery Left: 39.000000
House Total Dirt: 197
Chosen Step: South

******* Step 213 *******
Current Location: (8, 25)
Remaining Steps Number: 38
Battery Left: 38.000000
House Total Dirt: 197
Chosen Step: South

******* Step 214 *******
Current Location: (9, 25)
Remaining Steps Number: 37
Battery Left: 37.000000
House Total Dirt: 197
Chosen Step: South

******* Step 215 *******
Current Location: (10, 25)
Remaining Steps Number: 36
Battery Left: 36.000000
House Total Dirt: 197
Chosen Step: South

******* Step 216 *******
Current Location: (11, 25)
Remaining Steps Number: 35
Battery Left: 35.000000
House Total Dirt: 197
Chosen Step: South

******* Step 217 *******
Current Location: (12, 25)
Remaining Steps Number: 34
Battery Left: 34.000000
House Total Dirt: 197
Chosen Step: South

******* Step 218 *******
Current Location: (13, 25)
Remaining Steps Number: 33
Battery Left: 33.000000
House Total Dirt: 197
Chosen Step: South

******* Step 219 *******
Current Location: (14, 25)
Remaining Steps Number: 32
Battery Left: 32.000000
House Total Dirt: 197
Chosen Step: South

******* Step 220 *******
Current Location: (15, 25)
Remaining Steps Number: 31
Battery Left: 31.000000
House Total Dirt: 197
Chosen Step: South

******* Step 221 *******
Current Location: (16, 25)
Remaining Steps Number: 30
Battery Left: 30.000000
House Total Dirt: 197
Chosen Step: West

******* Step 222 *******
Current Location: (16, 24)
Remaining Steps Number: 29
Battery Left: 29.000000
House Total Dirt: 197
Chosen Step: North

******* Step 223 *******
Current Location: (15, 24)
Remaining Steps Number: 28
Battery Left: 28.000000
House Total Dirt: 197
Chosen Step: North

******* Step 224 *******
Current Location: (14, 24)
Remaining Steps Number: 27
Battery Left: 27.000000
House Total Dirt: 197
Chosen Step: North

******* Step 225 *******
Current Location: (13, 24)
Remaining Steps Number: 26
Battery Left: 26.000000
House Total Dirt: 197
Chosen Step: North

******* Step 226 *******
Current Location: (12, 24)
Remaining Steps Number: 25
Battery Left: 25.000000
House Total Dirt: 197
Chosen Step: North

******* Step 227 *******
Current Location: (11, 24)
Remaining Steps Number: 24
Battery Left: 24.000000
House Total Dirt: 197
Chosen Step: North

******* Step 228 *******
Current Location: (10, 24)
Remaining Steps Number: 23
Battery Left: 23.000000
House Total Dirt: 197
Chosen Step: North

******* Step 229 *******
Current Location: (9, 24)
Remaining Steps Number: 22
Battery Left: 22.000000
House Total Dirt: 197
Chosen Step: North

******* Step 230 *******
Current Location: (8, 24)
Remaining Steps Number: 21
Battery Left: 21.000000
House Total Dirt: 197
Chosen Step: North

******* Step 231 *******
Current Location: (7, 24)
Remaining Steps Number: 20
Battery Left: 20.000000
House Total Dirt: 197
Chosen Step: North

******* Step 232 *******
Current Location: (6, 24)
Remaining Steps Number: 19
Battery Left: 19.000000
House Total Dirt: 197
Chosen Step: North

******* Step 233 *******
Current Location: (5, 24)
Remaining Steps Number: 18
Battery Left: 18.000000
House Total Dirt: 197
Chosen Step: North

******* Step 234 *******
Current Location: (4, 24)
Remaining Steps Number: 17
Battery Left: 17.000000
House Total Dirt: 197
Chosen Step: North

******* Step 235 *******
Current Location: (3, 24)
Remaining Steps Number: 16
Battery Left: 16.000000
House Total Dirt: 197
Chosen Step: North

******* Step 236 *******
Current Location: (2, 24)
Remaining Steps Number: 15
Battery Left: 15.000000
House Total Dirt: 197
Chosen Step: West

******* Step 237 *******
Current Location: (2, 23)
Remaining Steps Number: 14
Battery Left: 14.000000
House Total Dirt: 197
Chosen Step: West

******* Step 238 *******
Current Location: (2, 22)
Remaining Steps Number: 13
Battery Left: 13.000000
House Total Dirt: 197
Chosen Step: West

******* Step 239 *******
Current Location: (2, 21)
Remaining Steps Number: 12
Battery Left: 12.000000
House Total Dirt: 197
Chosen Step: West

******* Step 240 *******
Current Location: (2, 20)
Remaining Steps Number: 11
Battery Left: 11.000000
House Total Dirt: 197
Chosen Step: West

******* Step 241 *******
Current Location: (2, 19)
Remaining Steps Number: 10
Battery Left: 10.000000
House Total Dirt: 197
Chosen Step: West

******* Step 242 *******
Current Location: (2, 18)
Remaining Steps Number: 9
Battery Left: 9.000000
House Total Dirt: 197
Chosen Step: South

******* Step 243 *******
Current Location: (3, 18)
Remaining Steps Number: 8
Battery Left: 8.000000
House Total Dirt: 197
Chosen Step: South

******* Step 244 *******
Current Location: (4, 18)
Remaining Steps Number: 7
Battery Left: 7.000000
House Total Dirt: 197
Chosen Step: South

******* Step 245 *******
Current Location: (5, 18)
Remaining Steps Number: 6
Battery Left: 6.000000
House Total Dirt: 197
Chosen Step: South

******* Step 246 *******
Current Location: (6, 18)
Remaining Steps Number: 5
Battery Left: 5.000000
House Total Dirt: 197
Chosen Step: Stay

******* Step 247 *******
Current Location: (6, 18)
Remaining Steps Number: 4
Battery Left: 4.000000
House Total Dirt: 196
Chosen Step: West

******* Step 248 *******
Current Location: (6, 17)
Remaining Steps Number: 3
Battery Left: 3.000000
House Total Dirt: 196
Chosen Step: West

******* Step 249 *******
Current Location: (6, 16)
Remaining Steps Number: 2
Battery Left: 2.000000
House Total Dirt: 196
Chosen Step: South

******* Step 250 *******
Current Location: (7, 16)
Remaining Steps Number: 1
Battery Left: 1.000000
House Total Dirt: 196
Chosen Step: South

******* Step 251 *******
Current Location: (8, 16)
Remaining Steps Number: 0
Battery Left: 0.000000
House Total Dirt: 196
Chosen Step: Finish
