Docking Station Location: (4, 8)
******* Step 1 *******
Current Location: (4, 8)
Remaining Steps Number: 200
Battery Left: 50.000000
House Total Dirt: 0
Chosen Step: East

******* Step 2 *******
Current Location: (4, 9)
Remaining Steps Number: 199
Battery Left: 49.000000
House Total Dirt: 0
Chosen Step: South

******* Step 3 *******
Current Location: (5, 9)
Remaining Steps Number: 198
Battery Left: 48.000000
House Total Dirt: 0
Chosen Step: East

******* Step 4 *******
Current Location: (5, 10)
Remaining Steps Number: 197
Battery Left: 47.000000
House Total Dirt: 0
Chosen Step: East

******* Step 5 *******
Current Location: (5, 11)
Remaining Steps Number: 196
Battery Left: 46.000000
House Total Dirt: 0
Chosen Step: East

******* Step 6 *******
Current Location: (5, 12)
Remaining Steps Number: 195
Battery Left: 45.000000
House Total Dirt: 0
Chosen Step: South

******* Step 7 *******
Current Location: (6, 12)
Remaining Steps Number: 194
Battery Left: 44.000000
House Total Dirt: 0
Chosen Step: South

******* Step 8 *******
Current Location: (7, 12)
Remaining Steps Number: 193
Battery Left: 43.000000
House Total Dirt: 0
Chosen Step: East

******* Step 9 *******
Current Location: (7, 13)
Remaining Steps Number: 192
Battery Left: 42.000000
House Total Dirt: 0
Chosen Step: East

******* Step 10 *******
Current Location: (7, 14)
Remaining Steps Number: 191
Battery Left: 41.000000
House Total Dirt: 0
Chosen Step: North

******* Step 11 *******
Current Location: (6, 14)
Remaining Steps Number: 190
Battery Left: 40.000000
House Total Dirt: 0
Chosen Step: North

******* Step 12 *******
Current Location: (5, 14)
Remaining Steps Number: 189
Battery Left: 39.000000
House Total Dirt: 0
Chosen Step: North

******* Step 13 *******
Current Location: (4, 14)
Remaining Steps Number: 188
Battery Left: 38.000000
House Total Dirt: 0
Chosen Step: East

******* Step 14 *******
Current Location: (4, 15)
Remaining Steps Number: 187
Battery Left: 37.000000
House Total Dirt: 0
Chosen Step: South

******* Step 15 *******
Current Location: (5, 15)
Remaining Steps Number: 186
Battery Left: 36.000000
House Total Dirt: 0
Chosen Step: East

******* Step 16 *******
Current Location: (5, 16)
Remaining Steps Number: 185
Battery Left: 35.000000
House Total Dirt: 0
Chosen Step: East

******* Step 17 *******
Current Location: (5, 17)
Remaining Steps Number: 184
Battery Left: 34.000000
House Total Dirt: 0
Chosen Step: North

******* Step 18 *******
Current Location: (4, 17)
Remaining Steps Number: 183
Battery Left: 33.000000
House Total Dirt: 0
Chosen Step: West

******* Step 19 *******
Current Location: (4, 16)
Remaining Steps Number: 182
Battery Left: 32.000000
House Total Dirt: 0
Chosen Step: North

******* Step 20 *******
Current Location: (3, 16)
Remaining Steps Number: 181
Battery Left: 31.000000
House Total Dirt: 0
Chosen Step: West

******* Step 21 *******
Current Location: (3, 15)
Remaining Steps Number: 180
Battery Left: 30.000000
House Total Dirt: 0
Chosen Step: West

******* Step 22 *******
Current Location: (3, 14)
Remaining Steps Number: 179
Battery Left: 29.000000
House Total Dirt: 0
Chosen Step: North

******* Step 23 *******
Current Location: (2, 14)
Remaining Steps Number: 178
Battery Left: 28.000000
House Total Dirt: 0
Chosen Step: North

******* Step 24 *******
Current Location: (1, 14)
Remaining Steps Number: 177
Battery Left: 27.000000
House Total Dirt: 0
Chosen Step: East

******* Step 25 *******
Current Location: (1, 15)
Remaining Steps Number: 176
Battery Left: 26.000000
House Total Dirt: 0
Chosen Step: East

******* Step 26 *******
Current Location: (1, 16)
Remaining Steps Number: 175
Battery Left: 25.000000
House Total Dirt: 0
Chosen Step: South

******* Step 27 *******
Current Location: (2, 16)
Remaining Steps Number: 174
Battery Left: 24.000000
House Total Dirt: 0
Chosen Step: East

******* Step 28 *******
Current Location: (2, 17)
Remaining Steps Number: 173
Battery Left: 23.000000
House Total Dirt: 0
Chosen Step: South

******* Step 29 *******
Current Location: (3, 17)
Remaining Steps Number: 172
Battery Left: 22.000000
House Total Dirt: 0
