Docking Station Location: (1, 2)
******* Step 1 *******
Current Location: (1, 2)
Remaining Steps Number: 100
Battery Left: 20.000000
House Total Dirt: 36
Chosen Step: South

******* Step 2 *******
Current Location: (2, 2)
Remaining Steps Number: 99
Battery Left: 19.000000
House Total Dirt: 36
Chosen Step: Stay

******* Step 3 *******
Current Location: (2, 2)
Remaining Steps Number: 98
Battery Left: 18.000000
House Total Dirt: 35
Chosen Step: East

******* Step 4 *******
Current Location: (2, 3)
Remaining Steps Number: 97
Battery Left: 17.000000
House Total Dirt: 35
Chosen Step: Stay

******* Step 5 *******
Current Location: (2, 3)
Remaining Steps Number: 96
Battery Left: 16.000000
House Total Dirt: 34
Chosen Step: Stay

******* Step 6 *******
Current Location: (2, 3)
Remaining Steps Number: 95
Battery Left: 15.000000
House Total Dirt: 33
Chosen Step: North

******* Step 7 *******
Current Location: (1, 3)
Remaining Steps Number: 94
Battery Left: 14.000000
House Total Dirt: 33
Chosen Step: East

******* Step 8 *******
Current Location: (1, 4)
Remaining Steps Number: 93
Battery Left: 13.000000
House Total Dirt: 33
Chosen Step: North

******* Step 9 *******
Current Location: (0, 4)
Remaining Steps Number: 92
Battery Left: 12.000000
House Total Dirt: 33
Chosen Step: East

******* Step 10 *******
Current Location: (0, 5)
Remaining Steps Number: 91
Battery Left: 11.000000
House Total Dirt: 33
Chosen Step: East

******* Step 11 *******
Current Location: (0, 6)
Remaining Steps Number: 90
Battery Left: 10.000000
House Total Dirt: 33
