Docking Station Location: (0, 1)
******* Step 1 *******
Current Location: (0, 1)
Remaining Steps Number: 10
Battery Left: 15.000000
House Total Dirt: 3
Chosen Step: South

******* Step 2 *******
Current Location: (1, 1)
Remaining Steps Number: 9
Battery Left: 14.000000
House Total Dirt: 3
Chosen Step: Stay

******* Step 3 *******
Current Location: (1, 1)
Remaining Steps Number: 8
Battery Left: 13.000000
House Total Dirt: 2
Chosen Step: Stay

******* Step 4 *******
Current Location: (1, 1)
Remaining Steps Number: 7
Battery Left: 12.000000
House Total Dirt: 1
Chosen Step: West

******* Step 5 *******
Current Location: (1, 0)
Remaining Steps Number: 6
Battery Left: 11.000000
House Total Dirt: 1
Chosen Step: Stay

******* Step 6 *******
Current Location: (1, 0)
Remaining Steps Number: 5
Battery Left: 10.000000
House Total Dirt: 0
Chosen Step: East

******* Step 7 *******
Current Location: (1, 1)
Remaining Steps Number: 4
Battery Left: 9.000000
House Total Dirt: 0
Chosen Step: North

******* Step 8 *******
Current Location: (0, 1)
Remaining Steps Number: 3
Battery Left: 8.000000
House Total Dirt: 0
Chosen Step: Finish
