Docking Station Location: (3, 5)
******* Step 1 *******
Current Location: (3, 5)
Remaining Steps Number: 180
Battery Left: 130.000000
House Total Dirt: 41
Chosen Step: North

******* Step 2 *******
Current Location: (2, 5)
Remaining Steps Number: 179
Battery Left: 129.000000
House Total Dirt: 41
Chosen Step: North

******* Step 3 *******
Current Location: (1, 5)
Remaining Steps Number: 178
Battery Left: 128.000000
House Total Dirt: 41
Chosen Step: Stay

******* Step 4 *******
Current Location: (1, 5)
Remaining Steps Number: 177
Battery Left: 127.000000
House Total Dirt: 40
Chosen Step: East

******* Step 5 *******
Current Location: (1, 6)
Remaining Steps Number: 176
Battery Left: 126.000000
House Total Dirt: 40
Chosen Step: East

******* Step 6 *******
Current Location: (1, 7)
Remaining Steps Number: 175
Battery Left: 125.000000
House Total Dirt: 40
Chosen Step: South

******* Step 7 *******
Current Location: (2, 7)
Remaining Steps Number: 174
Battery Left: 124.000000
House Total Dirt: 40
Chosen Step: East

******* Step 8 *******
Current Location: (2, 8)
Remaining Steps Number: 173
Battery Left: 123.000000
House Total Dirt: 40
Chosen Step: Stay

******* Step 9 *******
Current Location: (2, 8)
Remaining Steps Number: 172
Battery Left: 122.000000
House Total Dirt: 39
Chosen Step: Stay

******* Step 10 *******
Current Location: (2, 8)
Remaining Steps Number: 171
Battery Left: 121.000000
House Total Dirt: 38
Chosen Step: Stay

******* Step 11 *******
Current Location: (2, 8)
Remaining Steps Number: 170
Battery Left: 120.000000
House Total Dirt: 37
Chosen Step: East

******* Step 12 *******
Current Location: (2, 9)
Remaining Steps Number: 169
Battery Left: 119.000000
House Total Dirt: 37
Chosen Step: North

******* Step 13 *******
Current Location: (1, 9)
Remaining Steps Number: 168
Battery Left: 118.000000
House Total Dirt: 37
Chosen Step: West

******* Step 14 *******
Current Location: (1, 8)
Remaining Steps Number: 167
Battery Left: 117.000000
House Total Dirt: 37
Chosen Step: East

******* Step 15 *******
Current Location: (1, 9)
Remaining Steps Number: 166
Battery Left: 116.000000
House Total Dirt: 37
Chosen Step: East

******* Step 16 *******
Current Location: (1, 10)
Remaining Steps Number: 165
Battery Left: 115.000000
House Total Dirt: 37
Chosen Step: East

******* Step 17 *******
Current Location: (1, 11)
Remaining Steps Number: 164
Battery Left: 114.000000
House Total Dirt: 37
Chosen Step: Stay

******* Step 18 *******
Current Location: (1, 11)
Remaining Steps Number: 163
Battery Left: 113.000000
House Total Dirt: 36
Chosen Step: Stay

******* Step 19 *******
Current Location: (1, 11)
Remaining Steps Number: 162
Battery Left: 112.000000
House Total Dirt: 35
Chosen Step: South

******* Step 20 *******
Current Location: (2, 11)
Remaining Steps Number: 161
Battery Left: 111.000000
House Total Dirt: 35
