Docking Station Location: (5, 8)
******* Step 1 *******
Current Location: (5, 8)
Remaining Steps Number: 220
Battery Left: 150.000000
House Total Dirt: 52
Chosen Step: North

******* Step 2 *******
Current Location: (4, 8)
Remaining Steps Number: 219
Battery Left: 149.000000
House Total Dirt: 52
Chosen Step: East

******* Step 3 *******
Current Location: (4, 9)
Remaining Steps Number: 218
Battery Left: 148.000000
House Total Dirt: 52
Chosen Step: South

******* Step 4 *******
Current Location: (5, 9)
Remaining Steps Number: 217
Battery Left: 147.000000
House Total Dirt: 52
Chosen Step: East

******* Step 5 *******
Current Location: (5, 10)
Remaining Steps Number: 216
Battery Left: 146.000000
House Total Dirt: 52
Chosen Step: East

******* Step 6 *******
Current Location: (5, 11)
Remaining Steps Number: 215
Battery Left: 145.000000
House Total Dirt: 52
Chosen Step: Stay

******* Step 7 *******
Current Location: (5, 11)
Remaining Steps Number: 214
Battery Left: 144.000000
House Total Dirt: 51
Chosen Step: East

******* Step 8 *******
Current Location: (5, 12)
Remaining Steps Number: 213
Battery Left: 143.000000
House Total Dirt: 51
Chosen Step: North

******* Step 9 *******
Current Location: (4, 12)
Remaining Steps Number: 212
Battery Left: 142.000000
House Total Dirt: 51
Chosen Step: North

******* Step 10 *******
Current Location: (3, 12)
Remaining Steps Number: 211
Battery Left: 141.000000
House Total Dirt: 51
Chosen Step: North

******* Step 11 *******
Current Location: (2, 12)
Remaining Steps Number: 210
Battery Left: 140.000000
House Total Dirt: 51
Chosen Step: West

******* Step 12 *******
Current Location: (2, 11)
Remaining Steps Number: 209
Battery Left: 139.000000
House Total Dirt: 51
Chosen Step: North

******* Step 13 *******
Current Location: (1, 11)
Remaining Steps Number: 208
Battery Left: 138.000000
House Total Dirt: 51
Chosen Step: West

******* Step 14 *******
Current Location: (1, 10)
Remaining Steps Number: 207
Battery Left: 137.000000
House Total Dirt: 51
Chosen Step: West

******* Step 15 *******
Current Location: (1, 9)
Remaining Steps Number: 206
Battery Left: 136.000000
House Total Dirt: 51
Chosen Step: Stay

******* Step 16 *******
Current Location: (1, 9)
Remaining Steps Number: 205
Battery Left: 135.000000
House Total Dirt: 50
Chosen Step: Stay

******* Step 17 *******
Current Location: (1, 9)
Remaining Steps Number: 204
Battery Left: 134.000000
House Total Dirt: 49
Chosen Step: South

******* Step 18 *******
Current Location: (2, 9)
Remaining Steps Number: 203
Battery Left: 133.000000
House Total Dirt: 49
Chosen Step: West

******* Step 19 *******
Current Location: (2, 8)
Remaining Steps Number: 202
Battery Left: 132.000000
House Total Dirt: 49
Chosen Step: North

******* Step 20 *******
Current Location: (1, 8)
Remaining Steps Number: 201
Battery Left: 131.000000
House Total Dirt: 49
Chosen Step: West

******* Step 21 *******
Current Location: (1, 7)
Remaining Steps Number: 200
Battery Left: 130.000000
House Total Dirt: 49
Chosen Step: West

******* Step 22 *******
Current Location: (1, 6)
Remaining Steps Number: 199
Battery Left: 129.000000
House Total Dirt: 49
Chosen Step: South

******* Step 23 *******
Current Location: (2, 6)
Remaining Steps Number: 198
Battery Left: 128.000000
House Total Dirt: 49
Chosen Step: West

******* Step 24 *******
Current Location: (2, 5)
Remaining Steps Number: 197
Battery Left: 127.000000
House Total Dirt: 49
Chosen Step: North

******* Step 25 *******
Current Location: (1, 5)
Remaining Steps Number: 196
Battery Left: 126.000000
House Total Dirt: 49
Chosen Step: West

******* Step 26 *******
Current Location: (1, 4)
Remaining Steps Number: 195
Battery Left: 125.000000
House Total Dirt: 49
Chosen Step: West

******* Step 27 *******
Current Location: (1, 3)
Remaining Steps Number: 194
Battery Left: 124.000000
House Total Dirt: 49
Chosen Step: West

******* Step 28 *******
Current Location: (1, 2)
Remaining Steps Number: 193
Battery Left: 123.000000
House Total Dirt: 49
Chosen Step: Stay

******* Step 29 *******
Current Location: (1, 2)
Remaining Steps Number: 192
Battery Left: 122.000000
House Total Dirt: 48
Chosen Step: West

******* Step 30 *******
Current Location: (1, 1)
Remaining Steps Number: 191
Battery Left: 121.000000
House Total Dirt: 48
Chosen Step: South

******* Step 31 *******
Current Location: (2, 1)
Remaining Steps Number: 190
Battery Left: 120.000000
House Total Dirt: 48
Chosen Step: South

******* Step 32 *******
Current Location: (3, 1)
Remaining Steps Number: 189
Battery Left: 119.000000
House Total Dirt: 48
Chosen Step: South

******* Step 33 *******
Current Location: (4, 1)
Remaining Steps Number: 188
Battery Left: 118.000000
House Total Dirt: 48
Chosen Step: East

******* Step 34 *******
Current Location: (4, 2)
Remaining Steps Number: 187
Battery Left: 117.000000
House Total Dirt: 48
Chosen Step: North

******* Step 35 *******
Current Location: (3, 2)
Remaining Steps Number: 186
Battery Left: 116.000000
House Total Dirt: 48
Chosen Step: Stay

******* Step 36 *******
Current Location: (3, 2)
Remaining Steps Number: 185
Battery Left: 115.000000
House Total Dirt: 47
Chosen Step: Stay

******* Step 37 *******
Current Location: (3, 2)
Remaining Steps Number: 184
Battery Left: 114.000000
House Total Dirt: 46
Chosen Step: Stay

******* Step 38 *******
Current Location: (3, 2)
Remaining Steps Number: 183
Battery Left: 113.000000
House Total Dirt: 45
Chosen Step: Stay

******* Step 39 *******
Current Location: (3, 2)
Remaining Steps Number: 182
Battery Left: 112.000000
House Total Dirt: 44
Chosen Step: North

******* Step 40 *******
Current Location: (2, 2)
Remaining Steps Number: 181
Battery Left: 111.000000
House Total Dirt: 44
Chosen Step: East

******* Step 41 *******
Current Location: (2, 3)
Remaining Steps Number: 180
Battery Left: 110.000000
House Total Dirt: 44
Chosen Step: West

******* Step 42 *******
Current Location: (2, 2)
Remaining Steps Number: 179
Battery Left: 109.000000
House Total Dirt: 44
Chosen Step: South

******* Step 43 *******
Current Location: (3, 2)
Remaining Steps Number: 178
Battery Left: 108.000000
House Total Dirt: 44
Chosen Step: South

******* Step 44 *******
Current Location: (4, 2)
Remaining Steps Number: 177
Battery Left: 107.000000
House Total Dirt: 44
Chosen Step: South

******* Step 45 *******
Current Location: (5, 2)
Remaining Steps Number: 176
Battery Left: 106.000000
House Total Dirt: 44
Chosen Step: Stay

******* Step 46 *******
Current Location: (5, 2)
Remaining Steps Number: 175
Battery Left: 105.000000
House Total Dirt: 43
Chosen Step: Stay

******* Step 47 *******
Current Location: (5, 2)
Remaining Steps Number: 174
Battery Left: 104.000000
House Total Dirt: 42
Chosen Step: Stay

******* Step 48 *******
Current Location: (5, 2)
Remaining Steps Number: 173
Battery Left: 103.000000
House Total Dirt: 41
Chosen Step: West

******* Step 49 *******
Current Location: (5, 1)
Remaining Steps Number: 172
Battery Left: 102.000000
House Total Dirt: 41
Chosen Step: East

******* Step 50 *******
Current Location: (5, 2)
Remaining Steps Number: 171
Battery Left: 101.000000
House Total Dirt: 41
Chosen Step: South

******* Step 51 *******
Current Location: (6, 2)
Remaining Steps Number: 170
Battery Left: 100.000000
House Total Dirt: 41
Chosen Step: South

******* Step 52 *******
Current Location: (7, 2)
Remaining Steps Number: 169
Battery Left: 99.000000
House Total Dirt: 41
