Docking Station Location: (1, 4)
******* Step 1 *******
Current Location: (1, 4)
Remaining Steps Number: 200
Battery Left: 40.000000
House Total Dirt: 45
Chosen Step: North

******* Step 2 *******
Current Location: (0, 4)
Remaining Steps Number: 199
Battery Left: 39.000000
House Total Dirt: 45
Chosen Step: East

******* Step 3 *******
Current Location: (0, 5)
Remaining Steps Number: 198
Battery Left: 38.000000
House Total Dirt: 45
Chosen Step: East

******* Step 4 *******
Current Location: (0, 6)
Remaining Steps Number: 197
Battery Left: 37.000000
House Total Dirt: 45
Chosen Step: East

******* Step 5 *******
Current Location: (0, 7)
Remaining Steps Number: 196
Battery Left: 36.000000
House Total Dirt: 45
Chosen Step: East

******* Step 6 *******
Current Location: (0, 8)
Remaining Steps Number: 195
Battery Left: 35.000000
House Total Dirt: 45
Chosen Step: East

******* Step 7 *******
Current Location: (0, 9)
Remaining Steps Number: 194
Battery Left: 34.000000
House Total Dirt: 45
Chosen Step: East

******* Step 8 *******
Current Location: (0, 10)
Remaining Steps Number: 193
Battery Left: 33.000000
House Total Dirt: 45
Chosen Step: South

******* Step 9 *******
Current Location: (1, 10)
Remaining Steps Number: 192
Battery Left: 32.000000
House Total Dirt: 45
Chosen Step: South

******* Step 10 *******
Current Location: (2, 10)
Remaining Steps Number: 191
Battery Left: 31.000000
House Total Dirt: 45
Chosen Step: Stay

******* Step 11 *******
Current Location: (2, 10)
Remaining Steps Number: 190
Battery Left: 30.000000
House Total Dirt: 44
Chosen Step: Stay

******* Step 12 *******
Current Location: (2, 10)
Remaining Steps Number: 189
Battery Left: 29.000000
House Total Dirt: 43
Chosen Step: Stay

******* Step 13 *******
Current Location: (2, 10)
Remaining Steps Number: 188
Battery Left: 28.000000
House Total Dirt: 42
Chosen Step: Stay

******* Step 14 *******
Current Location: (2, 10)
Remaining Steps Number: 187
Battery Left: 27.000000
House Total Dirt: 41
Chosen Step: Stay

******* Step 15 *******
Current Location: (2, 10)
Remaining Steps Number: 186
Battery Left: 26.000000
House Total Dirt: 40
Chosen Step: Stay

******* Step 16 *******
Current Location: (2, 10)
Remaining Steps Number: 185
Battery Left: 25.000000
House Total Dirt: 39
Chosen Step: Stay

******* Step 17 *******
Current Location: (2, 10)
Remaining Steps Number: 184
Battery Left: 24.000000
House Total Dirt: 38
Chosen Step: South

******* Step 18 *******
Current Location: (3, 10)
Remaining Steps Number: 183
Battery Left: 23.000000
House Total Dirt: 38
Chosen Step: South

******* Step 19 *******
Current Location: (4, 10)
Remaining Steps Number: 182
Battery Left: 22.000000
House Total Dirt: 38
Chosen Step: South

******* Step 20 *******
Current Location: (5, 10)
Remaining Steps Number: 181
Battery Left: 21.000000
House Total Dirt: 38
Chosen Step: South

******* Step 21 *******
Current Location: (6, 10)
Remaining Steps Number: 180
Battery Left: 20.000000
House Total Dirt: 38
Chosen Step: West

******* Step 22 *******
Current Location: (6, 9)
Remaining Steps Number: 179
Battery Left: 19.000000
House Total Dirt: 38
Chosen Step: North

******* Step 23 *******
Current Location: (5, 9)
Remaining Steps Number: 178
Battery Left: 18.000000
House Total Dirt: 38
Chosen Step: North

******* Step 24 *******
Current Location: (4, 9)
Remaining Steps Number: 177
Battery Left: 17.000000
House Total Dirt: 38
Chosen Step: North

******* Step 25 *******
Current Location: (3, 9)
Remaining Steps Number: 176
Battery Left: 16.000000
House Total Dirt: 38
Chosen Step: North

******* Step 26 *******
Current Location: (2, 9)
Remaining Steps Number: 175
Battery Left: 15.000000
House Total Dirt: 38
Chosen Step: Stay

******* Step 27 *******
Current Location: (2, 9)
Remaining Steps Number: 174
Battery Left: 14.000000
House Total Dirt: 37
Chosen Step: Stay

******* Step 28 *******
Current Location: (2, 9)
Remaining Steps Number: 173
Battery Left: 13.000000
House Total Dirt: 36
Chosen Step: Stay

******* Step 29 *******
Current Location: (2, 9)
Remaining Steps Number: 172
Battery Left: 12.000000
House Total Dirt: 35
Chosen Step: Stay

******* Step 30 *******
Current Location: (2, 9)
Remaining Steps Number: 171
Battery Left: 11.000000
House Total Dirt: 34
Chosen Step: Stay

******* Step 31 *******
Current Location: (2, 9)
Remaining Steps Number: 170
Battery Left: 10.000000
House Total Dirt: 33
Chosen Step: Stay

******* Step 32 *******
Current Location: (2, 9)
Remaining Steps Number: 169
Battery Left: 9.000000
House Total Dirt: 32
Chosen Step: North

******* Step 33 *******
Current Location: (1, 9)
Remaining Steps Number: 168
Battery Left: 8.000000
House Total Dirt: 32
Chosen Step: West

******* Step 34 *******
Current Location: (1, 8)
Remaining Steps Number: 167
Battery Left: 7.000000
House Total Dirt: 32
Chosen Step: South

******* Step 35 *******
Current Location: (2, 8)
Remaining Steps Number: 166
Battery Left: 6.000000
House Total Dirt: 32
Chosen Step: Stay

******* Step 36 *******
Current Location: (2, 8)
Remaining Steps Number: 165
Battery Left: 5.000000
House Total Dirt: 31
Chosen Step: North

******* Step 37 *******
Current Location: (1, 8)
Remaining Steps Number: 164
Battery Left: 4.000000
House Total Dirt: 31
Chosen Step: West

******* Step 38 *******
Current Location: (1, 7)
Remaining Steps Number: 163
Battery Left: 3.000000
House Total Dirt: 31
Chosen Step: West

******* Step 39 *******
Current Location: (1, 6)
Remaining Steps Number: 162
Battery Left: 2.000000
House Total Dirt: 31
Chosen Step: West

******* Step 40 *******
Current Location: (1, 5)
Remaining Steps Number: 161
Battery Left: 1.000000
House Total Dirt: 31
Chosen Step: West

******* Step 41 *******
Current Location: (1, 4)
Remaining Steps Number: 160
Battery Left: 0.000000
House Total Dirt: 31
Chosen Step: Stay

******* Step 42 *******
Current Location: (1, 4)
Remaining Steps Number: 159
Battery Left: 2.000000
House Total Dirt: 31
Chosen Step: Stay

******* Step 43 *******
Current Location: (1, 4)
Remaining Steps Number: 158
Battery Left: 4.000000
House Total Dirt: 31
Chosen Step: Stay

******* Step 44 *******
Current Location: (1, 4)
Remaining Steps Number: 157
Battery Left: 6.000000
House Total Dirt: 31
Chosen Step: Stay

******* Step 45 *******
Current Location: (1, 4)
Remaining Steps Number: 156
Battery Left: 8.000000
House Total Dirt: 31
Chosen Step: Stay

******* Step 46 *******
Current Location: (1, 4)
Remaining Steps Number: 155
Battery Left: 10.000000
House Total Dirt: 31
Chosen Step: Stay

******* Step 47 *******
Current Location: (1, 4)
Remaining Steps Number: 154
Battery Left: 12.000000
House Total Dirt: 31
Chosen Step: Stay

******* Step 48 *******
Current Location: (1, 4)
Remaining Steps Number: 153
Battery Left: 14.000000
House Total Dirt: 31
Chosen Step: Stay

******* Step 49 *******
Current Location: (1, 4)
Remaining Steps Number: 152
Battery Left: 16.000000
House Total Dirt: 31
Chosen Step: Stay

******* Step 50 *******
Current Location: (1, 4)
Remaining Steps Number: 151
Battery Left: 18.000000
House Total Dirt: 31
Chosen Step: Stay

******* Step 51 *******
Current Location: (1, 4)
Remaining Steps Number: 150
Battery Left: 20.000000
House Total Dirt: 31
Chosen Step: Stay

******* Step 52 *******
Current Location: (1, 4)
Remaining Steps Number: 149
Battery Left: 22.000000
House Total Dirt: 31
Chosen Step: Stay

******* Step 53 *******
Current Location: (1, 4)
Remaining Steps Number: 148
Battery Left: 24.000000
House Total Dirt: 31
Chosen Step: Stay

******* Step 54 *******
Current Location: (1, 4)
Remaining Steps Number: 147
Battery Left: 26.000000
House Total Dirt: 31
Chosen Step: Stay

******* Step 55 *******
Current Location: (1, 4)
Remaining Steps Number: 146
Battery Left: 28.000000
House Total Dirt: 31
Chosen Step: Stay

******* Step 56 *******
Current Location: (1, 4)
Remaining Steps Number: 145
Battery Left: 30.000000
House Total Dirt: 31
Chosen Step: Stay

******* Step 57 *******
Current Location: (1, 4)
Remaining Steps Number: 144
Battery Left: 32.000000
House Total Dirt: 31
Chosen Step: Stay

******* Step 58 *******
Current Location: (1, 4)
Remaining Steps Number: 143
Battery Left: 34.000000
House Total Dirt: 31
Chosen Step: Stay

******* Step 59 *******
Current Location: (1, 4)
Remaining Steps Number: 142
Battery Left: 36.000000
House Total Dirt: 31
Chosen Step: Stay

******* Step 60 *******
Current Location: (1, 4)
Remaining Steps Number: 141
Battery Left: 38.000000
House Total Dirt: 31
Chosen Step: Stay

******* Step 61 *******
Current Location: (1, 4)
Remaining Steps Number: 140
Battery Left: 40.000000
House Total Dirt: 31
Chosen Step: South

******* Step 62 *******
Current Location: (2, 4)
Remaining Steps Number: 139
Battery Left: 39.000000
House Total Dirt: 31
Chosen Step: Stay

******* Step 63 *******
Current Location: (2, 4)
Remaining Steps Number: 138
Battery Left: 38.000000
House Total Dirt: 30
Chosen Step: Stay

******* Step 64 *******
Current Location: (2, 4)
Remaining Steps Number: 137
Battery Left: 37.000000
House Total Dirt: 29
Chosen Step: Stay

******* Step 65 *******
Current Location: (2, 4)
Remaining Steps Number: 136
Battery Left: 36.000000
House Total Dirt: 28
Chosen Step: East

******* Step 66 *******
Current Location: (2, 5)
Remaining Steps Number: 135
Battery Left: 35.000000
House Total Dirt: 28
Chosen Step: Stay

******* Step 67 *******
Current Location: (2, 5)
Remaining Steps Number: 134
Battery Left: 34.000000
House Total Dirt: 27
Chosen Step: Stay

******* Step 68 *******
Current Location: (2, 5)
Remaining Steps Number: 133
Battery Left: 33.000000
House Total Dirt: 26
Chosen Step: Stay

******* Step 69 *******
Current Location: (2, 5)
Remaining Steps Number: 132
Battery Left: 32.000000
House Total Dirt: 25
Chosen Step: Stay

******* Step 70 *******
Current Location: (2, 5)
Remaining Steps Number: 131
Battery Left: 31.000000
House Total Dirt: 24
Chosen Step: East

******* Step 71 *******
Current Location: (2, 6)
Remaining Steps Number: 130
Battery Left: 30.000000
House Total Dirt: 24
Chosen Step: East

******* Step 72 *******
Current Location: (2, 7)
Remaining Steps Number: 129
Battery Left: 29.000000
House Total Dirt: 24
Chosen Step: East

******* Step 73 *******
Current Location: (2, 8)
Remaining Steps Number: 128
Battery Left: 28.000000
House Total Dirt: 24
Chosen Step: Stay

******* Step 74 *******
Current Location: (2, 8)
Remaining Steps Number: 127
Battery Left: 27.000000
House Total Dirt: 23
Chosen Step: Stay

******* Step 75 *******
Current Location: (2, 8)
Remaining Steps Number: 126
Battery Left: 26.000000
House Total Dirt: 22
Chosen Step: Stay

******* Step 76 *******
Current Location: (2, 8)
Remaining Steps Number: 125
Battery Left: 25.000000
House Total Dirt: 21
Chosen Step: Stay

******* Step 77 *******
Current Location: (2, 8)
Remaining Steps Number: 124
Battery Left: 24.000000
House Total Dirt: 20
Chosen Step: South

******* Step 78 *******
Current Location: (3, 8)
Remaining Steps Number: 123
Battery Left: 23.000000
House Total Dirt: 20
Chosen Step: South

******* Step 79 *******
Current Location: (4, 8)
Remaining Steps Number: 122
Battery Left: 22.000000
House Total Dirt: 20
Chosen Step: South

******* Step 80 *******
Current Location: (5, 8)
Remaining Steps Number: 121
Battery Left: 21.000000
House Total Dirt: 20
Chosen Step: South

******* Step 81 *******
Current Location: (6, 8)
Remaining Steps Number: 120
Battery Left: 20.000000
House Total Dirt: 20
Chosen Step: North

******* Step 82 *******
Current Location: (5, 8)
Remaining Steps Number: 119
Battery Left: 19.000000
House Total Dirt: 20
Chosen Step: West

******* Step 83 *******
Current Location: (5, 7)
Remaining Steps Number: 118
Battery Left: 18.000000
House Total Dirt: 20
Chosen Step: North

******* Step 84 *******
Current Location: (4, 7)
Remaining Steps Number: 117
Battery Left: 17.000000
House Total Dirt: 20
Chosen Step: North

******* Step 85 *******
Current Location: (3, 7)
Remaining Steps Number: 116
Battery Left: 16.000000
House Total Dirt: 20
Chosen Step: South

******* Step 86 *******
Current Location: (4, 7)
Remaining Steps Number: 115
Battery Left: 15.000000
House Total Dirt: 20
Chosen Step: West

******* Step 87 *******
Current Location: (4, 6)
Remaining Steps Number: 114
Battery Left: 14.000000
House Total Dirt: 20
Chosen Step: South

******* Step 88 *******
Current Location: (5, 6)
Remaining Steps Number: 113
Battery Left: 13.000000
House Total Dirt: 20
Chosen Step: West

******* Step 89 *******
Current Location: (5, 5)
Remaining Steps Number: 112
Battery Left: 12.000000
House Total Dirt: 20
Chosen Step: North

******* Step 90 *******
Current Location: (4, 5)
Remaining Steps Number: 111
Battery Left: 11.000000
House Total Dirt: 20
Chosen Step: North

******* Step 91 *******
Current Location: (3, 5)
Remaining Steps Number: 110
Battery Left: 10.000000
House Total Dirt: 20
Chosen Step: West

******* Step 92 *******
Current Location: (3, 4)
Remaining Steps Number: 109
Battery Left: 9.000000
House Total Dirt: 20
Chosen Step: South

******* Step 93 *******
Current Location: (4, 4)
Remaining Steps Number: 108
Battery Left: 8.000000
House Total Dirt: 20
Chosen Step: South

******* Step 94 *******
Current Location: (5, 4)
Remaining Steps Number: 107
Battery Left: 7.000000
House Total Dirt: 20
Chosen Step: South

******* Step 95 *******
Current Location: (6, 4)
Remaining Steps Number: 106
Battery Left: 6.000000
House Total Dirt: 20
Chosen Step: North

******* Step 96 *******
Current Location: (5, 4)
Remaining Steps Number: 105
Battery Left: 5.000000
House Total Dirt: 20
Chosen Step: North

******* Step 97 *******
Current Location: (4, 4)
Remaining Steps Number: 104
Battery Left: 4.000000
House Total Dirt: 20
Chosen Step: North

******* Step 98 *******
Current Location: (3, 4)
Remaining Steps Number: 103
Battery Left: 3.000000
House Total Dirt: 20
Chosen Step: North

******* Step 99 *******
Current Location: (2, 4)
Remaining Steps Number: 102
Battery Left: 2.000000
House Total Dirt: 20
Chosen Step: North

******* Step 100 *******
Current Location: (1, 4)
Remaining Steps Number: 101
Battery Left: 1.000000
House Total Dirt: 20
Chosen Step: Stay

******* Step 101 *******
Current Location: (1, 4)
Remaining Steps Number: 100
Battery Left: 3.000000
House Total Dirt: 20
Chosen Step: Stay

******* Step 102 *******
Current Location: (1, 4)
Remaining Steps Number: 99
Battery Left: 5.000000
House Total Dirt: 20
Chosen Step: Stay

******* Step 103 *******
Current Location: (1, 4)
Remaining Steps Number: 98
Battery Left: 7.000000
House Total Dirt: 20
Chosen Step: Stay

******* Step 104 *******
Current Location: (1, 4)
Remaining Steps Number: 97
Battery Left: 9.000000
House Total Dirt: 20
Chosen Step: Stay

******* Step 105 *******
Current Location: (1, 4)
Remaining Steps Number: 96
Battery Left: 11.000000
House Total Dirt: 20
Chosen Step: Stay

******* Step 106 *******
Current Location: (1, 4)
Remaining Steps Number: 95
Battery Left: 13.000000
House Total Dirt: 20
Chosen Step: Stay

******* Step 107 *******
Current Location: (1, 4)
Remaining Steps Number: 94
Battery Left: 15.000000
House Total Dirt: 20
Chosen Step: Stay

******* Step 108 *******
Current Location: (1, 4)
Remaining Steps Number: 93
Battery Left: 17.000000
House Total Dirt: 20
Chosen Step: Stay

******* Step 109 *******
Current Location: (1, 4)
Remaining Steps Number: 92
Battery Left: 19.000000
House Total Dirt: 20
Chosen Step: Stay

******* Step 110 *******
Current Location: (1, 4)
Remaining Steps Number: 91
Battery Left: 21.000000
House Total Dirt: 20
Chosen Step: Stay

******* Step 111 *******
Current Location: (1, 4)
Remaining Steps Number: 90
Battery Left: 23.000000
House Total Dirt: 20
Chosen Step: Stay

******* Step 112 *******
Current Location: (1, 4)
Remaining Steps Number: 89
Battery Left: 25.000000
House Total Dirt: 20
Chosen Step: Stay

******* Step 113 *******
Current Location: (1, 4)
Remaining Steps Number: 88
Battery Left: 27.000000
House Total Dirt: 20
Chosen Step: Stay

******* Step 114 *******
Current Location: (1, 4)
Remaining Steps Number: 87
Battery Left: 29.000000
House Total Dirt: 20
Chosen Step: Stay

******* Step 115 *******
Current Location: (1, 4)
Remaining Steps Number: 86
Battery Left: 31.000000
House Total Dirt: 20
Chosen Step: Stay

******* Step 116 *******
Current Location: (1, 4)
Remaining Steps Number: 85
Battery Left: 33.000000
House Total Dirt: 20
Chosen Step: Stay

******* Step 117 *******
Current Location: (1, 4)
Remaining Steps Number: 84
Battery Left: 35.000000
House Total Dirt: 20
Chosen Step: Stay

******* Step 118 *******
Current Location: (1, 4)
Remaining Steps Number: 83
Battery Left: 37.000000
House Total Dirt: 20
Chosen Step: Stay

******* Step 119 *******
Current Location: (1, 4)
Remaining Steps Number: 82
Battery Left: 39.000000
House Total Dirt: 20
Chosen Step: Stay

******* Step 120 *******
Current Location: (1, 4)
Remaining Steps Number: 81
Battery Left: 40.000000
House Total Dirt: 20
Chosen Step: West

******* Step 121 *******
Current Location: (1, 3)
Remaining Steps Number: 80
Battery Left: 39.000000
House Total Dirt: 20
Chosen Step: North

******* Step 122 *******
Current Location: (0, 3)
Remaining Steps Number: 79
Battery Left: 38.000000
House Total Dirt: 20
Chosen Step: West

******* Step 123 *******
Current Location: (0, 2)
Remaining Steps Number: 78
Battery Left: 37.000000
House Total Dirt: 20
Chosen Step: South

******* Step 124 *******
Current Location: (1, 2)
Remaining Steps Number: 77
Battery Left: 36.000000
House Total Dirt: 20
