Docking Station Location: (3, 5)
******* Step 1 *******
Current Location: (3, 5)
Remaining Steps Number: 180
Battery Left: 130.000000
House Total Dirt: 41
Chosen Step: North

******* Step 2 *******
Current Location: (2, 5)
Remaining Steps Number: 179
Battery Left: 129.000000
House Total Dirt: 41
Chosen Step: North

******* Step 3 *******
Current Location: (1, 5)
Remaining Steps Number: 178
Battery Left: 128.000000
House Total Dirt: 41
Chosen Step: Stay

******* Step 4 *******
Current Location: (1, 5)
Remaining Steps Number: 177
Battery Left: 127.000000
House Total Dirt: 40
Chosen Step: East

******* Step 5 *******
Current Location: (1, 6)
Remaining Steps Number: 176
Battery Left: 126.000000
House Total Dirt: 40
Chosen Step: East

******* Step 6 *******
Current Location: (1, 7)
Remaining Steps Number: 175
Battery Left: 125.000000
House Total Dirt: 40
Chosen Step: East

******* Step 7 *******
Current Location: (1, 8)
Remaining Steps Number: 174
Battery Left: 124.000000
House Total Dirt: 40
Chosen Step: East

******* Step 8 *******
Current Location: (1, 9)
Remaining Steps Number: 173
Battery Left: 123.000000
House Total Dirt: 40
Chosen Step: East

******* Step 9 *******
Current Location: (1, 10)
Remaining Steps Number: 172
Battery Left: 122.000000
House Total Dirt: 40
Chosen Step: East

******* Step 10 *******
Current Location: (1, 11)
Remaining Steps Number: 171
Battery Left: 121.000000
House Total Dirt: 40
Chosen Step: Stay

******* Step 11 *******
Current Location: (1, 11)
Remaining Steps Number: 170
Battery Left: 120.000000
House Total Dirt: 39
Chosen Step: Stay

******* Step 12 *******
Current Location: (1, 11)
Remaining Steps Number: 169
Battery Left: 119.000000
House Total Dirt: 38
Chosen Step: East

******* Step 13 *******
Current Location: (1, 12)
Remaining Steps Number: 168
Battery Left: 118.000000
House Total Dirt: 38
Chosen Step: South

******* Step 14 *******
Current Location: (2, 12)
Remaining Steps Number: 167
Battery Left: 117.000000
House Total Dirt: 38
Chosen Step: South

******* Step 15 *******
Current Location: (3, 12)
Remaining Steps Number: 166
Battery Left: 116.000000
House Total Dirt: 38
Chosen Step: South

******* Step 16 *******
Current Location: (4, 12)
Remaining Steps Number: 165
Battery Left: 115.000000
House Total Dirt: 38
Chosen Step: South

******* Step 17 *******
Current Location: (5, 12)
Remaining Steps Number: 164
Battery Left: 114.000000
House Total Dirt: 38
Chosen Step: South

******* Step 18 *******
Current Location: (6, 12)
Remaining Steps Number: 163
Battery Left: 113.000000
House Total Dirt: 38
Chosen Step: South

******* Step 19 *******
Current Location: (7, 12)
Remaining Steps Number: 162
Battery Left: 112.000000
House Total Dirt: 38
Chosen Step: South

******* Step 20 *******
Current Location: (8, 12)
Remaining Steps Number: 161
Battery Left: 111.000000
House Total Dirt: 38
Chosen Step: South

******* Step 21 *******
Current Location: (9, 12)
Remaining Steps Number: 160
Battery Left: 110.000000
House Total Dirt: 38
Chosen Step: South

******* Step 22 *******
Current Location: (10, 12)
Remaining Steps Number: 159
Battery Left: 109.000000
House Total Dirt: 38
Chosen Step: West

******* Step 23 *******
Current Location: (10, 11)
Remaining Steps Number: 158
Battery Left: 108.000000
House Total Dirt: 38
Chosen Step: Stay

******* Step 24 *******
Current Location: (10, 11)
Remaining Steps Number: 157
Battery Left: 107.000000
House Total Dirt: 37
Chosen Step: Stay

******* Step 25 *******
Current Location: (10, 11)
Remaining Steps Number: 156
Battery Left: 106.000000
House Total Dirt: 36
Chosen Step: Stay

******* Step 26 *******
Current Location: (10, 11)
Remaining Steps Number: 155
Battery Left: 105.000000
House Total Dirt: 35
Chosen Step: Stay

******* Step 27 *******
Current Location: (10, 11)
Remaining Steps Number: 154
Battery Left: 104.000000
House Total Dirt: 34
Chosen Step: North

******* Step 28 *******
Current Location: (9, 11)
Remaining Steps Number: 153
Battery Left: 103.000000
House Total Dirt: 34
Chosen Step: North

******* Step 29 *******
Current Location: (8, 11)
Remaining Steps Number: 152
Battery Left: 102.000000
House Total Dirt: 34
Chosen Step: North

******* Step 30 *******
Current Location: (7, 11)
Remaining Steps Number: 151
Battery Left: 101.000000
House Total Dirt: 34
Chosen Step: North

******* Step 31 *******
Current Location: (6, 11)
Remaining Steps Number: 150
Battery Left: 100.000000
House Total Dirt: 34
Chosen Step: North

******* Step 32 *******
Current Location: (5, 11)
Remaining Steps Number: 149
Battery Left: 99.000000
House Total Dirt: 34
Chosen Step: Stay

******* Step 33 *******
Current Location: (5, 11)
Remaining Steps Number: 148
Battery Left: 98.000000
House Total Dirt: 33
Chosen Step: North

******* Step 34 *******
Current Location: (4, 11)
Remaining Steps Number: 147
Battery Left: 97.000000
House Total Dirt: 33
Chosen Step: North

******* Step 35 *******
Current Location: (3, 11)
Remaining Steps Number: 146
Battery Left: 96.000000
House Total Dirt: 33
Chosen Step: Stay

******* Step 36 *******
Current Location: (3, 11)
Remaining Steps Number: 145
Battery Left: 95.000000
House Total Dirt: 32
Chosen Step: Stay

******* Step 37 *******
Current Location: (3, 11)
Remaining Steps Number: 144
Battery Left: 94.000000
House Total Dirt: 31
Chosen Step: Stay

******* Step 38 *******
Current Location: (3, 11)
Remaining Steps Number: 143
Battery Left: 93.000000
House Total Dirt: 30
Chosen Step: Stay

******* Step 39 *******
Current Location: (3, 11)
Remaining Steps Number: 142
Battery Left: 92.000000
House Total Dirt: 29
Chosen Step: North

******* Step 40 *******
Current Location: (2, 11)
Remaining Steps Number: 141
Battery Left: 91.000000
House Total Dirt: 29
Chosen Step: West

******* Step 41 *******
Current Location: (2, 10)
Remaining Steps Number: 140
Battery Left: 90.000000
House Total Dirt: 29
Chosen Step: South

******* Step 42 *******
Current Location: (3, 10)
Remaining Steps Number: 139
Battery Left: 89.000000
House Total Dirt: 29
Chosen Step: South

******* Step 43 *******
Current Location: (4, 10)
Remaining Steps Number: 138
Battery Left: 88.000000
House Total Dirt: 29
Chosen Step: South

******* Step 44 *******
Current Location: (5, 10)
Remaining Steps Number: 137
Battery Left: 87.000000
House Total Dirt: 29
Chosen Step: West

******* Step 45 *******
Current Location: (5, 9)
Remaining Steps Number: 136
Battery Left: 86.000000
House Total Dirt: 29
Chosen Step: North

******* Step 46 *******
Current Location: (4, 9)
Remaining Steps Number: 135
Battery Left: 85.000000
House Total Dirt: 29
Chosen Step: North

******* Step 47 *******
Current Location: (3, 9)
Remaining Steps Number: 134
Battery Left: 84.000000
House Total Dirt: 29
Chosen Step: North

******* Step 48 *******
Current Location: (2, 9)
Remaining Steps Number: 133
Battery Left: 83.000000
House Total Dirt: 29
Chosen Step: West

******* Step 49 *******
Current Location: (2, 8)
Remaining Steps Number: 132
Battery Left: 82.000000
House Total Dirt: 29
Chosen Step: Stay

******* Step 50 *******
Current Location: (2, 8)
Remaining Steps Number: 131
Battery Left: 81.000000
House Total Dirt: 28
Chosen Step: Stay

******* Step 51 *******
Current Location: (2, 8)
Remaining Steps Number: 130
Battery Left: 80.000000
House Total Dirt: 27
Chosen Step: Stay

******* Step 52 *******
Current Location: (2, 8)
Remaining Steps Number: 129
Battery Left: 79.000000
House Total Dirt: 26
Chosen Step: South

******* Step 53 *******
Current Location: (3, 8)
Remaining Steps Number: 128
Battery Left: 78.000000
House Total Dirt: 26
Chosen Step: South

******* Step 54 *******
Current Location: (4, 8)
Remaining Steps Number: 127
Battery Left: 77.000000
House Total Dirt: 26
Chosen Step: Stay

******* Step 55 *******
Current Location: (4, 8)
Remaining Steps Number: 126
Battery Left: 76.000000
House Total Dirt: 25
Chosen Step: Stay

******* Step 56 *******
Current Location: (4, 8)
Remaining Steps Number: 125
Battery Left: 75.000000
House Total Dirt: 24
Chosen Step: South

******* Step 57 *******
Current Location: (5, 8)
Remaining Steps Number: 124
Battery Left: 74.000000
House Total Dirt: 24
Chosen Step: West

******* Step 58 *******
Current Location: (5, 7)
Remaining Steps Number: 123
Battery Left: 73.000000
House Total Dirt: 24
Chosen Step: North

******* Step 59 *******
Current Location: (4, 7)
Remaining Steps Number: 122
Battery Left: 72.000000
House Total Dirt: 24
Chosen Step: South

******* Step 60 *******
Current Location: (5, 7)
Remaining Steps Number: 121
Battery Left: 71.000000
House Total Dirt: 24
Chosen Step: South

******* Step 61 *******
Current Location: (6, 7)
Remaining Steps Number: 120
Battery Left: 70.000000
House Total Dirt: 24
Chosen Step: Stay

******* Step 62 *******
Current Location: (6, 7)
Remaining Steps Number: 119
Battery Left: 69.000000
House Total Dirt: 23
Chosen Step: Stay

******* Step 63 *******
Current Location: (6, 7)
Remaining Steps Number: 118
Battery Left: 68.000000
House Total Dirt: 22
Chosen Step: Stay

******* Step 64 *******
Current Location: (6, 7)
Remaining Steps Number: 117
Battery Left: 67.000000
House Total Dirt: 21
Chosen Step: South

******* Step 65 *******
Current Location: (7, 7)
Remaining Steps Number: 116
Battery Left: 66.000000
House Total Dirt: 21
Chosen Step: Stay

******* Step 66 *******
Current Location: (7, 7)
Remaining Steps Number: 115
Battery Left: 65.000000
House Total Dirt: 20
Chosen Step: Stay

******* Step 67 *******
Current Location: (7, 7)
Remaining Steps Number: 114
Battery Left: 64.000000
House Total Dirt: 19
Chosen Step: South

******* Step 68 *******
Current Location: (8, 7)
Remaining Steps Number: 113
Battery Left: 63.000000
House Total Dirt: 19
Chosen Step: South

******* Step 69 *******
Current Location: (9, 7)
Remaining Steps Number: 112
Battery Left: 62.000000
House Total Dirt: 19
Chosen Step: East

******* Step 70 *******
Current Location: (9, 8)
Remaining Steps Number: 111
Battery Left: 61.000000
House Total Dirt: 19
Chosen Step: East

******* Step 71 *******
Current Location: (9, 9)
Remaining Steps Number: 110
Battery Left: 60.000000
House Total Dirt: 19
Chosen Step: North

******* Step 72 *******
Current Location: (8, 9)
Remaining Steps Number: 109
Battery Left: 59.000000
House Total Dirt: 19
Chosen Step: North

******* Step 73 *******
Current Location: (7, 9)
Remaining Steps Number: 108
Battery Left: 58.000000
House Total Dirt: 19
Chosen Step: North

******* Step 74 *******
Current Location: (6, 9)
Remaining Steps Number: 107
Battery Left: 57.000000
House Total Dirt: 19
Chosen Step: South

******* Step 75 *******
Current Location: (7, 9)
Remaining Steps Number: 106
Battery Left: 56.000000
House Total Dirt: 19
Chosen Step: East

******* Step 76 *******
Current Location: (7, 10)
Remaining Steps Number: 105
Battery Left: 55.000000
House Total Dirt: 19
Chosen Step: South

******* Step 77 *******
Current Location: (8, 10)
Remaining Steps Number: 104
Battery Left: 54.000000
House Total Dirt: 19
Chosen Step: Stay

******* Step 78 *******
Current Location: (8, 10)
Remaining Steps Number: 103
Battery Left: 53.000000
House Total Dirt: 18
Chosen Step: Stay

******* Step 79 *******
Current Location: (8, 10)
Remaining Steps Number: 102
Battery Left: 52.000000
House Total Dirt: 17
Chosen Step: Stay

******* Step 80 *******
Current Location: (8, 10)
Remaining Steps Number: 101
Battery Left: 51.000000
House Total Dirt: 16
Chosen Step: Stay

******* Step 81 *******
Current Location: (8, 10)
Remaining Steps Number: 100
Battery Left: 50.000000
House Total Dirt: 15
Chosen Step: Stay

******* Step 82 *******
Current Location: (8, 10)
Remaining Steps Number: 99
Battery Left: 49.000000
House Total Dirt: 14
Chosen Step: West

******* Step 83 *******
Current Location: (8, 9)
Remaining Steps Number: 98
Battery Left: 48.000000
House Total Dirt: 14
Chosen Step: South

******* Step 84 *******
Current Location: (9, 9)
Remaining Steps Number: 97
Battery Left: 47.000000
House Total Dirt: 14
Chosen Step: South

******* Step 85 *******
Current Location: (10, 9)
Remaining Steps Number: 96
Battery Left: 46.000000
House Total Dirt: 14
