Docking Station Location: (1, 2)
******* Step 1 *******
Current Location: (1, 2)
Remaining Steps Number: 100
Battery Left: 20.000000
House Total Dirt: 36
Chosen Step: South

******* Step 2 *******
Current Location: (2, 2)
Remaining Steps Number: 99
Battery Left: 19.000000
House Total Dirt: 36
Chosen Step: Stay

******* Step 3 *******
Current Location: (2, 2)
Remaining Steps Number: 98
Battery Left: 18.000000
House Total Dirt: 35
Chosen Step: South

******* Step 4 *******
Current Location: (3, 2)
Remaining Steps Number: 97
Battery Left: 17.000000
House Total Dirt: 35
Chosen Step: West

******* Step 5 *******
Current Location: (3, 1)
Remaining Steps Number: 96
Battery Left: 16.000000
House Total Dirt: 35
Chosen Step: West

******* Step 6 *******
Current Location: (3, 0)
Remaining Steps Number: 95
Battery Left: 15.000000
House Total Dirt: 35
Chosen Step: East

******* Step 7 *******
Current Location: (3, 1)
Remaining Steps Number: 94
Battery Left: 14.000000
House Total Dirt: 35
Chosen Step: North

******* Step 8 *******
Current Location: (2, 1)
Remaining Steps Number: 93
Battery Left: 13.000000
House Total Dirt: 35
Chosen Step: North

******* Step 9 *******
Current Location: (1, 1)
Remaining Steps Number: 92
Battery Left: 12.000000
House Total Dirt: 35
Chosen Step: East

******* Step 10 *******
Current Location: (1, 2)
Remaining Steps Number: 91
Battery Left: 11.000000
House Total Dirt: 35
Chosen Step: East

******* Step 11 *******
Current Location: (1, 3)
Remaining Steps Number: 90
Battery Left: 10.000000
House Total Dirt: 35
Chosen Step: East

******* Step 12 *******
Current Location: (1, 4)
Remaining Steps Number: 89
Battery Left: 9.000000
House Total Dirt: 35
Chosen Step: North

******* Step 13 *******
Current Location: (0, 4)
Remaining Steps Number: 88
Battery Left: 8.000000
House Total Dirt: 35
Chosen Step: East

******* Step 14 *******
Current Location: (0, 5)
Remaining Steps Number: 87
Battery Left: 7.000000
House Total Dirt: 35
Chosen Step: East

******* Step 15 *******
Current Location: (0, 6)
Remaining Steps Number: 86
Battery Left: 6.000000
House Total Dirt: 35
Chosen Step: South

******* Step 16 *******
Current Location: (1, 6)
Remaining Steps Number: 85
Battery Left: 5.000000
House Total Dirt: 35
Chosen Step: West

******* Step 17 *******
Current Location: (1, 5)
Remaining Steps Number: 84
Battery Left: 4.000000
House Total Dirt: 35
Chosen Step: West

******* Step 18 *******
Current Location: (1, 4)
Remaining Steps Number: 83
Battery Left: 3.000000
House Total Dirt: 35
Chosen Step: West

******* Step 19 *******
Current Location: (1, 3)
Remaining Steps Number: 82
Battery Left: 2.000000
House Total Dirt: 35
Chosen Step: West

******* Step 20 *******
Current Location: (1, 2)
Remaining Steps Number: 81
Battery Left: 1.000000
House Total Dirt: 35
Chosen Step: Stay

******* Step 21 *******
Current Location: (1, 2)
Remaining Steps Number: 80
Battery Left: 2.000000
House Total Dirt: 35
Chosen Step: Stay

******* Step 22 *******
Current Location: (1, 2)
Remaining Steps Number: 79
Battery Left: 3.000000
House Total Dirt: 35
Chosen Step: Stay

******* Step 23 *******
Current Location: (1, 2)
Remaining Steps Number: 78
Battery Left: 4.000000
House Total Dirt: 35
Chosen Step: Stay

******* Step 24 *******
Current Location: (1, 2)
Remaining Steps Number: 77
Battery Left: 5.000000
House Total Dirt: 35
Chosen Step: Stay

******* Step 25 *******
Current Location: (1, 2)
Remaining Steps Number: 76
Battery Left: 6.000000
House Total Dirt: 35
Chosen Step: Stay

******* Step 26 *******
Current Location: (1, 2)
Remaining Steps Number: 75
Battery Left: 7.000000
House Total Dirt: 35
Chosen Step: Stay

******* Step 27 *******
Current Location: (1, 2)
Remaining Steps Number: 74
Battery Left: 8.000000
House Total Dirt: 35
Chosen Step: Stay

******* Step 28 *******
Current Location: (1, 2)
Remaining Steps Number: 73
Battery Left: 9.000000
House Total Dirt: 35
Chosen Step: Stay

******* Step 29 *******
Current Location: (1, 2)
Remaining Steps Number: 72
Battery Left: 10.000000
House Total Dirt: 35
Chosen Step: Stay

******* Step 30 *******
Current Location: (1, 2)
Remaining Steps Number: 71
Battery Left: 11.000000
House Total Dirt: 35
Chosen Step: Stay

******* Step 31 *******
Current Location: (1, 2)
Remaining Steps Number: 70
Battery Left: 12.000000
House Total Dirt: 35
Chosen Step: Stay

******* Step 32 *******
Current Location: (1, 2)
Remaining Steps Number: 69
Battery Left: 13.000000
House Total Dirt: 35
Chosen Step: Stay

******* Step 33 *******
Current Location: (1, 2)
Remaining Steps Number: 68
Battery Left: 14.000000
House Total Dirt: 35
Chosen Step: Stay

******* Step 34 *******
Current Location: (1, 2)
Remaining Steps Number: 67
Battery Left: 15.000000
House Total Dirt: 35
Chosen Step: Stay

******* Step 35 *******
Current Location: (1, 2)
Remaining Steps Number: 66
Battery Left: 16.000000
House Total Dirt: 35
Chosen Step: Stay

******* Step 36 *******
Current Location: (1, 2)
Remaining Steps Number: 65
Battery Left: 17.000000
House Total Dirt: 35
Chosen Step: Stay

******* Step 37 *******
Current Location: (1, 2)
Remaining Steps Number: 64
Battery Left: 18.000000
House Total Dirt: 35
Chosen Step: Stay

******* Step 38 *******
Current Location: (1, 2)
Remaining Steps Number: 63
Battery Left: 19.000000
House Total Dirt: 35
Chosen Step: Stay

******* Step 39 *******
Current Location: (1, 2)
Remaining Steps Number: 62
Battery Left: 20.000000
House Total Dirt: 35
Chosen Step: East

******* Step 40 *******
Current Location: (1, 3)
Remaining Steps Number: 61
Battery Left: 19.000000
House Total Dirt: 35
Chosen Step: South

******* Step 41 *******
Current Location: (2, 3)
Remaining Steps Number: 60
Battery Left: 18.000000
House Total Dirt: 35
Chosen Step: Stay

******* Step 42 *******
Current Location: (2, 3)
Remaining Steps Number: 59
Battery Left: 17.000000
House Total Dirt: 34
Chosen Step: Stay

******* Step 43 *******
Current Location: (2, 3)
Remaining Steps Number: 58
Battery Left: 16.000000
House Total Dirt: 33
Chosen Step: East

******* Step 44 *******
Current Location: (2, 4)
Remaining Steps Number: 57
Battery Left: 15.000000
House Total Dirt: 33
Chosen Step: Stay

******* Step 45 *******
Current Location: (2, 4)
Remaining Steps Number: 56
Battery Left: 14.000000
House Total Dirt: 32
Chosen Step: Stay

******* Step 46 *******
Current Location: (2, 4)
Remaining Steps Number: 55
Battery Left: 13.000000
House Total Dirt: 31
Chosen Step: Stay

******* Step 47 *******
Current Location: (2, 4)
Remaining Steps Number: 54
Battery Left: 12.000000
House Total Dirt: 30
Chosen Step: East

******* Step 48 *******
Current Location: (2, 5)
Remaining Steps Number: 53
Battery Left: 11.000000
House Total Dirt: 30
Chosen Step: Stay

******* Step 49 *******
Current Location: (2, 5)
Remaining Steps Number: 52
Battery Left: 10.000000
House Total Dirt: 29
Chosen Step: Stay

******* Step 50 *******
Current Location: (2, 5)
Remaining Steps Number: 51
Battery Left: 9.000000
House Total Dirt: 28
Chosen Step: Stay

******* Step 51 *******
Current Location: (2, 5)
Remaining Steps Number: 50
Battery Left: 8.000000
House Total Dirt: 27
Chosen Step: Stay

******* Step 52 *******
Current Location: (2, 5)
Remaining Steps Number: 49
Battery Left: 7.000000
House Total Dirt: 26
Chosen Step: South

******* Step 53 *******
Current Location: (3, 5)
Remaining Steps Number: 48
Battery Left: 6.000000
House Total Dirt: 26
Chosen Step: West

******* Step 54 *******
Current Location: (3, 4)
Remaining Steps Number: 47
Battery Left: 5.000000
House Total Dirt: 26
Chosen Step: West

******* Step 55 *******
Current Location: (3, 3)
Remaining Steps Number: 46
Battery Left: 4.000000
House Total Dirt: 26
Chosen Step: North

******* Step 56 *******
Current Location: (2, 3)
Remaining Steps Number: 45
Battery Left: 3.000000
House Total Dirt: 26
Chosen Step: North

******* Step 57 *******
Current Location: (1, 3)
Remaining Steps Number: 44
Battery Left: 2.000000
House Total Dirt: 26
Chosen Step: West

******* Step 58 *******
Current Location: (1, 2)
Remaining Steps Number: 43
Battery Left: 1.000000
House Total Dirt: 26
Chosen Step: Stay

******* Step 59 *******
Current Location: (1, 2)
Remaining Steps Number: 42
Battery Left: 2.000000
House Total Dirt: 26
Chosen Step: Stay

******* Step 60 *******
Current Location: (1, 2)
Remaining Steps Number: 41
Battery Left: 3.000000
House Total Dirt: 26
Chosen Step: Stay

******* Step 61 *******
Current Location: (1, 2)
Remaining Steps Number: 40
Battery Left: 4.000000
House Total Dirt: 26
Chosen Step: Stay

******* Step 62 *******
Current Location: (1, 2)
Remaining Steps Number: 39
Battery Left: 5.000000
House Total Dirt: 26
Chosen Step: Stay

******* Step 63 *******
Current Location: (1, 2)
Remaining Steps Number: 38
Battery Left: 6.000000
House Total Dirt: 26
Chosen Step: Stay

******* Step 64 *******
Current Location: (1, 2)
Remaining Steps Number: 37
Battery Left: 7.000000
House Total Dirt: 26
Chosen Step: Stay

******* Step 65 *******
Current Location: (1, 2)
Remaining Steps Number: 36
Battery Left: 8.000000
House Total Dirt: 26
Chosen Step: Stay

******* Step 66 *******
Current Location: (1, 2)
Remaining Steps Number: 35
Battery Left: 9.000000
House Total Dirt: 26
Chosen Step: Stay

******* Step 67 *******
Current Location: (1, 2)
Remaining Steps Number: 34
Battery Left: 10.000000
House Total Dirt: 26
Chosen Step: Stay

******* Step 68 *******
Current Location: (1, 2)
Remaining Steps Number: 33
Battery Left: 11.000000
House Total Dirt: 26
Chosen Step: Stay

******* Step 69 *******
Current Location: (1, 2)
Remaining Steps Number: 32
Battery Left: 12.000000
House Total Dirt: 26
Chosen Step: Stay

******* Step 70 *******
Current Location: (1, 2)
Remaining Steps Number: 31
Battery Left: 13.000000
House Total Dirt: 26
Chosen Step: Stay

******* Step 71 *******
Current Location: (1, 2)
Remaining Steps Number: 30
Battery Left: 14.000000
House Total Dirt: 26
Chosen Step: Stay

******* Step 72 *******
Current Location: (1, 2)
Remaining Steps Number: 29
Battery Left: 15.000000
House Total Dirt: 26
Chosen Step: Stay

******* Step 73 *******
Current Location: (1, 2)
Remaining Steps Number: 28
Battery Left: 16.000000
House Total Dirt: 26
Chosen Step: Stay

******* Step 74 *******
Current Location: (1, 2)
Remaining Steps Number: 27
Battery Left: 17.000000
House Total Dirt: 26
Chosen Step: Stay

******* Step 75 *******
Current Location: (1, 2)
Remaining Steps Number: 26
Battery Left: 18.000000
House Total Dirt: 26
Chosen Step: Stay

******* Step 76 *******
Current Location: (1, 2)
Remaining Steps Number: 25
Battery Left: 19.000000
House Total Dirt: 26
Chosen Step: Stay

******* Step 77 *******
Current Location: (1, 2)
Remaining Steps Number: 24
Battery Left: 20.000000
House Total Dirt: 26
Chosen Step: East

******* Step 78 *******
Current Location: (1, 3)
Remaining Steps Number: 23
Battery Left: 19.000000
House Total Dirt: 26
Chosen Step: East

******* Step 79 *******
Current Location: (1, 4)
Remaining Steps Number: 22
Battery Left: 18.000000
House Total Dirt: 26
Chosen Step: East

******* Step 80 *******
Current Location: (1, 5)
Remaining Steps Number: 21
Battery Left: 17.000000
House Total Dirt: 26
Chosen Step: East

******* Step 81 *******
Current Location: (1, 6)
Remaining Steps Number: 20
Battery Left: 16.000000
House Total Dirt: 26
Chosen Step: East

******* Step 82 *******
Current Location: (1, 7)
Remaining Steps Number: 19
Battery Left: 15.000000
House Total Dirt: 26
Chosen Step: North

******* Step 83 *******
Current Location: (0, 7)
Remaining Steps Number: 18
Battery Left: 14.000000
House Total Dirt: 26
Chosen Step: East

******* Step 84 *******
Current Location: (0, 8)
Remaining Steps Number: 17
Battery Left: 13.000000
House Total Dirt: 26
Chosen Step: South

******* Step 85 *******
Current Location: (1, 8)
Remaining Steps Number: 16
Battery Left: 12.000000
House Total Dirt: 26
Chosen Step: South

******* Step 86 *******
Current Location: (2, 8)
Remaining Steps Number: 15
Battery Left: 11.000000
House Total Dirt: 26
Chosen Step: Stay

******* Step 87 *******
Current Location: (2, 8)
Remaining Steps Number: 14
Battery Left: 10.000000
House Total Dirt: 25
Chosen Step: Stay

******* Step 88 *******
Current Location: (2, 8)
Remaining Steps Number: 13
Battery Left: 9.000000
House Total Dirt: 24
Chosen Step: Stay

******* Step 89 *******
Current Location: (2, 8)
Remaining Steps Number: 12
Battery Left: 8.000000
House Total Dirt: 23
Chosen Step: Stay

******* Step 90 *******
Current Location: (2, 8)
Remaining Steps Number: 11
Battery Left: 7.000000
House Total Dirt: 22
Chosen Step: North

******* Step 91 *******
Current Location: (1, 8)
Remaining Steps Number: 10
Battery Left: 6.000000
House Total Dirt: 22
Chosen Step: West

******* Step 92 *******
Current Location: (1, 7)
Remaining Steps Number: 9
Battery Left: 5.000000
House Total Dirt: 22
Chosen Step: West

******* Step 93 *******
Current Location: (1, 6)
Remaining Steps Number: 8
Battery Left: 4.000000
House Total Dirt: 22
Chosen Step: West

******* Step 94 *******
Current Location: (1, 5)
Remaining Steps Number: 7
Battery Left: 3.000000
House Total Dirt: 22
Chosen Step: West

******* Step 95 *******
Current Location: (1, 4)
Remaining Steps Number: 6
Battery Left: 2.000000
House Total Dirt: 22
Chosen Step: West

******* Step 96 *******
Current Location: (1, 3)
Remaining Steps Number: 5
Battery Left: 1.000000
House Total Dirt: 22
Chosen Step: West

******* Step 97 *******
Current Location: (1, 2)
Remaining Steps Number: 4
Battery Left: 0.000000
House Total Dirt: 22
Chosen Step: Finish
