Docking Station Location: (5, 8)
******* Step 1 *******
Current Location: (5, 8)
Remaining Steps Number: 220
Battery Left: 150.000000
House Total Dirt: 52
Chosen Step: North

******* Step 2 *******
Current Location: (4, 8)
Remaining Steps Number: 219
Battery Left: 149.000000
House Total Dirt: 52
Chosen Step: East

******* Step 3 *******
Current Location: (4, 9)
Remaining Steps Number: 218
Battery Left: 148.000000
House Total Dirt: 52
Chosen Step: North

******* Step 4 *******
Current Location: (3, 9)
Remaining Steps Number: 217
Battery Left: 147.000000
House Total Dirt: 52
Chosen Step: Stay

******* Step 5 *******
Current Location: (3, 9)
Remaining Steps Number: 216
Battery Left: 146.000000
House Total Dirt: 51
Chosen Step: Stay

******* Step 6 *******
Current Location: (3, 9)
Remaining Steps Number: 215
Battery Left: 145.000000
House Total Dirt: 50
Chosen Step: North

******* Step 7 *******
Current Location: (2, 9)
Remaining Steps Number: 214
Battery Left: 144.000000
House Total Dirt: 50
Chosen Step: North

******* Step 8 *******
Current Location: (1, 9)
Remaining Steps Number: 213
Battery Left: 143.000000
House Total Dirt: 50
Chosen Step: Stay

******* Step 9 *******
Current Location: (1, 9)
Remaining Steps Number: 212
Battery Left: 142.000000
House Total Dirt: 49
Chosen Step: Stay

******* Step 10 *******
Current Location: (1, 9)
Remaining Steps Number: 211
Battery Left: 141.000000
House Total Dirt: 48
Chosen Step: East

******* Step 11 *******
Current Location: (1, 10)
Remaining Steps Number: 210
Battery Left: 140.000000
House Total Dirt: 48
Chosen Step: East

******* Step 12 *******
Current Location: (1, 11)
Remaining Steps Number: 209
Battery Left: 139.000000
House Total Dirt: 48
Chosen Step: East

******* Step 13 *******
Current Location: (1, 12)
Remaining Steps Number: 208
Battery Left: 138.000000
House Total Dirt: 48
Chosen Step: East

******* Step 14 *******
Current Location: (1, 13)
Remaining Steps Number: 207
Battery Left: 137.000000
House Total Dirt: 48
Chosen Step: Stay

******* Step 15 *******
Current Location: (1, 13)
Remaining Steps Number: 206
Battery Left: 136.000000
House Total Dirt: 47
Chosen Step: Stay

******* Step 16 *******
Current Location: (1, 13)
Remaining Steps Number: 205
Battery Left: 135.000000
House Total Dirt: 46
Chosen Step: Stay

******* Step 17 *******
Current Location: (1, 13)
Remaining Steps Number: 204
Battery Left: 134.000000
House Total Dirt: 45
Chosen Step: East

******* Step 18 *******
Current Location: (1, 14)
Remaining Steps Number: 203
Battery Left: 133.000000
House Total Dirt: 45
Chosen Step: South

******* Step 19 *******
Current Location: (2, 14)
Remaining Steps Number: 202
Battery Left: 132.000000
House Total Dirt: 45
Chosen Step: South

******* Step 20 *******
Current Location: (3, 14)
Remaining Steps Number: 201
Battery Left: 131.000000
House Total Dirt: 45
Chosen Step: South

******* Step 21 *******
Current Location: (4, 14)
Remaining Steps Number: 200
Battery Left: 130.000000
House Total Dirt: 45
Chosen Step: South

******* Step 22 *******
Current Location: (5, 14)
Remaining Steps Number: 199
Battery Left: 129.000000
House Total Dirt: 45
Chosen Step: East

******* Step 23 *******
Current Location: (5, 15)
Remaining Steps Number: 198
Battery Left: 128.000000
House Total Dirt: 45
Chosen Step: Stay

******* Step 24 *******
Current Location: (5, 15)
Remaining Steps Number: 197
Battery Left: 127.000000
House Total Dirt: 44
Chosen Step: Stay

******* Step 25 *******
Current Location: (5, 15)
Remaining Steps Number: 196
Battery Left: 126.000000
House Total Dirt: 43
Chosen Step: Stay

******* Step 26 *******
Current Location: (5, 15)
Remaining Steps Number: 195
Battery Left: 125.000000
House Total Dirt: 42
Chosen Step: Stay

******* Step 27 *******
Current Location: (5, 15)
Remaining Steps Number: 194
Battery Left: 124.000000
House Total Dirt: 41
Chosen Step: South

******* Step 28 *******
Current Location: (6, 15)
Remaining Steps Number: 193
Battery Left: 123.000000
House Total Dirt: 41
Chosen Step: North

******* Step 29 *******
Current Location: (5, 15)
Remaining Steps Number: 192
Battery Left: 122.000000
House Total Dirt: 41
Chosen Step: West

******* Step 30 *******
Current Location: (5, 14)
Remaining Steps Number: 191
Battery Left: 121.000000
House Total Dirt: 41
Chosen Step: West

******* Step 31 *******
Current Location: (5, 13)
Remaining Steps Number: 190
Battery Left: 120.000000
House Total Dirt: 41
Chosen Step: South

******* Step 32 *******
Current Location: (6, 13)
Remaining Steps Number: 189
Battery Left: 119.000000
House Total Dirt: 41
Chosen Step: South

******* Step 33 *******
Current Location: (7, 13)
Remaining Steps Number: 188
Battery Left: 118.000000
House Total Dirt: 41
Chosen Step: East

******* Step 34 *******
Current Location: (7, 14)
Remaining Steps Number: 187
Battery Left: 117.000000
House Total Dirt: 41
Chosen Step: South

******* Step 35 *******
Current Location: (8, 14)
Remaining Steps Number: 186
Battery Left: 116.000000
House Total Dirt: 41
Chosen Step: South

******* Step 36 *******
Current Location: (9, 14)
Remaining Steps Number: 185
Battery Left: 115.000000
House Total Dirt: 41
Chosen Step: South

******* Step 37 *******
Current Location: (10, 14)
Remaining Steps Number: 184
Battery Left: 114.000000
House Total Dirt: 41
Chosen Step: South

******* Step 38 *******
Current Location: (11, 14)
Remaining Steps Number: 183
Battery Left: 113.000000
House Total Dirt: 41
Chosen Step: South

******* Step 39 *******
Current Location: (12, 14)
Remaining Steps Number: 182
Battery Left: 112.000000
House Total Dirt: 41
Chosen Step: Stay

******* Step 40 *******
Current Location: (12, 14)
Remaining Steps Number: 181
Battery Left: 111.000000
House Total Dirt: 40
Chosen Step: Stay

******* Step 41 *******
Current Location: (12, 14)
Remaining Steps Number: 180
Battery Left: 110.000000
House Total Dirt: 39
Chosen Step: Stay

******* Step 42 *******
Current Location: (12, 14)
Remaining Steps Number: 179
Battery Left: 109.000000
House Total Dirt: 38
Chosen Step: Stay

******* Step 43 *******
Current Location: (12, 14)
Remaining Steps Number: 178
Battery Left: 108.000000
House Total Dirt: 37
Chosen Step: West

******* Step 44 *******
Current Location: (12, 13)
Remaining Steps Number: 177
Battery Left: 107.000000
House Total Dirt: 37
Chosen Step: North

******* Step 45 *******
Current Location: (11, 13)
Remaining Steps Number: 176
Battery Left: 106.000000
House Total Dirt: 37
Chosen Step: North

******* Step 46 *******
Current Location: (10, 13)
Remaining Steps Number: 175
Battery Left: 105.000000
House Total Dirt: 37
Chosen Step: North

******* Step 47 *******
Current Location: (9, 13)
Remaining Steps Number: 174
Battery Left: 104.000000
House Total Dirt: 37
Chosen Step: North

******* Step 48 *******
Current Location: (8, 13)
Remaining Steps Number: 173
Battery Left: 103.000000
House Total Dirt: 37
Chosen Step: North

******* Step 49 *******
Current Location: (7, 13)
Remaining Steps Number: 172
Battery Left: 102.000000
House Total Dirt: 37
Chosen Step: West

******* Step 50 *******
Current Location: (7, 12)
Remaining Steps Number: 171
Battery Left: 101.000000
House Total Dirt: 37
Chosen Step: Stay

******* Step 51 *******
Current Location: (7, 12)
Remaining Steps Number: 170
Battery Left: 100.000000
House Total Dirt: 36
Chosen Step: Stay

******* Step 52 *******
Current Location: (7, 12)
Remaining Steps Number: 169
Battery Left: 99.000000
House Total Dirt: 35
Chosen Step: Stay

******* Step 53 *******
Current Location: (7, 12)
Remaining Steps Number: 168
Battery Left: 98.000000
House Total Dirt: 34
Chosen Step: Stay

******* Step 54 *******
Current Location: (7, 12)
Remaining Steps Number: 167
Battery Left: 97.000000
House Total Dirt: 33
Chosen Step: North

******* Step 55 *******
Current Location: (6, 12)
Remaining Steps Number: 166
Battery Left: 96.000000
House Total Dirt: 33
Chosen Step: North

******* Step 56 *******
Current Location: (5, 12)
Remaining Steps Number: 165
Battery Left: 95.000000
House Total Dirt: 33
Chosen Step: North

******* Step 57 *******
Current Location: (4, 12)
Remaining Steps Number: 164
Battery Left: 94.000000
House Total Dirt: 33
Chosen Step: North

******* Step 58 *******
Current Location: (3, 12)
Remaining Steps Number: 163
Battery Left: 93.000000
House Total Dirt: 33
Chosen Step: North

******* Step 59 *******
Current Location: (2, 12)
Remaining Steps Number: 162
Battery Left: 92.000000
House Total Dirt: 33
Chosen Step: West

******* Step 60 *******
Current Location: (2, 11)
Remaining Steps Number: 161
Battery Left: 91.000000
House Total Dirt: 33
Chosen Step: South

******* Step 61 *******
Current Location: (3, 11)
Remaining Steps Number: 160
Battery Left: 90.000000
House Total Dirt: 33
Chosen Step: South

******* Step 62 *******
Current Location: (4, 11)
Remaining Steps Number: 159
Battery Left: 89.000000
House Total Dirt: 33
Chosen Step: South

******* Step 63 *******
Current Location: (5, 11)
Remaining Steps Number: 158
Battery Left: 88.000000
House Total Dirt: 33
Chosen Step: Stay

******* Step 64 *******
Current Location: (5, 11)
Remaining Steps Number: 157
Battery Left: 87.000000
House Total Dirt: 32
Chosen Step: West

******* Step 65 *******
Current Location: (5, 10)
Remaining Steps Number: 156
Battery Left: 86.000000
House Total Dirt: 32
Chosen Step: South

******* Step 66 *******
Current Location: (6, 10)
Remaining Steps Number: 155
Battery Left: 85.000000
House Total Dirt: 32
Chosen Step: South

******* Step 67 *******
Current Location: (7, 10)
Remaining Steps Number: 154
Battery Left: 84.000000
House Total Dirt: 32
Chosen Step: Stay

******* Step 68 *******
Current Location: (7, 10)
Remaining Steps Number: 153
Battery Left: 83.000000
House Total Dirt: 31
Chosen Step: Stay

******* Step 69 *******
Current Location: (7, 10)
Remaining Steps Number: 152
Battery Left: 82.000000
House Total Dirt: 30
Chosen Step: East

******* Step 70 *******
Current Location: (7, 11)
Remaining Steps Number: 151
Battery Left: 81.000000
House Total Dirt: 30
Chosen Step: South

******* Step 71 *******
Current Location: (8, 11)
Remaining Steps Number: 150
Battery Left: 80.000000
House Total Dirt: 30
Chosen Step: Stay

******* Step 72 *******
Current Location: (8, 11)
Remaining Steps Number: 149
Battery Left: 79.000000
House Total Dirt: 29
Chosen Step: South

******* Step 73 *******
Current Location: (9, 11)
Remaining Steps Number: 148
Battery Left: 78.000000
House Total Dirt: 29
Chosen Step: South

******* Step 74 *******
Current Location: (10, 11)
Remaining Steps Number: 147
Battery Left: 77.000000
House Total Dirt: 29
Chosen Step: East

******* Step 75 *******
Current Location: (10, 12)
Remaining Steps Number: 146
Battery Left: 76.000000
House Total Dirt: 29
Chosen Step: Stay

******* Step 76 *******
Current Location: (10, 12)
Remaining Steps Number: 145
Battery Left: 75.000000
House Total Dirt: 28
Chosen Step: Stay

******* Step 77 *******
Current Location: (10, 12)
Remaining Steps Number: 144
Battery Left: 74.000000
House Total Dirt: 27
Chosen Step: Stay

******* Step 78 *******
Current Location: (10, 12)
Remaining Steps Number: 143
Battery Left: 73.000000
House Total Dirt: 26
Chosen Step: South

******* Step 79 *******
Current Location: (11, 12)
Remaining Steps Number: 142
Battery Left: 72.000000
House Total Dirt: 26
Chosen Step: South

******* Step 80 *******
Current Location: (12, 12)
Remaining Steps Number: 141
Battery Left: 71.000000
House Total Dirt: 26
Chosen Step: West

******* Step 81 *******
Current Location: (12, 11)
Remaining Steps Number: 140
Battery Left: 70.000000
House Total Dirt: 26
Chosen Step: East

******* Step 82 *******
Current Location: (12, 12)
Remaining Steps Number: 139
Battery Left: 69.000000
House Total Dirt: 26
Chosen Step: North

******* Step 83 *******
Current Location: (11, 12)
Remaining Steps Number: 138
Battery Left: 68.000000
House Total Dirt: 26
Chosen Step: North

******* Step 84 *******
Current Location: (10, 12)
Remaining Steps Number: 137
Battery Left: 67.000000
House Total Dirt: 26
Chosen Step: West

******* Step 85 *******
Current Location: (10, 11)
Remaining Steps Number: 136
Battery Left: 66.000000
House Total Dirt: 26
Chosen Step: West

******* Step 86 *******
Current Location: (10, 10)
Remaining Steps Number: 135
Battery Left: 65.000000
House Total Dirt: 26
Chosen Step: South

******* Step 87 *******
Current Location: (11, 10)
Remaining Steps Number: 134
Battery Left: 64.000000
House Total Dirt: 26
Chosen Step: West

******* Step 88 *******
Current Location: (11, 9)
Remaining Steps Number: 133
Battery Left: 63.000000
House Total Dirt: 26
Chosen Step: North

******* Step 89 *******
Current Location: (10, 9)
Remaining Steps Number: 132
Battery Left: 62.000000
House Total Dirt: 26
Chosen Step: West

******* Step 90 *******
Current Location: (10, 8)
Remaining Steps Number: 131
Battery Left: 61.000000
House Total Dirt: 26
Chosen Step: North

******* Step 91 *******
Current Location: (9, 8)
Remaining Steps Number: 130
Battery Left: 60.000000
House Total Dirt: 26
Chosen Step: North

******* Step 92 *******
Current Location: (8, 8)
Remaining Steps Number: 129
Battery Left: 59.000000
House Total Dirt: 26
Chosen Step: North

******* Step 93 *******
Current Location: (7, 8)
Remaining Steps Number: 128
Battery Left: 58.000000
House Total Dirt: 26
Chosen Step: Stay

******* Step 94 *******
Current Location: (7, 8)
Remaining Steps Number: 127
Battery Left: 57.000000
House Total Dirt: 25
Chosen Step: Stay

******* Step 95 *******
Current Location: (7, 8)
Remaining Steps Number: 126
Battery Left: 56.000000
House Total Dirt: 24
Chosen Step: Stay

******* Step 96 *******
Current Location: (7, 8)
Remaining Steps Number: 125
Battery Left: 55.000000
House Total Dirt: 23
Chosen Step: East

******* Step 97 *******
Current Location: (7, 9)
Remaining Steps Number: 124
Battery Left: 54.000000
House Total Dirt: 23
Chosen Step: East

******* Step 98 *******
Current Location: (7, 10)
Remaining Steps Number: 123
Battery Left: 53.000000
House Total Dirt: 23
Chosen Step: South

******* Step 99 *******
Current Location: (8, 10)
Remaining Steps Number: 122
Battery Left: 52.000000
House Total Dirt: 23
Chosen Step: North

******* Step 100 *******
Current Location: (7, 10)
Remaining Steps Number: 121
Battery Left: 51.000000
House Total Dirt: 23
Chosen Step: North

******* Step 101 *******
Current Location: (6, 10)
Remaining Steps Number: 120
Battery Left: 50.000000
House Total Dirt: 23
Chosen Step: North

******* Step 102 *******
Current Location: (5, 10)
Remaining Steps Number: 119
Battery Left: 49.000000
House Total Dirt: 23
Chosen Step: West

******* Step 103 *******
Current Location: (5, 9)
Remaining Steps Number: 118
Battery Left: 48.000000
House Total Dirt: 23
Chosen Step: West

******* Step 104 *******
Current Location: (5, 8)
Remaining Steps Number: 117
Battery Left: 47.000000
House Total Dirt: 23
Chosen Step: West

******* Step 105 *******
Current Location: (5, 7)
Remaining Steps Number: 116
Battery Left: 46.000000
House Total Dirt: 23
Chosen Step: West

******* Step 106 *******
Current Location: (5, 6)
Remaining Steps Number: 115
Battery Left: 45.000000
House Total Dirt: 23
Chosen Step: North

******* Step 107 *******
Current Location: (4, 6)
Remaining Steps Number: 114
Battery Left: 44.000000
House Total Dirt: 23
Chosen Step: West

******* Step 108 *******
Current Location: (4, 5)
Remaining Steps Number: 113
Battery Left: 43.000000
House Total Dirt: 23
Chosen Step: North

******* Step 109 *******
Current Location: (3, 5)
Remaining Steps Number: 112
Battery Left: 42.000000
House Total Dirt: 23
Chosen Step: Stay

******* Step 110 *******
Current Location: (3, 5)
Remaining Steps Number: 111
Battery Left: 41.000000
House Total Dirt: 22
Chosen Step: North

******* Step 111 *******
Current Location: (2, 5)
Remaining Steps Number: 110
Battery Left: 40.000000
House Total Dirt: 22
Chosen Step: North

******* Step 112 *******
Current Location: (1, 5)
Remaining Steps Number: 109
Battery Left: 39.000000
House Total Dirt: 22
Chosen Step: East

******* Step 113 *******
Current Location: (1, 6)
Remaining Steps Number: 108
Battery Left: 38.000000
House Total Dirt: 22
Chosen Step: East

******* Step 114 *******
Current Location: (1, 7)
Remaining Steps Number: 107
Battery Left: 37.000000
House Total Dirt: 22
Chosen Step: East

******* Step 115 *******
Current Location: (1, 8)
Remaining Steps Number: 106
Battery Left: 36.000000
House Total Dirt: 22
Chosen Step: South

******* Step 116 *******
Current Location: (2, 8)
Remaining Steps Number: 105
Battery Left: 35.000000
House Total Dirt: 22
Chosen Step: North

******* Step 117 *******
Current Location: (1, 8)
Remaining Steps Number: 104
Battery Left: 34.000000
House Total Dirt: 22
Chosen Step: West

******* Step 118 *******
Current Location: (1, 7)
Remaining Steps Number: 103
Battery Left: 33.000000
House Total Dirt: 22
Chosen Step: West

******* Step 119 *******
Current Location: (1, 6)
Remaining Steps Number: 102
Battery Left: 32.000000
House Total Dirt: 22
Chosen Step: South

******* Step 120 *******
Current Location: (2, 6)
Remaining Steps Number: 101
Battery Left: 31.000000
House Total Dirt: 22
Chosen Step: North

******* Step 121 *******
Current Location: (1, 6)
Remaining Steps Number: 100
Battery Left: 30.000000
House Total Dirt: 22
Chosen Step: West

******* Step 122 *******
Current Location: (1, 5)
Remaining Steps Number: 99
Battery Left: 29.000000
House Total Dirt: 22
Chosen Step: West

******* Step 123 *******
Current Location: (1, 4)
Remaining Steps Number: 98
Battery Left: 28.000000
House Total Dirt: 22
Chosen Step: West

******* Step 124 *******
Current Location: (1, 3)
Remaining Steps Number: 97
Battery Left: 27.000000
House Total Dirt: 22
Chosen Step: South

******* Step 125 *******
Current Location: (2, 3)
Remaining Steps Number: 96
Battery Left: 26.000000
House Total Dirt: 22
Chosen Step: West

******* Step 126 *******
Current Location: (2, 2)
Remaining Steps Number: 95
Battery Left: 25.000000
House Total Dirt: 22
Chosen Step: North

******* Step 127 *******
Current Location: (1, 2)
Remaining Steps Number: 94
Battery Left: 24.000000
House Total Dirt: 22
Chosen Step: Stay

******* Step 128 *******
Current Location: (1, 2)
Remaining Steps Number: 93
Battery Left: 23.000000
House Total Dirt: 21
Chosen Step: West

******* Step 129 *******
Current Location: (1, 1)
Remaining Steps Number: 92
Battery Left: 22.000000
House Total Dirt: 21
