Docking Station Location: (1, 2)
******* Step 1 *******
Current Location: (1, 2)
Remaining Steps Number: 100
Battery Left: 20.000000
House Total Dirt: 28
Chosen Step: North

******* Step 2 *******
Current Location: (0, 2)
Remaining Steps Number: 99
Battery Left: 19.000000
House Total Dirt: 28
Chosen Step: West

******* Step 3 *******
Current Location: (0, 1)
Remaining Steps Number: 98
Battery Left: 18.000000
House Total Dirt: 28
Chosen Step: South

******* Step 4 *******
Current Location: (1, 1)
Remaining Steps Number: 97
Battery Left: 17.000000
House Total Dirt: 28
Chosen Step: South

******* Step 5 *******
Current Location: (2, 1)
Remaining Steps Number: 96
Battery Left: 16.000000
House Total Dirt: 28
Chosen Step: East

******* Step 6 *******
Current Location: (2, 2)
Remaining Steps Number: 95
Battery Left: 15.000000
House Total Dirt: 28
Chosen Step: Stay

******* Step 7 *******
Current Location: (2, 2)
Remaining Steps Number: 94
Battery Left: 14.000000
House Total Dirt: 27
Chosen Step: South

******* Step 8 *******
Current Location: (3, 2)
Remaining Steps Number: 93
Battery Left: 13.000000
House Total Dirt: 27
Chosen Step: West

******* Step 9 *******
Current Location: (3, 1)
Remaining Steps Number: 92
Battery Left: 12.000000
House Total Dirt: 27
Chosen Step: East

******* Step 10 *******
Current Location: (3, 2)
Remaining Steps Number: 91
Battery Left: 11.000000
House Total Dirt: 27
Chosen Step: East

******* Step 11 *******
Current Location: (3, 3)
Remaining Steps Number: 90
Battery Left: 10.000000
House Total Dirt: 27
Chosen Step: North

******* Step 12 *******
Current Location: (2, 3)
Remaining Steps Number: 89
Battery Left: 9.000000
House Total Dirt: 27
Chosen Step: Stay

******* Step 13 *******
Current Location: (2, 3)
Remaining Steps Number: 88
Battery Left: 8.000000
House Total Dirt: 26
Chosen Step: Stay

******* Step 14 *******
Current Location: (2, 3)
Remaining Steps Number: 87
Battery Left: 7.000000
House Total Dirt: 25
Chosen Step: North

******* Step 15 *******
Current Location: (1, 3)
Remaining Steps Number: 86
Battery Left: 6.000000
House Total Dirt: 25
Chosen Step: North

******* Step 16 *******
Current Location: (0, 3)
Remaining Steps Number: 85
Battery Left: 5.000000
House Total Dirt: 25
Chosen Step: East

******* Step 17 *******
Current Location: (0, 4)
Remaining Steps Number: 84
Battery Left: 4.000000
House Total Dirt: 25
Chosen Step: South

******* Step 18 *******
Current Location: (1, 4)
Remaining Steps Number: 83
Battery Left: 3.000000
House Total Dirt: 25
