Docking Station Location: (1, 4)
******* Step 1 *******
Current Location: (1, 4)
Remaining Steps Number: 150
Battery Left: 30.000000
House Total Dirt: 23
Chosen Step: East

******* Step 2 *******
Current Location: (1, 5)
Remaining Steps Number: 149
Battery Left: 29.000000
House Total Dirt: 23
Chosen Step: South

******* Step 3 *******
Current Location: (2, 5)
Remaining Steps Number: 148
Battery Left: 28.000000
House Total Dirt: 23
Chosen Step: Stay

******* Step 4 *******
Current Location: (2, 5)
Remaining Steps Number: 147
Battery Left: 27.000000
House Total Dirt: 22
Chosen Step: Stay

******* Step 5 *******
Current Location: (2, 5)
Remaining Steps Number: 146
Battery Left: 26.000000
House Total Dirt: 21
Chosen Step: Stay

******* Step 6 *******
Current Location: (2, 5)
Remaining Steps Number: 145
Battery Left: 25.000000
House Total Dirt: 20
Chosen Step: Stay

******* Step 7 *******
Current Location: (2, 5)
Remaining Steps Number: 144
Battery Left: 24.000000
House Total Dirt: 19
Chosen Step: West

******* Step 8 *******
Current Location: (2, 4)
Remaining Steps Number: 143
Battery Left: 23.000000
House Total Dirt: 19
Chosen Step: Stay

******* Step 9 *******
Current Location: (2, 4)
Remaining Steps Number: 142
Battery Left: 22.000000
House Total Dirt: 18
Chosen Step: Stay

******* Step 10 *******
Current Location: (2, 4)
Remaining Steps Number: 141
Battery Left: 21.000000
House Total Dirt: 17
Chosen Step: Stay

******* Step 11 *******
Current Location: (2, 4)
Remaining Steps Number: 140
Battery Left: 20.000000
House Total Dirt: 16
Chosen Step: West

******* Step 12 *******
Current Location: (2, 3)
Remaining Steps Number: 139
Battery Left: 19.000000
House Total Dirt: 16
Chosen Step: Stay

******* Step 13 *******
Current Location: (2, 3)
Remaining Steps Number: 138
Battery Left: 18.000000
House Total Dirt: 15
Chosen Step: Stay

******* Step 14 *******
Current Location: (2, 3)
Remaining Steps Number: 137
Battery Left: 17.000000
House Total Dirt: 14
Chosen Step: West

******* Step 15 *******
Current Location: (2, 2)
Remaining Steps Number: 136
Battery Left: 16.000000
House Total Dirt: 14
Chosen Step: Stay

******* Step 16 *******
Current Location: (2, 2)
Remaining Steps Number: 135
Battery Left: 15.000000
House Total Dirt: 13
Chosen Step: West

******* Step 17 *******
Current Location: (2, 1)
Remaining Steps Number: 134
Battery Left: 14.000000
House Total Dirt: 13
Chosen Step: South

******* Step 18 *******
Current Location: (3, 1)
Remaining Steps Number: 133
Battery Left: 13.000000
House Total Dirt: 13
Chosen Step: South

******* Step 19 *******
Current Location: (4, 1)
Remaining Steps Number: 132
Battery Left: 12.000000
House Total Dirt: 13
Chosen Step: East

******* Step 20 *******
Current Location: (4, 2)
Remaining Steps Number: 131
Battery Left: 11.000000
House Total Dirt: 13
Chosen Step: North

******* Step 21 *******
Current Location: (3, 2)
Remaining Steps Number: 130
Battery Left: 10.000000
House Total Dirt: 13
Chosen Step: East

******* Step 22 *******
Current Location: (3, 3)
Remaining Steps Number: 129
Battery Left: 9.000000
House Total Dirt: 13
Chosen Step: South

******* Step 23 *******
Current Location: (4, 3)
Remaining Steps Number: 128
Battery Left: 8.000000
House Total Dirt: 13
Chosen Step: East

******* Step 24 *******
Current Location: (4, 4)
Remaining Steps Number: 127
Battery Left: 7.000000
House Total Dirt: 13
Chosen Step: East

******* Step 25 *******
Current Location: (4, 5)
Remaining Steps Number: 126
Battery Left: 6.000000
House Total Dirt: 13
Chosen Step: North

******* Step 26 *******
Current Location: (3, 5)
Remaining Steps Number: 125
Battery Left: 5.000000
House Total Dirt: 13
Chosen Step: North

******* Step 27 *******
Current Location: (2, 5)
Remaining Steps Number: 124
Battery Left: 4.000000
House Total Dirt: 13
Chosen Step: West

******* Step 28 *******
Current Location: (2, 4)
Remaining Steps Number: 123
Battery Left: 3.000000
House Total Dirt: 13
Chosen Step: North

******* Step 29 *******
Current Location: (1, 4)
Remaining Steps Number: 122
Battery Left: 2.000000
House Total Dirt: 13
Chosen Step: Stay

******* Step 30 *******
Current Location: (1, 4)
Remaining Steps Number: 121
Battery Left: 3.500000
House Total Dirt: 13
Chosen Step: Stay

******* Step 31 *******
Current Location: (1, 4)
Remaining Steps Number: 120
Battery Left: 5.000000
House Total Dirt: 13
Chosen Step: Stay

******* Step 32 *******
Current Location: (1, 4)
Remaining Steps Number: 119
Battery Left: 6.500000
House Total Dirt: 13
Chosen Step: Stay

******* Step 33 *******
Current Location: (1, 4)
Remaining Steps Number: 118
Battery Left: 8.000000
House Total Dirt: 13
Chosen Step: Stay

******* Step 34 *******
Current Location: (1, 4)
Remaining Steps Number: 117
Battery Left: 9.500000
House Total Dirt: 13
Chosen Step: Stay

******* Step 35 *******
Current Location: (1, 4)
Remaining Steps Number: 116
Battery Left: 11.000000
House Total Dirt: 13
Chosen Step: Stay

******* Step 36 *******
Current Location: (1, 4)
Remaining Steps Number: 115
Battery Left: 12.500000
House Total Dirt: 13
Chosen Step: Stay

******* Step 37 *******
Current Location: (1, 4)
Remaining Steps Number: 114
Battery Left: 14.000000
House Total Dirt: 13
Chosen Step: Stay

******* Step 38 *******
Current Location: (1, 4)
Remaining Steps Number: 113
Battery Left: 15.500000
House Total Dirt: 13
Chosen Step: Stay

******* Step 39 *******
Current Location: (1, 4)
Remaining Steps Number: 112
Battery Left: 17.000000
House Total Dirt: 13
Chosen Step: Stay

******* Step 40 *******
Current Location: (1, 4)
Remaining Steps Number: 111
Battery Left: 18.500000
House Total Dirt: 13
Chosen Step: Stay

******* Step 41 *******
Current Location: (1, 4)
Remaining Steps Number: 110
Battery Left: 20.000000
House Total Dirt: 13
Chosen Step: Stay

******* Step 42 *******
Current Location: (1, 4)
Remaining Steps Number: 109
Battery Left: 21.500000
House Total Dirt: 13
Chosen Step: Stay

******* Step 43 *******
Current Location: (1, 4)
Remaining Steps Number: 108
Battery Left: 23.000000
House Total Dirt: 13
Chosen Step: Stay

******* Step 44 *******
Current Location: (1, 4)
Remaining Steps Number: 107
Battery Left: 24.500000
House Total Dirt: 13
Chosen Step: Stay

******* Step 45 *******
Current Location: (1, 4)
Remaining Steps Number: 106
Battery Left: 26.000000
House Total Dirt: 13
Chosen Step: Stay

******* Step 46 *******
Current Location: (1, 4)
Remaining Steps Number: 105
Battery Left: 27.500000
House Total Dirt: 13
Chosen Step: Stay

******* Step 47 *******
Current Location: (1, 4)
Remaining Steps Number: 104
Battery Left: 29.000000
House Total Dirt: 13
Chosen Step: Stay

******* Step 48 *******
Current Location: (1, 4)
Remaining Steps Number: 103
Battery Left: 30.000000
House Total Dirt: 13
Chosen Step: West

******* Step 49 *******
Current Location: (1, 3)
Remaining Steps Number: 102
Battery Left: 29.000000
House Total Dirt: 13
Chosen Step: West

******* Step 50 *******
Current Location: (1, 2)
Remaining Steps Number: 101
Battery Left: 28.000000
House Total Dirt: 13
Chosen Step: West

******* Step 51 *******
Current Location: (1, 1)
Remaining Steps Number: 100
Battery Left: 27.000000
House Total Dirt: 13
Chosen Step: East

******* Step 52 *******
Current Location: (1, 2)
Remaining Steps Number: 99
Battery Left: 26.000000
House Total Dirt: 13
Chosen Step: East

******* Step 53 *******
Current Location: (1, 3)
Remaining Steps Number: 98
Battery Left: 25.000000
House Total Dirt: 13
Chosen Step: East

******* Step 54 *******
Current Location: (1, 4)
Remaining Steps Number: 97
Battery Left: 24.000000
House Total Dirt: 13
Chosen Step: East

******* Step 55 *******
Current Location: (1, 5)
Remaining Steps Number: 96
Battery Left: 23.000000
House Total Dirt: 13
Chosen Step: East

******* Step 56 *******
Current Location: (1, 6)
Remaining Steps Number: 95
Battery Left: 22.000000
House Total Dirt: 13
Chosen Step: South

******* Step 57 *******
Current Location: (2, 6)
Remaining Steps Number: 94
Battery Left: 21.000000
House Total Dirt: 13
Chosen Step: Stay

******* Step 58 *******
Current Location: (2, 6)
Remaining Steps Number: 93
Battery Left: 20.000000
House Total Dirt: 12
Chosen Step: Stay

******* Step 59 *******
Current Location: (2, 6)
Remaining Steps Number: 92
Battery Left: 19.000000
House Total Dirt: 11
Chosen Step: Stay

******* Step 60 *******
Current Location: (2, 6)
Remaining Steps Number: 91
Battery Left: 18.000000
House Total Dirt: 10
Chosen Step: Stay

******* Step 61 *******
Current Location: (2, 6)
Remaining Steps Number: 90
Battery Left: 17.000000
House Total Dirt: 9
Chosen Step: Stay

******* Step 62 *******
Current Location: (2, 6)
Remaining Steps Number: 89
Battery Left: 16.000000
House Total Dirt: 8
