Docking Station Location: (1, 2)
******* Step 1 *******
Current Location: (1, 2)
Remaining Steps Number: 100
Battery Left: 20.000000
House Total Dirt: 36
Chosen Step: East

******* Step 2 *******
Current Location: (1, 3)
Remaining Steps Number: 99
Battery Left: 19.000000
House Total Dirt: 36
Chosen Step: East

******* Step 3 *******
Current Location: (1, 4)
Remaining Steps Number: 98
Battery Left: 18.000000
House Total Dirt: 36
Chosen Step: North

******* Step 4 *******
Current Location: (0, 4)
Remaining Steps Number: 97
Battery Left: 17.000000
House Total Dirt: 36
Chosen Step: East

******* Step 5 *******
Current Location: (0, 5)
Remaining Steps Number: 96
Battery Left: 16.000000
House Total Dirt: 36
Chosen Step: East

******* Step 6 *******
Current Location: (0, 6)
Remaining Steps Number: 95
Battery Left: 15.000000
House Total Dirt: 36
Chosen Step: East

******* Step 7 *******
Current Location: (0, 7)
Remaining Steps Number: 94
Battery Left: 14.000000
House Total Dirt: 36
Chosen Step: East

******* Step 8 *******
Current Location: (0, 8)
Remaining Steps Number: 93
Battery Left: 13.000000
House Total Dirt: 36
Chosen Step: East

******* Step 9 *******
Current Location: (0, 9)
Remaining Steps Number: 92
Battery Left: 12.000000
House Total Dirt: 36
Chosen Step: South

******* Step 10 *******
Current Location: (1, 9)
Remaining Steps Number: 91
Battery Left: 11.000000
House Total Dirt: 36
Chosen Step: South

******* Step 11 *******
Current Location: (2, 9)
Remaining Steps Number: 90
Battery Left: 10.000000
House Total Dirt: 36
Chosen Step: Stay

******* Step 12 *******
Current Location: (2, 9)
Remaining Steps Number: 89
Battery Left: 9.000000
House Total Dirt: 35
Chosen Step: Stay

******* Step 13 *******
Current Location: (2, 9)
Remaining Steps Number: 88
Battery Left: 8.000000
House Total Dirt: 34
Chosen Step: North

******* Step 14 *******
Current Location: (1, 9)
Remaining Steps Number: 87
Battery Left: 7.000000
House Total Dirt: 34
Chosen Step: West

******* Step 15 *******
Current Location: (1, 8)
Remaining Steps Number: 86
Battery Left: 6.000000
House Total Dirt: 34
Chosen Step: West

******* Step 16 *******
Current Location: (1, 7)
Remaining Steps Number: 85
Battery Left: 5.000000
House Total Dirt: 34
Chosen Step: West

******* Step 17 *******
Current Location: (1, 6)
Remaining Steps Number: 84
Battery Left: 4.000000
House Total Dirt: 34
Chosen Step: West

******* Step 18 *******
Current Location: (1, 5)
Remaining Steps Number: 83
Battery Left: 3.000000
House Total Dirt: 34
Chosen Step: West

******* Step 19 *******
Current Location: (1, 4)
Remaining Steps Number: 82
Battery Left: 2.000000
House Total Dirt: 34
Chosen Step: West

******* Step 20 *******
Current Location: (1, 3)
Remaining Steps Number: 81
Battery Left: 1.000000
House Total Dirt: 34
Chosen Step: West

******* Step 21 *******
Current Location: (1, 2)
Remaining Steps Number: 80
Battery Left: 0.000000
House Total Dirt: 34
Chosen Step: Stay

******* Step 22 *******
Current Location: (1, 2)
Remaining Steps Number: 79
Battery Left: 1.000000
House Total Dirt: 34
Chosen Step: Stay

******* Step 23 *******
Current Location: (1, 2)
Remaining Steps Number: 78
Battery Left: 2.000000
House Total Dirt: 34
Chosen Step: Stay

******* Step 24 *******
Current Location: (1, 2)
Remaining Steps Number: 77
Battery Left: 3.000000
House Total Dirt: 34
Chosen Step: Stay

******* Step 25 *******
Current Location: (1, 2)
Remaining Steps Number: 76
Battery Left: 4.000000
House Total Dirt: 34
Chosen Step: Stay

******* Step 26 *******
Current Location: (1, 2)
Remaining Steps Number: 75
Battery Left: 5.000000
House Total Dirt: 34
Chosen Step: Stay

******* Step 27 *******
Current Location: (1, 2)
Remaining Steps Number: 74
Battery Left: 6.000000
House Total Dirt: 34
Chosen Step: Stay

******* Step 28 *******
Current Location: (1, 2)
Remaining Steps Number: 73
Battery Left: 7.000000
House Total Dirt: 34
Chosen Step: Stay

******* Step 29 *******
Current Location: (1, 2)
Remaining Steps Number: 72
Battery Left: 8.000000
House Total Dirt: 34
Chosen Step: Stay

******* Step 30 *******
Current Location: (1, 2)
Remaining Steps Number: 71
Battery Left: 9.000000
House Total Dirt: 34
Chosen Step: Stay

******* Step 31 *******
Current Location: (1, 2)
Remaining Steps Number: 70
Battery Left: 10.000000
House Total Dirt: 34
Chosen Step: Stay

******* Step 32 *******
Current Location: (1, 2)
Remaining Steps Number: 69
Battery Left: 11.000000
House Total Dirt: 34
Chosen Step: Stay

******* Step 33 *******
Current Location: (1, 2)
Remaining Steps Number: 68
Battery Left: 12.000000
House Total Dirt: 34
Chosen Step: Stay

******* Step 34 *******
Current Location: (1, 2)
Remaining Steps Number: 67
Battery Left: 13.000000
House Total Dirt: 34
Chosen Step: Stay

******* Step 35 *******
Current Location: (1, 2)
Remaining Steps Number: 66
Battery Left: 14.000000
House Total Dirt: 34
Chosen Step: Stay

******* Step 36 *******
Current Location: (1, 2)
Remaining Steps Number: 65
Battery Left: 15.000000
House Total Dirt: 34
Chosen Step: Stay

******* Step 37 *******
Current Location: (1, 2)
Remaining Steps Number: 64
Battery Left: 16.000000
House Total Dirt: 34
Chosen Step: Stay

******* Step 38 *******
Current Location: (1, 2)
Remaining Steps Number: 63
Battery Left: 17.000000
House Total Dirt: 34
Chosen Step: Stay

******* Step 39 *******
Current Location: (1, 2)
Remaining Steps Number: 62
Battery Left: 18.000000
House Total Dirt: 34
Chosen Step: Stay

******* Step 40 *******
Current Location: (1, 2)
Remaining Steps Number: 61
Battery Left: 19.000000
House Total Dirt: 34
Chosen Step: Stay

******* Step 41 *******
Current Location: (1, 2)
Remaining Steps Number: 60
Battery Left: 20.000000
House Total Dirt: 34
Chosen Step: South

******* Step 42 *******
Current Location: (2, 2)
Remaining Steps Number: 59
Battery Left: 19.000000
House Total Dirt: 34
Chosen Step: Stay

******* Step 43 *******
Current Location: (2, 2)
Remaining Steps Number: 58
Battery Left: 18.000000
House Total Dirt: 33
Chosen Step: East

******* Step 44 *******
Current Location: (2, 3)
Remaining Steps Number: 57
Battery Left: 17.000000
House Total Dirt: 33
