Docking Station Location: (8, 16)
******* Step 1 *******
Current Location: (8, 16)
Remaining Steps Number: 250
Battery Left: 250.000000
House Total Dirt: 158
Chosen Step: South

******* Step 2 *******
Current Location: (9, 16)
Remaining Steps Number: 249
Battery Left: 249.000000
House Total Dirt: 158
Chosen Step: Stay

******* Step 3 *******
Current Location: (9, 16)
Remaining Steps Number: 248
Battery Left: 248.000000
House Total Dirt: 157
Chosen Step: Stay

******* Step 4 *******
Current Location: (9, 16)
Remaining Steps Number: 247
Battery Left: 247.000000
House Total Dirt: 156
Chosen Step: Stay

******* Step 5 *******
Current Location: (9, 16)
Remaining Steps Number: 246
Battery Left: 246.000000
House Total Dirt: 155
Chosen Step: Stay

******* Step 6 *******
Current Location: (9, 16)
Remaining Steps Number: 245
Battery Left: 245.000000
House Total Dirt: 154
Chosen Step: Stay

******* Step 7 *******
Current Location: (9, 16)
Remaining Steps Number: 244
Battery Left: 244.000000
House Total Dirt: 153
Chosen Step: Stay

******* Step 8 *******
Current Location: (9, 16)
Remaining Steps Number: 243
Battery Left: 243.000000
House Total Dirt: 152
Chosen Step: Stay

******* Step 9 *******
Current Location: (9, 16)
Remaining Steps Number: 242
Battery Left: 242.000000
House Total Dirt: 151
Chosen Step: Stay

******* Step 10 *******
Current Location: (9, 16)
Remaining Steps Number: 241
Battery Left: 241.000000
House Total Dirt: 150
Chosen Step: Stay

******* Step 11 *******
Current Location: (9, 16)
Remaining Steps Number: 240
Battery Left: 240.000000
House Total Dirt: 149
Chosen Step: East

******* Step 12 *******
Current Location: (9, 17)
Remaining Steps Number: 239
Battery Left: 239.000000
House Total Dirt: 149
Chosen Step: North

******* Step 13 *******
Current Location: (8, 17)
Remaining Steps Number: 238
Battery Left: 238.000000
House Total Dirt: 149
Chosen Step: North

******* Step 14 *******
Current Location: (7, 17)
Remaining Steps Number: 237
Battery Left: 237.000000
House Total Dirt: 149
Chosen Step: North

******* Step 15 *******
Current Location: (6, 17)
Remaining Steps Number: 236
Battery Left: 236.000000
House Total Dirt: 149
Chosen Step: North

******* Step 16 *******
Current Location: (5, 17)
Remaining Steps Number: 235
Battery Left: 235.000000
House Total Dirt: 149
Chosen Step: North

******* Step 17 *******
Current Location: (4, 17)
Remaining Steps Number: 234
Battery Left: 234.000000
House Total Dirt: 149
Chosen Step: North

******* Step 18 *******
Current Location: (3, 17)
Remaining Steps Number: 233
Battery Left: 233.000000
House Total Dirt: 149
Chosen Step: North

******* Step 19 *******
Current Location: (2, 17)
Remaining Steps Number: 232
Battery Left: 232.000000
House Total Dirt: 149
Chosen Step: North

******* Step 20 *******
Current Location: (1, 17)
Remaining Steps Number: 231
Battery Left: 231.000000
House Total Dirt: 149
Chosen Step: East

******* Step 21 *******
Current Location: (1, 18)
Remaining Steps Number: 230
Battery Left: 230.000000
House Total Dirt: 149
Chosen Step: East

******* Step 22 *******
Current Location: (1, 19)
Remaining Steps Number: 229
Battery Left: 229.000000
House Total Dirt: 149
Chosen Step: East

******* Step 23 *******
Current Location: (1, 20)
Remaining Steps Number: 228
Battery Left: 228.000000
House Total Dirt: 149
Chosen Step: East

******* Step 24 *******
Current Location: (1, 21)
Remaining Steps Number: 227
Battery Left: 227.000000
House Total Dirt: 149
Chosen Step: East

******* Step 25 *******
Current Location: (1, 22)
Remaining Steps Number: 226
Battery Left: 226.000000
House Total Dirt: 149
Chosen Step: East

******* Step 26 *******
Current Location: (1, 23)
Remaining Steps Number: 225
Battery Left: 225.000000
House Total Dirt: 149
Chosen Step: East

******* Step 27 *******
Current Location: (1, 24)
Remaining Steps Number: 224
Battery Left: 224.000000
House Total Dirt: 149
Chosen Step: East

******* Step 28 *******
Current Location: (1, 25)
Remaining Steps Number: 223
Battery Left: 223.000000
House Total Dirt: 149
Chosen Step: East

******* Step 29 *******
Current Location: (1, 26)
Remaining Steps Number: 222
Battery Left: 222.000000
House Total Dirt: 149
Chosen Step: East

******* Step 30 *******
Current Location: (1, 27)
Remaining Steps Number: 221
Battery Left: 221.000000
House Total Dirt: 149
Chosen Step: East

******* Step 31 *******
Current Location: (1, 28)
Remaining Steps Number: 220
Battery Left: 220.000000
House Total Dirt: 149
Chosen Step: East

******* Step 32 *******
Current Location: (1, 29)
Remaining Steps Number: 219
Battery Left: 219.000000
House Total Dirt: 149
Chosen Step: East

******* Step 33 *******
Current Location: (1, 30)
Remaining Steps Number: 218
Battery Left: 218.000000
House Total Dirt: 149
Chosen Step: East

******* Step 34 *******
Current Location: (1, 31)
Remaining Steps Number: 217
Battery Left: 217.000000
House Total Dirt: 149
Chosen Step: East

******* Step 35 *******
Current Location: (1, 32)
Remaining Steps Number: 216
Battery Left: 216.000000
House Total Dirt: 149
Chosen Step: East

******* Step 36 *******
Current Location: (1, 33)
Remaining Steps Number: 215
Battery Left: 215.000000
House Total Dirt: 149
Chosen Step: East

******* Step 37 *******
Current Location: (1, 34)
Remaining Steps Number: 214
Battery Left: 214.000000
House Total Dirt: 149
Chosen Step: East

******* Step 38 *******
Current Location: (1, 35)
Remaining Steps Number: 213
Battery Left: 213.000000
House Total Dirt: 149
Chosen Step: East

******* Step 39 *******
Current Location: (1, 36)
Remaining Steps Number: 212
Battery Left: 212.000000
House Total Dirt: 149
Chosen Step: East

******* Step 40 *******
Current Location: (1, 37)
Remaining Steps Number: 211
Battery Left: 211.000000
House Total Dirt: 149
Chosen Step: East

******* Step 41 *******
Current Location: (1, 38)
Remaining Steps Number: 210
Battery Left: 210.000000
House Total Dirt: 149
Chosen Step: East

******* Step 42 *******
Current Location: (1, 39)
Remaining Steps Number: 209
Battery Left: 209.000000
House Total Dirt: 149
Chosen Step: East

******* Step 43 *******
Current Location: (1, 40)
Remaining Steps Number: 208
Battery Left: 208.000000
House Total Dirt: 149
Chosen Step: East

******* Step 44 *******
Current Location: (1, 41)
Remaining Steps Number: 207
Battery Left: 207.000000
House Total Dirt: 149
Chosen Step: East

******* Step 45 *******
Current Location: (1, 42)
Remaining Steps Number: 206
Battery Left: 206.000000
House Total Dirt: 149
Chosen Step: East

******* Step 46 *******
Current Location: (1, 43)
Remaining Steps Number: 205
Battery Left: 205.000000
House Total Dirt: 149
Chosen Step: East

******* Step 47 *******
Current Location: (1, 44)
Remaining Steps Number: 204
Battery Left: 204.000000
House Total Dirt: 149
Chosen Step: East

******* Step 48 *******
Current Location: (1, 45)
Remaining Steps Number: 203
Battery Left: 203.000000
House Total Dirt: 149
Chosen Step: East

******* Step 49 *******
Current Location: (1, 46)
Remaining Steps Number: 202
Battery Left: 202.000000
House Total Dirt: 149
Chosen Step: East

******* Step 50 *******
Current Location: (1, 47)
Remaining Steps Number: 201
Battery Left: 201.000000
House Total Dirt: 149
Chosen Step: East

******* Step 51 *******
Current Location: (1, 48)
Remaining Steps Number: 200
Battery Left: 200.000000
House Total Dirt: 149
Chosen Step: East

******* Step 52 *******
Current Location: (1, 49)
Remaining Steps Number: 199
Battery Left: 199.000000
House Total Dirt: 149
Chosen Step: East

******* Step 53 *******
Current Location: (1, 50)
Remaining Steps Number: 198
Battery Left: 198.000000
House Total Dirt: 149
Chosen Step: East

******* Step 54 *******
Current Location: (1, 51)
Remaining Steps Number: 197
Battery Left: 197.000000
House Total Dirt: 149
Chosen Step: East

******* Step 55 *******
Current Location: (1, 52)
Remaining Steps Number: 196
Battery Left: 196.000000
House Total Dirt: 149
Chosen Step: East

******* Step 56 *******
Current Location: (1, 53)
Remaining Steps Number: 195
Battery Left: 195.000000
House Total Dirt: 149
Chosen Step: East

******* Step 57 *******
Current Location: (1, 54)
Remaining Steps Number: 194
Battery Left: 194.000000
House Total Dirt: 149
Chosen Step: East

******* Step 58 *******
Current Location: (1, 55)
Remaining Steps Number: 193
Battery Left: 193.000000
House Total Dirt: 149
Chosen Step: East

******* Step 59 *******
Current Location: (1, 56)
Remaining Steps Number: 192
Battery Left: 192.000000
House Total Dirt: 149
Chosen Step: East

******* Step 60 *******
Current Location: (1, 57)
Remaining Steps Number: 191
Battery Left: 191.000000
House Total Dirt: 149
Chosen Step: East

******* Step 61 *******
Current Location: (1, 58)
Remaining Steps Number: 190
Battery Left: 190.000000
House Total Dirt: 149
Chosen Step: East

******* Step 62 *******
Current Location: (1, 59)
Remaining Steps Number: 189
Battery Left: 189.000000
House Total Dirt: 149
Chosen Step: East

******* Step 63 *******
Current Location: (1, 60)
Remaining Steps Number: 188
Battery Left: 188.000000
House Total Dirt: 149
Chosen Step: East

******* Step 64 *******
Current Location: (1, 61)
Remaining Steps Number: 187
Battery Left: 187.000000
House Total Dirt: 149
Chosen Step: East

******* Step 65 *******
Current Location: (1, 62)
Remaining Steps Number: 186
Battery Left: 186.000000
House Total Dirt: 149
Chosen Step: East

******* Step 66 *******
Current Location: (1, 63)
Remaining Steps Number: 185
Battery Left: 185.000000
House Total Dirt: 149
Chosen Step: East

******* Step 67 *******
Current Location: (1, 64)
Remaining Steps Number: 184
Battery Left: 184.000000
House Total Dirt: 149
Chosen Step: East

******* Step 68 *******
Current Location: (1, 65)
Remaining Steps Number: 183
Battery Left: 183.000000
House Total Dirt: 149
Chosen Step: East

******* Step 69 *******
Current Location: (1, 66)
Remaining Steps Number: 182
Battery Left: 182.000000
House Total Dirt: 149
Chosen Step: East

******* Step 70 *******
Current Location: (1, 67)
Remaining Steps Number: 181
Battery Left: 181.000000
House Total Dirt: 149
Chosen Step: East

******* Step 71 *******
Current Location: (1, 68)
Remaining Steps Number: 180
Battery Left: 180.000000
House Total Dirt: 149
Chosen Step: East

******* Step 72 *******
Current Location: (1, 69)
Remaining Steps Number: 179
Battery Left: 179.000000
House Total Dirt: 149
Chosen Step: East

******* Step 73 *******
Current Location: (1, 70)
Remaining Steps Number: 178
Battery Left: 178.000000
House Total Dirt: 149
Chosen Step: East

******* Step 74 *******
Current Location: (1, 71)
Remaining Steps Number: 177
Battery Left: 177.000000
House Total Dirt: 149
Chosen Step: East

******* Step 75 *******
Current Location: (1, 72)
Remaining Steps Number: 176
Battery Left: 176.000000
House Total Dirt: 149
Chosen Step: East

******* Step 76 *******
Current Location: (1, 73)
Remaining Steps Number: 175
Battery Left: 175.000000
House Total Dirt: 149
Chosen Step: East

******* Step 77 *******
Current Location: (1, 74)
Remaining Steps Number: 174
Battery Left: 174.000000
House Total Dirt: 149
Chosen Step: East

******* Step 78 *******
Current Location: (1, 75)
Remaining Steps Number: 173
Battery Left: 173.000000
House Total Dirt: 149
Chosen Step: East

******* Step 79 *******
Current Location: (1, 76)
Remaining Steps Number: 172
Battery Left: 172.000000
House Total Dirt: 149
Chosen Step: East

******* Step 80 *******
Current Location: (1, 77)
Remaining Steps Number: 171
Battery Left: 171.000000
House Total Dirt: 149
Chosen Step: East

******* Step 81 *******
Current Location: (1, 78)
Remaining Steps Number: 170
Battery Left: 170.000000
House Total Dirt: 149
Chosen Step: East

******* Step 82 *******
Current Location: (1, 79)
Remaining Steps Number: 169
Battery Left: 169.000000
House Total Dirt: 149
Chosen Step: East

******* Step 83 *******
Current Location: (1, 80)
Remaining Steps Number: 168
Battery Left: 168.000000
House Total Dirt: 149
