Docking Station Location: (7, 6)
******* Step 1 *******
Current Location: (7, 6)
Remaining Steps Number: 200
Battery Left: 140.000000
House Total Dirt: 49
Chosen Step: North

******* Step 2 *******
Current Location: (6, 6)
Remaining Steps Number: 199
Battery Left: 139.000000
House Total Dirt: 49
Chosen Step: North

******* Step 3 *******
Current Location: (5, 6)
Remaining Steps Number: 198
Battery Left: 138.000000
House Total Dirt: 49
Chosen Step: East

******* Step 4 *******
Current Location: (5, 7)
Remaining Steps Number: 197
Battery Left: 137.000000
House Total Dirt: 49
Chosen Step: East

******* Step 5 *******
Current Location: (5, 8)
Remaining Steps Number: 196
Battery Left: 136.000000
House Total Dirt: 49
Chosen Step: Stay

******* Step 6 *******
Current Location: (5, 8)
Remaining Steps Number: 195
Battery Left: 135.000000
House Total Dirt: 48
Chosen Step: Stay

******* Step 7 *******
Current Location: (5, 8)
Remaining Steps Number: 194
Battery Left: 134.000000
House Total Dirt: 47
Chosen Step: Stay

******* Step 8 *******
Current Location: (5, 8)
Remaining Steps Number: 193
Battery Left: 133.000000
House Total Dirt: 46
Chosen Step: Stay

******* Step 9 *******
Current Location: (5, 8)
Remaining Steps Number: 192
Battery Left: 132.000000
House Total Dirt: 45
Chosen Step: East

******* Step 10 *******
Current Location: (5, 9)
Remaining Steps Number: 191
Battery Left: 131.000000
House Total Dirt: 45
Chosen Step: East

******* Step 11 *******
Current Location: (5, 10)
Remaining Steps Number: 190
Battery Left: 130.000000
House Total Dirt: 45
Chosen Step: South

******* Step 12 *******
Current Location: (6, 10)
Remaining Steps Number: 189
Battery Left: 129.000000
House Total Dirt: 45
Chosen Step: West

******* Step 13 *******
Current Location: (6, 9)
Remaining Steps Number: 188
Battery Left: 128.000000
House Total Dirt: 45
Chosen Step: South

******* Step 14 *******
Current Location: (7, 9)
Remaining Steps Number: 187
Battery Left: 127.000000
House Total Dirt: 45
Chosen Step: Stay

******* Step 15 *******
Current Location: (7, 9)
Remaining Steps Number: 186
Battery Left: 126.000000
House Total Dirt: 44
Chosen Step: West

******* Step 16 *******
Current Location: (7, 8)
Remaining Steps Number: 185
Battery Left: 125.000000
House Total Dirt: 44
Chosen Step: South

******* Step 17 *******
Current Location: (8, 8)
Remaining Steps Number: 184
Battery Left: 124.000000
House Total Dirt: 44
Chosen Step: South

******* Step 18 *******
Current Location: (9, 8)
Remaining Steps Number: 183
Battery Left: 123.000000
House Total Dirt: 44
Chosen Step: West

******* Step 19 *******
Current Location: (9, 7)
Remaining Steps Number: 182
Battery Left: 122.000000
House Total Dirt: 44
Chosen Step: Stay

******* Step 20 *******
Current Location: (9, 7)
Remaining Steps Number: 181
Battery Left: 121.000000
House Total Dirt: 43
Chosen Step: Stay

******* Step 21 *******
Current Location: (9, 7)
Remaining Steps Number: 180
Battery Left: 120.000000
House Total Dirt: 42
Chosen Step: West

******* Step 22 *******
Current Location: (9, 6)
Remaining Steps Number: 179
Battery Left: 119.000000
House Total Dirt: 42
Chosen Step: West

******* Step 23 *******
Current Location: (9, 5)
Remaining Steps Number: 178
Battery Left: 118.000000
House Total Dirt: 42
Chosen Step: South

******* Step 24 *******
Current Location: (10, 5)
Remaining Steps Number: 177
Battery Left: 117.000000
House Total Dirt: 42
Chosen Step: South

******* Step 25 *******
Current Location: (11, 5)
Remaining Steps Number: 176
Battery Left: 116.000000
House Total Dirt: 42
Chosen Step: East

******* Step 26 *******
Current Location: (11, 6)
Remaining Steps Number: 175
Battery Left: 115.000000
House Total Dirt: 42
Chosen Step: Stay

******* Step 27 *******
Current Location: (11, 6)
Remaining Steps Number: 174
Battery Left: 114.000000
House Total Dirt: 41
Chosen Step: East

******* Step 28 *******
Current Location: (11, 7)
Remaining Steps Number: 173
Battery Left: 113.000000
House Total Dirt: 41
Chosen Step: East

******* Step 29 *******
Current Location: (11, 8)
Remaining Steps Number: 172
Battery Left: 112.000000
House Total Dirt: 41
Chosen Step: East

******* Step 30 *******
Current Location: (11, 9)
Remaining Steps Number: 171
Battery Left: 111.000000
House Total Dirt: 41
Chosen Step: East

******* Step 31 *******
Current Location: (11, 10)
Remaining Steps Number: 170
Battery Left: 110.000000
House Total Dirt: 41
Chosen Step: Stay

******* Step 32 *******
Current Location: (11, 10)
Remaining Steps Number: 169
Battery Left: 109.000000
House Total Dirt: 40
Chosen Step: Stay

******* Step 33 *******
Current Location: (11, 10)
Remaining Steps Number: 168
Battery Left: 108.000000
House Total Dirt: 39
Chosen Step: Stay

******* Step 34 *******
Current Location: (11, 10)
Remaining Steps Number: 167
Battery Left: 107.000000
House Total Dirt: 38
Chosen Step: Stay

******* Step 35 *******
Current Location: (11, 10)
Remaining Steps Number: 166
Battery Left: 106.000000
House Total Dirt: 37
Chosen Step: North

******* Step 36 *******
Current Location: (10, 10)
Remaining Steps Number: 165
Battery Left: 105.000000
House Total Dirt: 37
Chosen Step: North

******* Step 37 *******
Current Location: (9, 10)
Remaining Steps Number: 164
Battery Left: 104.000000
House Total Dirt: 37
Chosen Step: East

******* Step 38 *******
Current Location: (9, 11)
Remaining Steps Number: 163
Battery Left: 103.000000
House Total Dirt: 37
Chosen Step: Stay

******* Step 39 *******
Current Location: (9, 11)
Remaining Steps Number: 162
Battery Left: 102.000000
House Total Dirt: 36
Chosen Step: Stay

******* Step 40 *******
Current Location: (9, 11)
Remaining Steps Number: 161
Battery Left: 101.000000
House Total Dirt: 35
Chosen Step: Stay

******* Step 41 *******
Current Location: (9, 11)
Remaining Steps Number: 160
Battery Left: 100.000000
House Total Dirt: 34
Chosen Step: North

******* Step 42 *******
Current Location: (8, 11)
Remaining Steps Number: 159
Battery Left: 99.000000
House Total Dirt: 34
Chosen Step: North

******* Step 43 *******
Current Location: (7, 11)
Remaining Steps Number: 158
Battery Left: 98.000000
House Total Dirt: 34
Chosen Step: East

******* Step 44 *******
Current Location: (7, 12)
Remaining Steps Number: 157
Battery Left: 97.000000
House Total Dirt: 34
Chosen Step: East

******* Step 45 *******
Current Location: (7, 13)
Remaining Steps Number: 156
Battery Left: 96.000000
House Total Dirt: 34
Chosen Step: Stay

******* Step 46 *******
Current Location: (7, 13)
Remaining Steps Number: 155
Battery Left: 95.000000
House Total Dirt: 33
Chosen Step: Stay

******* Step 47 *******
Current Location: (7, 13)
Remaining Steps Number: 154
Battery Left: 94.000000
House Total Dirt: 32
Chosen Step: Stay

******* Step 48 *******
Current Location: (7, 13)
Remaining Steps Number: 153
Battery Left: 93.000000
House Total Dirt: 31
Chosen Step: Stay

******* Step 49 *******
Current Location: (7, 13)
Remaining Steps Number: 152
Battery Left: 92.000000
House Total Dirt: 30
Chosen Step: East

******* Step 50 *******
Current Location: (7, 14)
Remaining Steps Number: 151
Battery Left: 91.000000
House Total Dirt: 30
