Docking Station Location: (8, 16)
******* Step 1 *******
Current Location: (8, 16)
Remaining Steps Number: 250
Battery Left: 250.000000
House Total Dirt: 158
Chosen Step: South

******* Step 2 *******
Current Location: (9, 16)
Remaining Steps Number: 249
Battery Left: 249.000000
House Total Dirt: 158
Chosen Step: Stay

******* Step 3 *******
Current Location: (9, 16)
Remaining Steps Number: 248
Battery Left: 248.000000
House Total Dirt: 157
Chosen Step: Stay

******* Step 4 *******
Current Location: (9, 16)
Remaining Steps Number: 247
Battery Left: 247.000000
House Total Dirt: 156
Chosen Step: Stay

******* Step 5 *******
Current Location: (9, 16)
Remaining Steps Number: 246
Battery Left: 246.000000
House Total Dirt: 155
Chosen Step: Stay

******* Step 6 *******
Current Location: (9, 16)
Remaining Steps Number: 245
Battery Left: 245.000000
House Total Dirt: 154
Chosen Step: Stay

******* Step 7 *******
Current Location: (9, 16)
Remaining Steps Number: 244
Battery Left: 244.000000
House Total Dirt: 153
Chosen Step: Stay

******* Step 8 *******
Current Location: (9, 16)
Remaining Steps Number: 243
Battery Left: 243.000000
House Total Dirt: 152
Chosen Step: Stay

******* Step 9 *******
Current Location: (9, 16)
Remaining Steps Number: 242
Battery Left: 242.000000
House Total Dirt: 151
Chosen Step: Stay

******* Step 10 *******
Current Location: (9, 16)
Remaining Steps Number: 241
Battery Left: 241.000000
House Total Dirt: 150
Chosen Step: Stay

******* Step 11 *******
Current Location: (9, 16)
Remaining Steps Number: 240
Battery Left: 240.000000
House Total Dirt: 149
Chosen Step: West

******* Step 12 *******
Current Location: (9, 15)
Remaining Steps Number: 239
Battery Left: 239.000000
House Total Dirt: 149
Chosen Step: North

******* Step 13 *******
Current Location: (8, 15)
Remaining Steps Number: 238
Battery Left: 238.000000
House Total Dirt: 149
Chosen Step: North

******* Step 14 *******
Current Location: (7, 15)
Remaining Steps Number: 237
Battery Left: 237.000000
House Total Dirt: 149
Chosen Step: Stay

******* Step 15 *******
Current Location: (7, 15)
Remaining Steps Number: 236
Battery Left: 236.000000
House Total Dirt: 148
Chosen Step: Stay

******* Step 16 *******
Current Location: (7, 15)
Remaining Steps Number: 235
Battery Left: 235.000000
House Total Dirt: 147
Chosen Step: Stay

******* Step 17 *******
Current Location: (7, 15)
Remaining Steps Number: 234
Battery Left: 234.000000
House Total Dirt: 146
Chosen Step: West

******* Step 18 *******
Current Location: (7, 14)
Remaining Steps Number: 233
Battery Left: 233.000000
House Total Dirt: 146
Chosen Step: North

******* Step 19 *******
Current Location: (6, 14)
Remaining Steps Number: 232
Battery Left: 232.000000
House Total Dirt: 146
Chosen Step: West

******* Step 20 *******
Current Location: (6, 13)
Remaining Steps Number: 231
Battery Left: 231.000000
House Total Dirt: 146
Chosen Step: West

******* Step 21 *******
Current Location: (6, 12)
Remaining Steps Number: 230
Battery Left: 230.000000
House Total Dirt: 146
Chosen Step: North

******* Step 22 *******
Current Location: (5, 12)
Remaining Steps Number: 229
Battery Left: 229.000000
House Total Dirt: 146
Chosen Step: West

******* Step 23 *******
Current Location: (5, 11)
Remaining Steps Number: 228
Battery Left: 228.000000
House Total Dirt: 146
Chosen Step: West

******* Step 24 *******
Current Location: (5, 10)
Remaining Steps Number: 227
Battery Left: 227.000000
House Total Dirt: 146
Chosen Step: Stay

******* Step 25 *******
Current Location: (5, 10)
Remaining Steps Number: 226
Battery Left: 226.000000
House Total Dirt: 145
Chosen Step: Stay

******* Step 26 *******
Current Location: (5, 10)
Remaining Steps Number: 225
Battery Left: 225.000000
House Total Dirt: 144
Chosen Step: South

******* Step 27 *******
Current Location: (6, 10)
Remaining Steps Number: 224
Battery Left: 224.000000
House Total Dirt: 144
Chosen Step: East

******* Step 28 *******
Current Location: (6, 11)
Remaining Steps Number: 223
Battery Left: 223.000000
House Total Dirt: 144
Chosen Step: South

******* Step 29 *******
Current Location: (7, 11)
Remaining Steps Number: 222
Battery Left: 222.000000
House Total Dirt: 144
Chosen Step: South

******* Step 30 *******
Current Location: (8, 11)
Remaining Steps Number: 221
Battery Left: 221.000000
House Total Dirt: 144
Chosen Step: Stay

******* Step 31 *******
Current Location: (8, 11)
Remaining Steps Number: 220
Battery Left: 220.000000
House Total Dirt: 143
Chosen Step: Stay

******* Step 32 *******
Current Location: (8, 11)
Remaining Steps Number: 219
Battery Left: 219.000000
House Total Dirt: 142
Chosen Step: Stay

******* Step 33 *******
Current Location: (8, 11)
Remaining Steps Number: 218
Battery Left: 218.000000
House Total Dirt: 141
Chosen Step: Stay

******* Step 34 *******
Current Location: (8, 11)
Remaining Steps Number: 217
Battery Left: 217.000000
House Total Dirt: 140
Chosen Step: Stay

******* Step 35 *******
Current Location: (8, 11)
Remaining Steps Number: 216
Battery Left: 216.000000
House Total Dirt: 139
Chosen Step: Stay

******* Step 36 *******
Current Location: (8, 11)
Remaining Steps Number: 215
Battery Left: 215.000000
House Total Dirt: 138
Chosen Step: Stay

******* Step 37 *******
Current Location: (8, 11)
Remaining Steps Number: 214
Battery Left: 214.000000
House Total Dirt: 137
Chosen Step: Stay

******* Step 38 *******
Current Location: (8, 11)
Remaining Steps Number: 213
Battery Left: 213.000000
House Total Dirt: 136
Chosen Step: Stay

******* Step 39 *******
Current Location: (8, 11)
Remaining Steps Number: 212
Battery Left: 212.000000
House Total Dirt: 135
Chosen Step: West

******* Step 40 *******
Current Location: (8, 10)
Remaining Steps Number: 211
Battery Left: 211.000000
House Total Dirt: 135
Chosen Step: South

******* Step 41 *******
Current Location: (9, 10)
Remaining Steps Number: 210
Battery Left: 210.000000
House Total Dirt: 135
Chosen Step: West

******* Step 42 *******
Current Location: (9, 9)
Remaining Steps Number: 209
Battery Left: 209.000000
House Total Dirt: 135
Chosen Step: North

******* Step 43 *******
Current Location: (8, 9)
Remaining Steps Number: 208
Battery Left: 208.000000
House Total Dirt: 135
Chosen Step: West

******* Step 44 *******
Current Location: (8, 8)
Remaining Steps Number: 207
Battery Left: 207.000000
House Total Dirt: 135
Chosen Step: West

******* Step 45 *******
Current Location: (8, 7)
Remaining Steps Number: 206
Battery Left: 206.000000
House Total Dirt: 135
Chosen Step: Stay

******* Step 46 *******
Current Location: (8, 7)
Remaining Steps Number: 205
Battery Left: 205.000000
House Total Dirt: 134
Chosen Step: Stay

******* Step 47 *******
Current Location: (8, 7)
Remaining Steps Number: 204
Battery Left: 204.000000
House Total Dirt: 133
Chosen Step: Stay

******* Step 48 *******
Current Location: (8, 7)
Remaining Steps Number: 203
Battery Left: 203.000000
House Total Dirt: 132
Chosen Step: Stay

******* Step 49 *******
Current Location: (8, 7)
Remaining Steps Number: 202
Battery Left: 202.000000
House Total Dirt: 131
Chosen Step: Stay

******* Step 50 *******
Current Location: (8, 7)
Remaining Steps Number: 201
Battery Left: 201.000000
House Total Dirt: 130
Chosen Step: Stay

******* Step 51 *******
Current Location: (8, 7)
Remaining Steps Number: 200
Battery Left: 200.000000
House Total Dirt: 129
Chosen Step: South

******* Step 52 *******
Current Location: (9, 7)
Remaining Steps Number: 199
Battery Left: 199.000000
House Total Dirt: 129
Chosen Step: South

******* Step 53 *******
Current Location: (10, 7)
Remaining Steps Number: 198
Battery Left: 198.000000
House Total Dirt: 129
Chosen Step: Stay

******* Step 54 *******
Current Location: (10, 7)
Remaining Steps Number: 197
Battery Left: 197.000000
House Total Dirt: 128
Chosen Step: East

******* Step 55 *******
Current Location: (10, 8)
Remaining Steps Number: 196
Battery Left: 196.000000
House Total Dirt: 128
Chosen Step: North

******* Step 56 *******
Current Location: (9, 8)
Remaining Steps Number: 195
Battery Left: 195.000000
House Total Dirt: 128
Chosen Step: West

******* Step 57 *******
Current Location: (9, 7)
Remaining Steps Number: 194
Battery Left: 194.000000
House Total Dirt: 128
Chosen Step: West

******* Step 58 *******
Current Location: (9, 6)
Remaining Steps Number: 193
Battery Left: 193.000000
House Total Dirt: 128
Chosen Step: South

******* Step 59 *******
Current Location: (10, 6)
Remaining Steps Number: 192
Battery Left: 192.000000
House Total Dirt: 128
Chosen Step: South

******* Step 60 *******
Current Location: (11, 6)
Remaining Steps Number: 191
Battery Left: 191.000000
House Total Dirt: 128
Chosen Step: East

******* Step 61 *******
Current Location: (11, 7)
Remaining Steps Number: 190
Battery Left: 190.000000
House Total Dirt: 128
Chosen Step: East

******* Step 62 *******
Current Location: (11, 8)
Remaining Steps Number: 189
Battery Left: 189.000000
House Total Dirt: 128
Chosen Step: Stay

******* Step 63 *******
Current Location: (11, 8)
Remaining Steps Number: 188
Battery Left: 188.000000
House Total Dirt: 127
Chosen Step: Stay

******* Step 64 *******
Current Location: (11, 8)
Remaining Steps Number: 187
Battery Left: 187.000000
House Total Dirt: 126
Chosen Step: Stay

******* Step 65 *******
Current Location: (11, 8)
Remaining Steps Number: 186
Battery Left: 186.000000
House Total Dirt: 125
Chosen Step: Stay

******* Step 66 *******
Current Location: (11, 8)
Remaining Steps Number: 185
Battery Left: 185.000000
House Total Dirt: 124
Chosen Step: East

******* Step 67 *******
Current Location: (11, 9)
Remaining Steps Number: 184
Battery Left: 184.000000
House Total Dirt: 124
Chosen Step: North

******* Step 68 *******
Current Location: (10, 9)
Remaining Steps Number: 183
Battery Left: 183.000000
House Total Dirt: 124
Chosen Step: East

******* Step 69 *******
Current Location: (10, 10)
Remaining Steps Number: 182
Battery Left: 182.000000
House Total Dirt: 124
Chosen Step: East

******* Step 70 *******
Current Location: (10, 11)
Remaining Steps Number: 181
Battery Left: 181.000000
House Total Dirt: 124
Chosen Step: East

******* Step 71 *******
Current Location: (10, 12)
Remaining Steps Number: 180
Battery Left: 180.000000
House Total Dirt: 124
Chosen Step: East

******* Step 72 *******
Current Location: (10, 13)
Remaining Steps Number: 179
Battery Left: 179.000000
House Total Dirt: 124
Chosen Step: South

******* Step 73 *******
Current Location: (11, 13)
Remaining Steps Number: 178
Battery Left: 178.000000
House Total Dirt: 124
Chosen Step: South

******* Step 74 *******
Current Location: (12, 13)
Remaining Steps Number: 177
Battery Left: 177.000000
House Total Dirt: 124
