Docking Station Location: (4, 8)
******* Step 1 *******
Current Location: (4, 8)
Remaining Steps Number: 200
Battery Left: 50.000000
House Total Dirt: 0
Chosen Step: North

******* Step 2 *******
Current Location: (3, 8)
Remaining Steps Number: 199
Battery Left: 49.000000
House Total Dirt: 0
Chosen Step: North

******* Step 3 *******
Current Location: (2, 8)
Remaining Steps Number: 198
Battery Left: 48.000000
House Total Dirt: 0
Chosen Step: North

******* Step 4 *******
Current Location: (1, 8)
Remaining Steps Number: 197
Battery Left: 47.000000
House Total Dirt: 0
Chosen Step: East

******* Step 5 *******
Current Location: (1, 9)
Remaining Steps Number: 196
Battery Left: 46.000000
House Total Dirt: 0
Chosen Step: East

******* Step 6 *******
Current Location: (1, 10)
Remaining Steps Number: 195
Battery Left: 45.000000
House Total Dirt: 0
Chosen Step: East

******* Step 7 *******
Current Location: (1, 11)
Remaining Steps Number: 194
Battery Left: 44.000000
House Total Dirt: 0
Chosen Step: East

******* Step 8 *******
Current Location: (1, 12)
Remaining Steps Number: 193
Battery Left: 43.000000
House Total Dirt: 0
Chosen Step: East

******* Step 9 *******
Current Location: (1, 13)
Remaining Steps Number: 192
Battery Left: 42.000000
House Total Dirt: 0
Chosen Step: East

******* Step 10 *******
Current Location: (1, 14)
Remaining Steps Number: 191
Battery Left: 41.000000
House Total Dirt: 0
Chosen Step: East

******* Step 11 *******
Current Location: (1, 15)
Remaining Steps Number: 190
Battery Left: 40.000000
House Total Dirt: 0
Chosen Step: East

******* Step 12 *******
Current Location: (1, 16)
Remaining Steps Number: 189
Battery Left: 39.000000
House Total Dirt: 0
Chosen Step: East

******* Step 13 *******
Current Location: (1, 17)
Remaining Steps Number: 188
Battery Left: 38.000000
House Total Dirt: 0
Chosen Step: East

******* Step 14 *******
Current Location: (1, 18)
Remaining Steps Number: 187
Battery Left: 37.000000
House Total Dirt: 0
Chosen Step: South

******* Step 15 *******
Current Location: (2, 18)
Remaining Steps Number: 186
Battery Left: 36.000000
House Total Dirt: 0
Chosen Step: South

******* Step 16 *******
Current Location: (3, 18)
Remaining Steps Number: 185
Battery Left: 35.000000
House Total Dirt: 0
Chosen Step: South

******* Step 17 *******
Current Location: (4, 18)
Remaining Steps Number: 184
Battery Left: 34.000000
House Total Dirt: 0
Chosen Step: South

******* Step 18 *******
Current Location: (5, 18)
Remaining Steps Number: 183
Battery Left: 33.000000
House Total Dirt: 0
Chosen Step: South

******* Step 19 *******
Current Location: (6, 18)
Remaining Steps Number: 182
Battery Left: 32.000000
House Total Dirt: 0
Chosen Step: South

******* Step 20 *******
Current Location: (7, 18)
Remaining Steps Number: 181
Battery Left: 31.000000
House Total Dirt: 0
Chosen Step: South

******* Step 21 *******
Current Location: (8, 18)
Remaining Steps Number: 180
Battery Left: 30.000000
House Total Dirt: 0
Chosen Step: South

******* Step 22 *******
Current Location: (9, 18)
Remaining Steps Number: 179
Battery Left: 29.000000
House Total Dirt: 0
Chosen Step: South

******* Step 23 *******
Current Location: (10, 18)
Remaining Steps Number: 178
Battery Left: 28.000000
House Total Dirt: 0
Chosen Step: South

******* Step 24 *******
Current Location: (11, 18)
Remaining Steps Number: 177
Battery Left: 27.000000
House Total Dirt: 0
Chosen Step: South

******* Step 25 *******
Current Location: (12, 18)
Remaining Steps Number: 176
Battery Left: 26.000000
House Total Dirt: 0
Chosen Step: South

******* Step 26 *******
Current Location: (13, 18)
Remaining Steps Number: 175
Battery Left: 25.000000
House Total Dirt: 0
Chosen Step: North

******* Step 27 *******
Current Location: (12, 18)
Remaining Steps Number: 174
Battery Left: 24.000000
House Total Dirt: 0
Chosen Step: North

******* Step 28 *******
Current Location: (11, 18)
Remaining Steps Number: 173
Battery Left: 23.000000
House Total Dirt: 0
Chosen Step: North

******* Step 29 *******
Current Location: (10, 18)
Remaining Steps Number: 172
Battery Left: 22.000000
House Total Dirt: 0
Chosen Step: North

******* Step 30 *******
Current Location: (9, 18)
Remaining Steps Number: 171
Battery Left: 21.000000
House Total Dirt: 0
Chosen Step: North

******* Step 31 *******
Current Location: (8, 18)
Remaining Steps Number: 170
Battery Left: 20.000000
House Total Dirt: 0
Chosen Step: North

******* Step 32 *******
Current Location: (7, 18)
Remaining Steps Number: 169
Battery Left: 19.000000
House Total Dirt: 0
Chosen Step: North

******* Step 33 *******
Current Location: (6, 18)
Remaining Steps Number: 168
Battery Left: 18.000000
House Total Dirt: 0
Chosen Step: North

******* Step 34 *******
Current Location: (5, 18)
Remaining Steps Number: 167
Battery Left: 17.000000
House Total Dirt: 0
Chosen Step: North

******* Step 35 *******
Current Location: (4, 18)
Remaining Steps Number: 166
Battery Left: 16.000000
House Total Dirt: 0
Chosen Step: North

******* Step 36 *******
Current Location: (3, 18)
Remaining Steps Number: 165
Battery Left: 15.000000
House Total Dirt: 0
Chosen Step: North

******* Step 37 *******
Current Location: (2, 18)
Remaining Steps Number: 164
Battery Left: 14.000000
House Total Dirt: 0
Chosen Step: West

******* Step 38 *******
Current Location: (2, 17)
Remaining Steps Number: 163
Battery Left: 13.000000
House Total Dirt: 0
Chosen Step: West

******* Step 39 *******
Current Location: (2, 16)
Remaining Steps Number: 162
Battery Left: 12.000000
House Total Dirt: 0
Chosen Step: West

******* Step 40 *******
Current Location: (2, 15)
Remaining Steps Number: 161
Battery Left: 11.000000
House Total Dirt: 0
Chosen Step: West

******* Step 41 *******
Current Location: (2, 14)
Remaining Steps Number: 160
Battery Left: 10.000000
House Total Dirt: 0
Chosen Step: West

******* Step 42 *******
Current Location: (2, 13)
Remaining Steps Number: 159
Battery Left: 9.000000
House Total Dirt: 0
Chosen Step: West

******* Step 43 *******
Current Location: (2, 12)
Remaining Steps Number: 158
Battery Left: 8.000000
House Total Dirt: 0
Chosen Step: West

******* Step 44 *******
Current Location: (2, 11)
Remaining Steps Number: 157
Battery Left: 7.000000
House Total Dirt: 0
Chosen Step: West

******* Step 45 *******
Current Location: (2, 10)
Remaining Steps Number: 156
Battery Left: 6.000000
House Total Dirt: 0
Chosen Step: West

******* Step 46 *******
Current Location: (2, 9)
Remaining Steps Number: 155
Battery Left: 5.000000
House Total Dirt: 0
Chosen Step: South

******* Step 47 *******
Current Location: (3, 9)
Remaining Steps Number: 154
Battery Left: 4.000000
House Total Dirt: 0
Chosen Step: South

******* Step 48 *******
Current Location: (4, 9)
Remaining Steps Number: 153
Battery Left: 3.000000
House Total Dirt: 0
Chosen Step: West

******* Step 49 *******
Current Location: (4, 8)
Remaining Steps Number: 152
Battery Left: 2.000000
House Total Dirt: 0
Chosen Step: Stay

******* Step 50 *******
Current Location: (4, 8)
Remaining Steps Number: 151
Battery Left: 4.500000
House Total Dirt: 0
Chosen Step: Stay

******* Step 51 *******
Current Location: (4, 8)
Remaining Steps Number: 150
Battery Left: 7.000000
House Total Dirt: 0
Chosen Step: Stay

******* Step 52 *******
Current Location: (4, 8)
Remaining Steps Number: 149
Battery Left: 9.500000
House Total Dirt: 0
Chosen Step: Stay

******* Step 53 *******
Current Location: (4, 8)
Remaining Steps Number: 148
Battery Left: 12.000000
House Total Dirt: 0
Chosen Step: Stay

******* Step 54 *******
Current Location: (4, 8)
Remaining Steps Number: 147
Battery Left: 14.500000
House Total Dirt: 0
Chosen Step: Stay

******* Step 55 *******
Current Location: (4, 8)
Remaining Steps Number: 146
Battery Left: 17.000000
House Total Dirt: 0
Chosen Step: Stay

******* Step 56 *******
Current Location: (4, 8)
Remaining Steps Number: 145
Battery Left: 19.500000
House Total Dirt: 0
Chosen Step: Stay

******* Step 57 *******
Current Location: (4, 8)
Remaining Steps Number: 144
Battery Left: 22.000000
House Total Dirt: 0
Chosen Step: Stay

******* Step 58 *******
Current Location: (4, 8)
Remaining Steps Number: 143
Battery Left: 24.500000
House Total Dirt: 0
Chosen Step: Stay

******* Step 59 *******
Current Location: (4, 8)
Remaining Steps Number: 142
Battery Left: 27.000000
House Total Dirt: 0
Chosen Step: Stay

******* Step 60 *******
Current Location: (4, 8)
Remaining Steps Number: 141
Battery Left: 29.500000
House Total Dirt: 0
Chosen Step: Stay

******* Step 61 *******
Current Location: (4, 8)
Remaining Steps Number: 140
Battery Left: 32.000000
House Total Dirt: 0
Chosen Step: Stay

******* Step 62 *******
Current Location: (4, 8)
Remaining Steps Number: 139
Battery Left: 34.500000
House Total Dirt: 0
Chosen Step: Stay

******* Step 63 *******
Current Location: (4, 8)
Remaining Steps Number: 138
Battery Left: 37.000000
House Total Dirt: 0
Chosen Step: Stay

******* Step 64 *******
Current Location: (4, 8)
Remaining Steps Number: 137
Battery Left: 39.500000
House Total Dirt: 0
Chosen Step: Stay

******* Step 65 *******
Current Location: (4, 8)
Remaining Steps Number: 136
Battery Left: 42.000000
House Total Dirt: 0
Chosen Step: Stay

******* Step 66 *******
Current Location: (4, 8)
Remaining Steps Number: 135
Battery Left: 44.500000
House Total Dirt: 0
Chosen Step: Stay

******* Step 67 *******
Current Location: (4, 8)
Remaining Steps Number: 134
Battery Left: 47.000000
House Total Dirt: 0
Chosen Step: Stay

******* Step 68 *******
Current Location: (4, 8)
Remaining Steps Number: 133
Battery Left: 49.500000
House Total Dirt: 0
Chosen Step: Stay

******* Step 69 *******
Current Location: (4, 8)
Remaining Steps Number: 132
Battery Left: 50.000000
House Total Dirt: 0
Chosen Step: South

******* Step 70 *******
Current Location: (5, 8)
Remaining Steps Number: 131
Battery Left: 49.000000
House Total Dirt: 0
Chosen Step: East

******* Step 71 *******
Current Location: (5, 9)
Remaining Steps Number: 130
Battery Left: 48.000000
House Total Dirt: 0
Chosen Step: East

******* Step 72 *******
Current Location: (5, 10)
Remaining Steps Number: 129
Battery Left: 47.000000
House Total Dirt: 0
Chosen Step: North

******* Step 73 *******
Current Location: (4, 10)
Remaining Steps Number: 128
Battery Left: 46.000000
House Total Dirt: 0
Chosen Step: North

******* Step 74 *******
Current Location: (3, 10)
Remaining Steps Number: 127
Battery Left: 45.000000
House Total Dirt: 0
Chosen Step: East

******* Step 75 *******
Current Location: (3, 11)
Remaining Steps Number: 126
Battery Left: 44.000000
House Total Dirt: 0
Chosen Step: East

******* Step 76 *******
Current Location: (3, 12)
Remaining Steps Number: 125
Battery Left: 43.000000
House Total Dirt: 0
Chosen Step: East

******* Step 77 *******
Current Location: (3, 13)
Remaining Steps Number: 124
Battery Left: 42.000000
House Total Dirt: 0
Chosen Step: East

******* Step 78 *******
Current Location: (3, 14)
Remaining Steps Number: 123
Battery Left: 41.000000
House Total Dirt: 0
Chosen Step: East

******* Step 79 *******
Current Location: (3, 15)
Remaining Steps Number: 122
Battery Left: 40.000000
House Total Dirt: 0
Chosen Step: East

******* Step 80 *******
Current Location: (3, 16)
Remaining Steps Number: 121
Battery Left: 39.000000
House Total Dirt: 0
Chosen Step: East

******* Step 81 *******
Current Location: (3, 17)
Remaining Steps Number: 120
Battery Left: 38.000000
House Total Dirt: 0
Chosen Step: South

******* Step 82 *******
Current Location: (4, 17)
Remaining Steps Number: 119
Battery Left: 37.000000
House Total Dirt: 0
Chosen Step: South

******* Step 83 *******
Current Location: (5, 17)
Remaining Steps Number: 118
Battery Left: 36.000000
House Total Dirt: 0
Chosen Step: South

******* Step 84 *******
Current Location: (6, 17)
Remaining Steps Number: 117
Battery Left: 35.000000
House Total Dirt: 0
Chosen Step: South

******* Step 85 *******
Current Location: (7, 17)
Remaining Steps Number: 116
Battery Left: 34.000000
House Total Dirt: 0
Chosen Step: South

******* Step 86 *******
Current Location: (8, 17)
Remaining Steps Number: 115
Battery Left: 33.000000
House Total Dirt: 0
Chosen Step: South

******* Step 87 *******
Current Location: (9, 17)
Remaining Steps Number: 114
Battery Left: 32.000000
House Total Dirt: 0
Chosen Step: South

******* Step 88 *******
Current Location: (10, 17)
Remaining Steps Number: 113
Battery Left: 31.000000
House Total Dirt: 0
Chosen Step: South

******* Step 89 *******
Current Location: (11, 17)
Remaining Steps Number: 112
Battery Left: 30.000000
House Total Dirt: 0
Chosen Step: South

******* Step 90 *******
Current Location: (12, 17)
Remaining Steps Number: 111
Battery Left: 29.000000
House Total Dirt: 0
Chosen Step: South

******* Step 91 *******
Current Location: (13, 17)
Remaining Steps Number: 110
Battery Left: 28.000000
House Total Dirt: 0
Chosen Step: South

******* Step 92 *******
Current Location: (14, 17)
Remaining Steps Number: 109
Battery Left: 27.000000
House Total Dirt: 0
Chosen Step: East

******* Step 93 *******
Current Location: (14, 18)
Remaining Steps Number: 108
Battery Left: 26.000000
House Total Dirt: 0
Chosen Step: South

******* Step 94 *******
Current Location: (15, 18)
Remaining Steps Number: 107
Battery Left: 25.000000
House Total Dirt: 0
Chosen Step: South

******* Step 95 *******
Current Location: (16, 18)
Remaining Steps Number: 106
Battery Left: 24.000000
House Total Dirt: 0
Chosen Step: North

******* Step 96 *******
Current Location: (15, 18)
Remaining Steps Number: 105
Battery Left: 23.000000
House Total Dirt: 0
Chosen Step: North

******* Step 97 *******
Current Location: (14, 18)
Remaining Steps Number: 104
Battery Left: 22.000000
House Total Dirt: 0
Chosen Step: North

******* Step 98 *******
Current Location: (13, 18)
Remaining Steps Number: 103
Battery Left: 21.000000
House Total Dirt: 0
Chosen Step: North

******* Step 99 *******
Current Location: (12, 18)
Remaining Steps Number: 102
Battery Left: 20.000000
House Total Dirt: 0
Chosen Step: North

******* Step 100 *******
Current Location: (11, 18)
Remaining Steps Number: 101
Battery Left: 19.000000
House Total Dirt: 0
Chosen Step: North

******* Step 101 *******
Current Location: (10, 18)
Remaining Steps Number: 100
Battery Left: 18.000000
House Total Dirt: 0
Chosen Step: North

******* Step 102 *******
Current Location: (9, 18)
Remaining Steps Number: 99
Battery Left: 17.000000
House Total Dirt: 0
Chosen Step: North

******* Step 103 *******
Current Location: (8, 18)
Remaining Steps Number: 98
Battery Left: 16.000000
House Total Dirt: 0
Chosen Step: North

******* Step 104 *******
Current Location: (7, 18)
Remaining Steps Number: 97
Battery Left: 15.000000
House Total Dirt: 0
Chosen Step: North

******* Step 105 *******
Current Location: (6, 18)
Remaining Steps Number: 96
Battery Left: 14.000000
House Total Dirt: 0
Chosen Step: North

******* Step 106 *******
Current Location: (5, 18)
Remaining Steps Number: 95
Battery Left: 13.000000
House Total Dirt: 0
Chosen Step: North

******* Step 107 *******
Current Location: (4, 18)
Remaining Steps Number: 94
Battery Left: 12.000000
House Total Dirt: 0
Chosen Step: West

******* Step 108 *******
Current Location: (4, 17)
Remaining Steps Number: 93
Battery Left: 11.000000
House Total Dirt: 0
Chosen Step: West

******* Step 109 *******
Current Location: (4, 16)
Remaining Steps Number: 92
Battery Left: 10.000000
House Total Dirt: 0
Chosen Step: West

******* Step 110 *******
Current Location: (4, 15)
Remaining Steps Number: 91
Battery Left: 9.000000
House Total Dirt: 0
Chosen Step: West

******* Step 111 *******
Current Location: (4, 14)
Remaining Steps Number: 90
Battery Left: 8.000000
House Total Dirt: 0
Chosen Step: West

******* Step 112 *******
Current Location: (4, 13)
Remaining Steps Number: 89
Battery Left: 7.000000
House Total Dirt: 0
Chosen Step: West

******* Step 113 *******
Current Location: (4, 12)
Remaining Steps Number: 88
Battery Left: 6.000000
House Total Dirt: 0
Chosen Step: West

******* Step 114 *******
Current Location: (4, 11)
Remaining Steps Number: 87
Battery Left: 5.000000
House Total Dirt: 0
Chosen Step: West

******* Step 115 *******
Current Location: (4, 10)
Remaining Steps Number: 86
Battery Left: 4.000000
House Total Dirt: 0
Chosen Step: West

******* Step 116 *******
Current Location: (4, 9)
Remaining Steps Number: 85
Battery Left: 3.000000
House Total Dirt: 0
Chosen Step: West

******* Step 117 *******
Current Location: (4, 8)
Remaining Steps Number: 84
Battery Left: 2.000000
House Total Dirt: 0
Chosen Step: Stay

******* Step 118 *******
Current Location: (4, 8)
Remaining Steps Number: 83
Battery Left: 4.500000
House Total Dirt: 0
Chosen Step: Stay

******* Step 119 *******
Current Location: (4, 8)
Remaining Steps Number: 82
Battery Left: 7.000000
House Total Dirt: 0
Chosen Step: Stay

******* Step 120 *******
Current Location: (4, 8)
Remaining Steps Number: 81
Battery Left: 9.500000
House Total Dirt: 0
Chosen Step: Stay

******* Step 121 *******
Current Location: (4, 8)
Remaining Steps Number: 80
Battery Left: 12.000000
House Total Dirt: 0
Chosen Step: Stay

******* Step 122 *******
Current Location: (4, 8)
Remaining Steps Number: 79
Battery Left: 14.500000
House Total Dirt: 0
Chosen Step: Stay

******* Step 123 *******
Current Location: (4, 8)
Remaining Steps Number: 78
Battery Left: 17.000000
House Total Dirt: 0
Chosen Step: Stay

******* Step 124 *******
Current Location: (4, 8)
Remaining Steps Number: 77
Battery Left: 19.500000
House Total Dirt: 0
Chosen Step: Stay

******* Step 125 *******
Current Location: (4, 8)
Remaining Steps Number: 76
Battery Left: 22.000000
House Total Dirt: 0
Chosen Step: Stay

******* Step 126 *******
Current Location: (4, 8)
Remaining Steps Number: 75
Battery Left: 24.500000
House Total Dirt: 0
Chosen Step: Stay

******* Step 127 *******
Current Location: (4, 8)
Remaining Steps Number: 74
Battery Left: 27.000000
House Total Dirt: 0
Chosen Step: Stay

******* Step 128 *******
Current Location: (4, 8)
Remaining Steps Number: 73
Battery Left: 29.500000
House Total Dirt: 0
Chosen Step: Stay

******* Step 129 *******
Current Location: (4, 8)
Remaining Steps Number: 72
Battery Left: 32.000000
House Total Dirt: 0
Chosen Step: Stay

******* Step 130 *******
Current Location: (4, 8)
Remaining Steps Number: 71
Battery Left: 34.500000
House Total Dirt: 0
Chosen Step: Stay

******* Step 131 *******
Current Location: (4, 8)
Remaining Steps Number: 70
Battery Left: 37.000000
House Total Dirt: 0
Chosen Step: Stay

******* Step 132 *******
Current Location: (4, 8)
Remaining Steps Number: 69
Battery Left: 39.500000
House Total Dirt: 0
Chosen Step: Stay

******* Step 133 *******
Current Location: (4, 8)
Remaining Steps Number: 68
Battery Left: 42.000000
House Total Dirt: 0
Chosen Step: Stay

******* Step 134 *******
Current Location: (4, 8)
Remaining Steps Number: 67
Battery Left: 44.500000
House Total Dirt: 0
Chosen Step: Stay

******* Step 135 *******
Current Location: (4, 8)
Remaining Steps Number: 66
Battery Left: 47.000000
House Total Dirt: 0
Chosen Step: Stay

******* Step 136 *******
Current Location: (4, 8)
Remaining Steps Number: 65
Battery Left: 49.500000
House Total Dirt: 0
Chosen Step: Stay

******* Step 137 *******
Current Location: (4, 8)
Remaining Steps Number: 64
Battery Left: 50.000000
House Total Dirt: 0
Chosen Step: West

******* Step 138 *******
Current Location: (4, 7)
Remaining Steps Number: 63
Battery Left: 49.000000
House Total Dirt: 0
Chosen Step: North

******* Step 139 *******
Current Location: (3, 7)
Remaining Steps Number: 62
Battery Left: 48.000000
House Total Dirt: 0
Chosen Step: North

******* Step 140 *******
Current Location: (2, 7)
Remaining Steps Number: 61
Battery Left: 47.000000
House Total Dirt: 0
Chosen Step: North

******* Step 141 *******
Current Location: (1, 7)
Remaining Steps Number: 60
Battery Left: 46.000000
House Total Dirt: 0
Chosen Step: West

******* Step 142 *******
Current Location: (1, 6)
Remaining Steps Number: 59
Battery Left: 45.000000
House Total Dirt: 0
Chosen Step: South

******* Step 143 *******
Current Location: (2, 6)
Remaining Steps Number: 58
Battery Left: 44.000000
House Total Dirt: 0
Chosen Step: South

******* Step 144 *******
Current Location: (3, 6)
Remaining Steps Number: 57
Battery Left: 43.000000
House Total Dirt: 0
Chosen Step: South

******* Step 145 *******
Current Location: (4, 6)
Remaining Steps Number: 56
Battery Left: 42.000000
House Total Dirt: 0
Chosen Step: South

******* Step 146 *******
Current Location: (5, 6)
Remaining Steps Number: 55
Battery Left: 41.000000
House Total Dirt: 0
Chosen Step: East

******* Step 147 *******
Current Location: (5, 7)
Remaining Steps Number: 54
Battery Left: 40.000000
House Total Dirt: 0
Chosen Step: South

******* Step 148 *******
Current Location: (6, 7)
Remaining Steps Number: 53
Battery Left: 39.000000
House Total Dirt: 0
Chosen Step: East

******* Step 149 *******
Current Location: (6, 8)
Remaining Steps Number: 52
Battery Left: 38.000000
House Total Dirt: 0
Chosen Step: East

******* Step 150 *******
Current Location: (6, 9)
Remaining Steps Number: 51
Battery Left: 37.000000
House Total Dirt: 0
Chosen Step: East

******* Step 151 *******
Current Location: (6, 10)
Remaining Steps Number: 50
Battery Left: 36.000000
House Total Dirt: 0
Chosen Step: East

******* Step 152 *******
Current Location: (6, 11)
Remaining Steps Number: 49
Battery Left: 35.000000
House Total Dirt: 0
Chosen Step: North

******* Step 153 *******
Current Location: (5, 11)
Remaining Steps Number: 48
Battery Left: 34.000000
House Total Dirt: 0
Chosen Step: East

******* Step 154 *******
Current Location: (5, 12)
Remaining Steps Number: 47
Battery Left: 33.000000
House Total Dirt: 0
Chosen Step: East

******* Step 155 *******
Current Location: (5, 13)
Remaining Steps Number: 46
Battery Left: 32.000000
House Total Dirt: 0
Chosen Step: East

******* Step 156 *******
Current Location: (5, 14)
Remaining Steps Number: 45
Battery Left: 31.000000
House Total Dirt: 0
