Docking Station Location: (8, 16)
******* Step 1 *******
Current Location: (8, 16)
Remaining Steps Number: 250
Battery Left: 250.000000
House Total Dirt: 158
Chosen Step: North

******* Step 2 *******
Current Location: (7, 16)
Remaining Steps Number: 249
Battery Left: 249.000000
House Total Dirt: 158
Chosen Step: North

******* Step 3 *******
Current Location: (6, 16)
Remaining Steps Number: 248
Battery Left: 248.000000
House Total Dirt: 158
Chosen Step: North

******* Step 4 *******
Current Location: (5, 16)
Remaining Steps Number: 247
Battery Left: 247.000000
House Total Dirt: 158
Chosen Step: North

******* Step 5 *******
Current Location: (4, 16)
Remaining Steps Number: 246
Battery Left: 246.000000
House Total Dirt: 158
Chosen Step: North

******* Step 6 *******
Current Location: (3, 16)
Remaining Steps Number: 245
Battery Left: 245.000000
House Total Dirt: 158
Chosen Step: North

******* Step 7 *******
Current Location: (2, 16)
Remaining Steps Number: 244
Battery Left: 244.000000
House Total Dirt: 158
Chosen Step: Stay

******* Step 8 *******
Current Location: (2, 16)
Remaining Steps Number: 243
Battery Left: 243.000000
House Total Dirt: 157
Chosen Step: Stay

******* Step 9 *******
Current Location: (2, 16)
Remaining Steps Number: 242
Battery Left: 242.000000
House Total Dirt: 156
Chosen Step: Stay

******* Step 10 *******
Current Location: (2, 16)
Remaining Steps Number: 241
Battery Left: 241.000000
House Total Dirt: 155
Chosen Step: North

******* Step 11 *******
Current Location: (1, 16)
Remaining Steps Number: 240
Battery Left: 240.000000
House Total Dirt: 155
Chosen Step: East

******* Step 12 *******
Current Location: (1, 17)
Remaining Steps Number: 239
Battery Left: 239.000000
House Total Dirt: 155
Chosen Step: East

******* Step 13 *******
Current Location: (1, 18)
Remaining Steps Number: 238
Battery Left: 238.000000
House Total Dirt: 155
Chosen Step: East

******* Step 14 *******
Current Location: (1, 19)
Remaining Steps Number: 237
Battery Left: 237.000000
House Total Dirt: 155
Chosen Step: East

******* Step 15 *******
Current Location: (1, 20)
Remaining Steps Number: 236
Battery Left: 236.000000
House Total Dirt: 155
Chosen Step: East

******* Step 16 *******
Current Location: (1, 21)
Remaining Steps Number: 235
Battery Left: 235.000000
House Total Dirt: 155
Chosen Step: East

******* Step 17 *******
Current Location: (1, 22)
Remaining Steps Number: 234
Battery Left: 234.000000
House Total Dirt: 155
Chosen Step: East

******* Step 18 *******
Current Location: (1, 23)
Remaining Steps Number: 233
Battery Left: 233.000000
House Total Dirt: 155
Chosen Step: South

******* Step 19 *******
Current Location: (2, 23)
Remaining Steps Number: 232
Battery Left: 232.000000
House Total Dirt: 155
Chosen Step: South

******* Step 20 *******
Current Location: (3, 23)
Remaining Steps Number: 231
Battery Left: 231.000000
House Total Dirt: 155
Chosen Step: South

******* Step 21 *******
Current Location: (4, 23)
Remaining Steps Number: 230
Battery Left: 230.000000
House Total Dirt: 155
Chosen Step: South

******* Step 22 *******
Current Location: (5, 23)
Remaining Steps Number: 229
Battery Left: 229.000000
House Total Dirt: 155
Chosen Step: South

******* Step 23 *******
Current Location: (6, 23)
Remaining Steps Number: 228
Battery Left: 228.000000
House Total Dirt: 155
Chosen Step: South

******* Step 24 *******
Current Location: (7, 23)
Remaining Steps Number: 227
Battery Left: 227.000000
House Total Dirt: 155
Chosen Step: South

******* Step 25 *******
Current Location: (8, 23)
Remaining Steps Number: 226
Battery Left: 226.000000
House Total Dirt: 155
Chosen Step: South

******* Step 26 *******
Current Location: (9, 23)
Remaining Steps Number: 225
Battery Left: 225.000000
House Total Dirt: 155
Chosen Step: South

******* Step 27 *******
Current Location: (10, 23)
Remaining Steps Number: 224
Battery Left: 224.000000
House Total Dirt: 155
Chosen Step: South

******* Step 28 *******
Current Location: (11, 23)
Remaining Steps Number: 223
Battery Left: 223.000000
House Total Dirt: 155
Chosen Step: South

******* Step 29 *******
Current Location: (12, 23)
Remaining Steps Number: 222
Battery Left: 222.000000
House Total Dirt: 155
Chosen Step: South

******* Step 30 *******
Current Location: (13, 23)
Remaining Steps Number: 221
Battery Left: 221.000000
House Total Dirt: 155
Chosen Step: South

******* Step 31 *******
Current Location: (14, 23)
Remaining Steps Number: 220
Battery Left: 220.000000
House Total Dirt: 155
Chosen Step: South

******* Step 32 *******
Current Location: (15, 23)
Remaining Steps Number: 219
Battery Left: 219.000000
House Total Dirt: 155
Chosen Step: South

******* Step 33 *******
Current Location: (16, 23)
Remaining Steps Number: 218
Battery Left: 218.000000
House Total Dirt: 155
Chosen Step: West

******* Step 34 *******
Current Location: (16, 22)
Remaining Steps Number: 217
Battery Left: 217.000000
House Total Dirt: 155
Chosen Step: North

******* Step 35 *******
Current Location: (15, 22)
Remaining Steps Number: 216
Battery Left: 216.000000
House Total Dirt: 155
Chosen Step: North

******* Step 36 *******
Current Location: (14, 22)
Remaining Steps Number: 215
Battery Left: 215.000000
House Total Dirt: 155
Chosen Step: North

******* Step 37 *******
Current Location: (13, 22)
Remaining Steps Number: 214
Battery Left: 214.000000
House Total Dirt: 155
