Docking Station Location: (8, 16)
******* Step 1 *******
Current Location: (8, 16)
Remaining Steps Number: 250
Battery Left: 250.000000
House Total Dirt: 288
Chosen Step: North

******* Step 2 *******
Current Location: (7, 16)
Remaining Steps Number: 249
Battery Left: 249.000000
House Total Dirt: 288
Chosen Step: Stay

******* Step 3 *******
Current Location: (7, 16)
Remaining Steps Number: 248
Battery Left: 248.000000
House Total Dirt: 287
Chosen Step: Stay

******* Step 4 *******
Current Location: (7, 16)
Remaining Steps Number: 247
Battery Left: 247.000000
House Total Dirt: 286
Chosen Step: Stay

******* Step 5 *******
Current Location: (7, 16)
Remaining Steps Number: 246
Battery Left: 246.000000
House Total Dirt: 285
Chosen Step: North

******* Step 6 *******
Current Location: (6, 16)
Remaining Steps Number: 245
Battery Left: 245.000000
House Total Dirt: 285
Chosen Step: North

******* Step 7 *******
Current Location: (5, 16)
Remaining Steps Number: 244
Battery Left: 244.000000
House Total Dirt: 285
Chosen Step: North

******* Step 8 *******
Current Location: (4, 16)
Remaining Steps Number: 243
Battery Left: 243.000000
House Total Dirt: 285
Chosen Step: North

******* Step 9 *******
Current Location: (3, 16)
Remaining Steps Number: 242
Battery Left: 242.000000
House Total Dirt: 285
Chosen Step: North

******* Step 10 *******
Current Location: (2, 16)
Remaining Steps Number: 241
Battery Left: 241.000000
House Total Dirt: 285
Chosen Step: North

******* Step 11 *******
Current Location: (1, 16)
Remaining Steps Number: 240
Battery Left: 240.000000
House Total Dirt: 285
Chosen Step: East

******* Step 12 *******
Current Location: (1, 17)
Remaining Steps Number: 239
Battery Left: 239.000000
House Total Dirt: 285
Chosen Step: Stay

******* Step 13 *******
Current Location: (1, 17)
Remaining Steps Number: 238
Battery Left: 238.000000
House Total Dirt: 284
Chosen Step: Stay

******* Step 14 *******
Current Location: (1, 17)
Remaining Steps Number: 237
Battery Left: 237.000000
House Total Dirt: 283
Chosen Step: Stay

******* Step 15 *******
Current Location: (1, 17)
Remaining Steps Number: 236
Battery Left: 236.000000
House Total Dirt: 282
Chosen Step: Stay

******* Step 16 *******
Current Location: (1, 17)
Remaining Steps Number: 235
Battery Left: 235.000000
House Total Dirt: 281
Chosen Step: East

******* Step 17 *******
Current Location: (1, 18)
Remaining Steps Number: 234
Battery Left: 234.000000
House Total Dirt: 281
Chosen Step: East

******* Step 18 *******
Current Location: (1, 19)
Remaining Steps Number: 233
Battery Left: 233.000000
House Total Dirt: 281
Chosen Step: East

******* Step 19 *******
Current Location: (1, 20)
Remaining Steps Number: 232
Battery Left: 232.000000
House Total Dirt: 281
Chosen Step: East

******* Step 20 *******
Current Location: (1, 21)
Remaining Steps Number: 231
Battery Left: 231.000000
House Total Dirt: 281
Chosen Step: East

******* Step 21 *******
Current Location: (1, 22)
Remaining Steps Number: 230
Battery Left: 230.000000
House Total Dirt: 281
Chosen Step: Stay

******* Step 22 *******
Current Location: (1, 22)
Remaining Steps Number: 229
Battery Left: 229.000000
House Total Dirt: 280
Chosen Step: East

******* Step 23 *******
Current Location: (1, 23)
Remaining Steps Number: 228
Battery Left: 228.000000
House Total Dirt: 280
Chosen Step: East

******* Step 24 *******
Current Location: (1, 24)
Remaining Steps Number: 227
Battery Left: 227.000000
House Total Dirt: 280
Chosen Step: East

******* Step 25 *******
Current Location: (1, 25)
Remaining Steps Number: 226
Battery Left: 226.000000
House Total Dirt: 280
Chosen Step: East

******* Step 26 *******
Current Location: (1, 26)
Remaining Steps Number: 225
Battery Left: 225.000000
House Total Dirt: 280
Chosen Step: Stay

******* Step 27 *******
Current Location: (1, 26)
Remaining Steps Number: 224
Battery Left: 224.000000
House Total Dirt: 279
Chosen Step: Stay

******* Step 28 *******
Current Location: (1, 26)
Remaining Steps Number: 223
Battery Left: 223.000000
House Total Dirt: 278
Chosen Step: East

******* Step 29 *******
Current Location: (1, 27)
Remaining Steps Number: 222
Battery Left: 222.000000
House Total Dirt: 278
Chosen Step: North

******* Step 30 *******
Current Location: (0, 27)
Remaining Steps Number: 221
Battery Left: 221.000000
House Total Dirt: 278
Chosen Step: Stay

******* Step 31 *******
Current Location: (0, 27)
Remaining Steps Number: 220
Battery Left: 220.000000
House Total Dirt: 277
Chosen Step: Stay

******* Step 32 *******
Current Location: (0, 27)
Remaining Steps Number: 219
Battery Left: 219.000000
House Total Dirt: 276
Chosen Step: Stay

******* Step 33 *******
Current Location: (0, 27)
Remaining Steps Number: 218
Battery Left: 218.000000
House Total Dirt: 275
Chosen Step: Stay

******* Step 34 *******
Current Location: (0, 27)
Remaining Steps Number: 217
Battery Left: 217.000000
House Total Dirt: 274
Chosen Step: Stay

******* Step 35 *******
Current Location: (0, 27)
Remaining Steps Number: 216
Battery Left: 216.000000
House Total Dirt: 273
Chosen Step: Stay

******* Step 36 *******
Current Location: (0, 27)
Remaining Steps Number: 215
Battery Left: 215.000000
House Total Dirt: 272
Chosen Step: Stay

******* Step 37 *******
Current Location: (0, 27)
Remaining Steps Number: 214
Battery Left: 214.000000
House Total Dirt: 271
Chosen Step: Stay

******* Step 38 *******
Current Location: (0, 27)
Remaining Steps Number: 213
Battery Left: 213.000000
House Total Dirt: 270
Chosen Step: Stay

******* Step 39 *******
Current Location: (0, 27)
Remaining Steps Number: 212
Battery Left: 212.000000
House Total Dirt: 269
Chosen Step: Stay

******* Step 40 *******
Current Location: (0, 27)
Remaining Steps Number: 211
Battery Left: 211.000000
House Total Dirt: 268
Chosen Step: Stay

******* Step 41 *******
Current Location: (0, 27)
Remaining Steps Number: 210
Battery Left: 210.000000
House Total Dirt: 267
Chosen Step: Stay

******* Step 42 *******
Current Location: (0, 27)
Remaining Steps Number: 209
Battery Left: 209.000000
House Total Dirt: 266
Chosen Step: Stay

******* Step 43 *******
Current Location: (0, 27)
Remaining Steps Number: 208
Battery Left: 208.000000
House Total Dirt: 265
Chosen Step: Stay

******* Step 44 *******
Current Location: (0, 27)
Remaining Steps Number: 207
Battery Left: 207.000000
House Total Dirt: 264
Chosen Step: Stay

******* Step 45 *******
Current Location: (0, 27)
Remaining Steps Number: 206
Battery Left: 206.000000
House Total Dirt: 263
Chosen Step: Stay

******* Step 46 *******
Current Location: (0, 27)
Remaining Steps Number: 205
Battery Left: 205.000000
House Total Dirt: 262
Chosen Step: Stay

******* Step 47 *******
Current Location: (0, 27)
Remaining Steps Number: 204
Battery Left: 204.000000
House Total Dirt: 261
Chosen Step: Stay

******* Step 48 *******
Current Location: (0, 27)
Remaining Steps Number: 203
Battery Left: 203.000000
House Total Dirt: 260
Chosen Step: Stay

******* Step 49 *******
Current Location: (0, 27)
Remaining Steps Number: 202
Battery Left: 202.000000
House Total Dirt: 259
Chosen Step: Stay

******* Step 50 *******
Current Location: (0, 27)
Remaining Steps Number: 201
Battery Left: 201.000000
House Total Dirt: 258
Chosen Step: Stay

******* Step 51 *******
Current Location: (0, 27)
Remaining Steps Number: 200
Battery Left: 200.000000
House Total Dirt: 257
Chosen Step: Stay

******* Step 52 *******
Current Location: (0, 27)
Remaining Steps Number: 199
Battery Left: 199.000000
House Total Dirt: 256
Chosen Step: Stay

******* Step 53 *******
Current Location: (0, 27)
Remaining Steps Number: 198
Battery Left: 198.000000
House Total Dirt: 255
Chosen Step: Stay

******* Step 54 *******
Current Location: (0, 27)
Remaining Steps Number: 197
Battery Left: 197.000000
House Total Dirt: 254
Chosen Step: Stay

******* Step 55 *******
Current Location: (0, 27)
Remaining Steps Number: 196
Battery Left: 196.000000
House Total Dirt: 253
Chosen Step: Stay

******* Step 56 *******
Current Location: (0, 27)
Remaining Steps Number: 195
Battery Left: 195.000000
House Total Dirt: 252
Chosen Step: Stay

******* Step 57 *******
Current Location: (0, 27)
Remaining Steps Number: 194
Battery Left: 194.000000
House Total Dirt: 251
Chosen Step: Stay

******* Step 58 *******
Current Location: (0, 27)
Remaining Steps Number: 193
Battery Left: 193.000000
House Total Dirt: 250
Chosen Step: Stay

******* Step 59 *******
Current Location: (0, 27)
Remaining Steps Number: 192
Battery Left: 192.000000
House Total Dirt: 249
Chosen Step: Stay

******* Step 60 *******
Current Location: (0, 27)
Remaining Steps Number: 191
Battery Left: 191.000000
House Total Dirt: 248
Chosen Step: Stay

******* Step 61 *******
Current Location: (0, 27)
Remaining Steps Number: 190
Battery Left: 190.000000
House Total Dirt: 247
Chosen Step: Stay

******* Step 62 *******
Current Location: (0, 27)
Remaining Steps Number: 189
Battery Left: 189.000000
House Total Dirt: 246
Chosen Step: Stay

******* Step 63 *******
Current Location: (0, 27)
Remaining Steps Number: 188
Battery Left: 188.000000
House Total Dirt: 245
Chosen Step: Stay

******* Step 64 *******
Current Location: (0, 27)
Remaining Steps Number: 187
Battery Left: 187.000000
House Total Dirt: 244
Chosen Step: Stay

******* Step 65 *******
Current Location: (0, 27)
Remaining Steps Number: 186
Battery Left: 186.000000
House Total Dirt: 243
Chosen Step: Stay

******* Step 66 *******
Current Location: (0, 27)
Remaining Steps Number: 185
Battery Left: 185.000000
House Total Dirt: 242
Chosen Step: Stay

******* Step 67 *******
Current Location: (0, 27)
Remaining Steps Number: 184
Battery Left: 184.000000
House Total Dirt: 241
Chosen Step: Stay

******* Step 68 *******
Current Location: (0, 27)
Remaining Steps Number: 183
Battery Left: 183.000000
House Total Dirt: 240
Chosen Step: Stay

******* Step 69 *******
Current Location: (0, 27)
Remaining Steps Number: 182
Battery Left: 182.000000
House Total Dirt: 239
Chosen Step: Stay

******* Step 70 *******
Current Location: (0, 27)
Remaining Steps Number: 181
Battery Left: 181.000000
House Total Dirt: 238
Chosen Step: Stay

******* Step 71 *******
Current Location: (0, 27)
Remaining Steps Number: 180
Battery Left: 180.000000
House Total Dirt: 237
Chosen Step: Stay

******* Step 72 *******
Current Location: (0, 27)
Remaining Steps Number: 179
Battery Left: 179.000000
House Total Dirt: 236
Chosen Step: Stay

******* Step 73 *******
Current Location: (0, 27)
Remaining Steps Number: 178
Battery Left: 178.000000
House Total Dirt: 235
Chosen Step: Stay

******* Step 74 *******
Current Location: (0, 27)
Remaining Steps Number: 177
Battery Left: 177.000000
House Total Dirt: 234
Chosen Step: Stay

******* Step 75 *******
Current Location: (0, 27)
Remaining Steps Number: 176
Battery Left: 176.000000
House Total Dirt: 233
Chosen Step: Stay

******* Step 76 *******
Current Location: (0, 27)
Remaining Steps Number: 175
Battery Left: 175.000000
House Total Dirt: 232
Chosen Step: Stay

******* Step 77 *******
Current Location: (0, 27)
Remaining Steps Number: 174
Battery Left: 174.000000
House Total Dirt: 231
Chosen Step: Stay

******* Step 78 *******
Current Location: (0, 27)
Remaining Steps Number: 173
Battery Left: 173.000000
House Total Dirt: 230
Chosen Step: South

******* Step 79 *******
Current Location: (1, 27)
Remaining Steps Number: 172
Battery Left: 172.000000
House Total Dirt: 230
Chosen Step: East

******* Step 80 *******
Current Location: (1, 28)
Remaining Steps Number: 171
Battery Left: 171.000000
House Total Dirt: 230
Chosen Step: East

******* Step 81 *******
Current Location: (1, 29)
Remaining Steps Number: 170
Battery Left: 170.000000
House Total Dirt: 230
Chosen Step: East

******* Step 82 *******
Current Location: (1, 30)
Remaining Steps Number: 169
Battery Left: 169.000000
House Total Dirt: 230
Chosen Step: East

******* Step 83 *******
Current Location: (1, 31)
Remaining Steps Number: 168
Battery Left: 168.000000
House Total Dirt: 230
Chosen Step: South

******* Step 84 *******
Current Location: (2, 31)
Remaining Steps Number: 167
Battery Left: 167.000000
House Total Dirt: 230
Chosen Step: South

******* Step 85 *******
Current Location: (3, 31)
Remaining Steps Number: 166
Battery Left: 166.000000
House Total Dirt: 230
Chosen Step: South

******* Step 86 *******
Current Location: (4, 31)
Remaining Steps Number: 165
Battery Left: 165.000000
House Total Dirt: 230
Chosen Step: South

******* Step 87 *******
Current Location: (5, 31)
Remaining Steps Number: 164
Battery Left: 164.000000
House Total Dirt: 230
Chosen Step: South

******* Step 88 *******
Current Location: (6, 31)
Remaining Steps Number: 163
Battery Left: 163.000000
House Total Dirt: 230
Chosen Step: South

******* Step 89 *******
Current Location: (7, 31)
Remaining Steps Number: 162
Battery Left: 162.000000
House Total Dirt: 230
Chosen Step: South

******* Step 90 *******
Current Location: (8, 31)
Remaining Steps Number: 161
Battery Left: 161.000000
House Total Dirt: 230
Chosen Step: South

******* Step 91 *******
Current Location: (9, 31)
Remaining Steps Number: 160
Battery Left: 160.000000
House Total Dirt: 230
Chosen Step: South

******* Step 92 *******
Current Location: (10, 31)
Remaining Steps Number: 159
Battery Left: 159.000000
House Total Dirt: 230
Chosen Step: South

******* Step 93 *******
Current Location: (11, 31)
Remaining Steps Number: 158
Battery Left: 158.000000
House Total Dirt: 230
Chosen Step: South

******* Step 94 *******
Current Location: (12, 31)
Remaining Steps Number: 157
Battery Left: 157.000000
House Total Dirt: 230
Chosen Step: South

******* Step 95 *******
Current Location: (13, 31)
Remaining Steps Number: 156
Battery Left: 156.000000
House Total Dirt: 230
Chosen Step: South

******* Step 96 *******
Current Location: (14, 31)
Remaining Steps Number: 155
Battery Left: 155.000000
House Total Dirt: 230
Chosen Step: South

******* Step 97 *******
Current Location: (15, 31)
Remaining Steps Number: 154
Battery Left: 154.000000
House Total Dirt: 230
Chosen Step: South

******* Step 98 *******
Current Location: (16, 31)
Remaining Steps Number: 153
Battery Left: 153.000000
House Total Dirt: 230
Chosen Step: West

******* Step 99 *******
Current Location: (16, 30)
Remaining Steps Number: 152
Battery Left: 152.000000
House Total Dirt: 230
Chosen Step: North

******* Step 100 *******
Current Location: (15, 30)
Remaining Steps Number: 151
Battery Left: 151.000000
House Total Dirt: 230
Chosen Step: North

******* Step 101 *******
Current Location: (14, 30)
Remaining Steps Number: 150
Battery Left: 150.000000
House Total Dirt: 230
Chosen Step: North

******* Step 102 *******
Current Location: (13, 30)
Remaining Steps Number: 149
Battery Left: 149.000000
House Total Dirt: 230
Chosen Step: North

******* Step 103 *******
Current Location: (12, 30)
Remaining Steps Number: 148
Battery Left: 148.000000
House Total Dirt: 230
Chosen Step: North

******* Step 104 *******
Current Location: (11, 30)
Remaining Steps Number: 147
Battery Left: 147.000000
House Total Dirt: 230
Chosen Step: North

******* Step 105 *******
Current Location: (10, 30)
Remaining Steps Number: 146
Battery Left: 146.000000
House Total Dirt: 230
Chosen Step: North

******* Step 106 *******
Current Location: (9, 30)
Remaining Steps Number: 145
Battery Left: 145.000000
House Total Dirt: 230
Chosen Step: North

******* Step 107 *******
Current Location: (8, 30)
Remaining Steps Number: 144
Battery Left: 144.000000
House Total Dirt: 230
Chosen Step: Stay

******* Step 108 *******
Current Location: (8, 30)
Remaining Steps Number: 143
Battery Left: 143.000000
House Total Dirt: 229
Chosen Step: Stay

******* Step 109 *******
Current Location: (8, 30)
Remaining Steps Number: 142
Battery Left: 142.000000
House Total Dirt: 228
Chosen Step: Stay

******* Step 110 *******
Current Location: (8, 30)
Remaining Steps Number: 141
Battery Left: 141.000000
House Total Dirt: 227
Chosen Step: Stay

******* Step 111 *******
Current Location: (8, 30)
Remaining Steps Number: 140
Battery Left: 140.000000
House Total Dirt: 226
Chosen Step: Stay

******* Step 112 *******
Current Location: (8, 30)
Remaining Steps Number: 139
Battery Left: 139.000000
House Total Dirt: 225
Chosen Step: Stay

******* Step 113 *******
Current Location: (8, 30)
Remaining Steps Number: 138
Battery Left: 138.000000
House Total Dirt: 224
