Docking Station Location: (0, 2)
******* Step 1 *******
Current Location: (0, 2)
Remaining Steps Number: 10
Battery Left: 5.000000
House Total Dirt: 16
Chosen Step: East

******* Step 2 *******
Current Location: (0, 3)
Remaining Steps Number: 9
Battery Left: 4.000000
House Total Dirt: 16
Chosen Step: Stay

******* Step 3 *******
Current Location: (0, 3)
Remaining Steps Number: 8
Battery Left: 3.000000
House Total Dirt: 15
Chosen Step: West

******* Step 4 *******
Current Location: (0, 2)
Remaining Steps Number: 7
Battery Left: 2.000000
House Total Dirt: 15
Chosen Step: Stay

******* Step 5 *******
Current Location: (0, 2)
Remaining Steps Number: 6
Battery Left: 0.000000
House Total Dirt: 15
Chosen Step: Stay

******* Step 6 *******
Current Location: (0, 2)
Remaining Steps Number: 5
Battery Left: 0.000000
House Total Dirt: 15
Chosen Step: Stay

******* Step 7 *******
Current Location: (0, 2)
Remaining Steps Number: 4
Battery Left: 0.000000
House Total Dirt: 15
Chosen Step: Stay

******* Step 8 *******
Current Location: (0, 2)
Remaining Steps Number: 3
Battery Left: 0.000000
House Total Dirt: 15
Chosen Step: Stay

******* Step 9 *******
Current Location: (0, 2)
Remaining Steps Number: 2
Battery Left: 0.000000
House Total Dirt: 15
Chosen Step: Stay

******* Step 10 *******
Current Location: (0, 2)
Remaining Steps Number: 1
Battery Left: 0.000000
House Total Dirt: 15
Chosen Step: Stay

******* Step 11 *******
Current Location: (0, 2)
Remaining Steps Number: 0
Battery Left: 0.000000
House Total Dirt: 15
