Docking Station Location: (8, 16)
******* Step 1 *******
Current Location: (8, 16)
Remaining Steps Number: 250
Battery Left: 250.000000
House Total Dirt: 288
Chosen Step: South

******* Step 2 *******
Current Location: (9, 16)
Remaining Steps Number: 249
Battery Left: 249.000000
House Total Dirt: 288
Chosen Step: Stay

******* Step 3 *******
Current Location: (9, 16)
Remaining Steps Number: 248
Battery Left: 248.000000
House Total Dirt: 287
Chosen Step: Stay

******* Step 4 *******
Current Location: (9, 16)
Remaining Steps Number: 247
Battery Left: 247.000000
House Total Dirt: 286
Chosen Step: Stay

******* Step 5 *******
Current Location: (9, 16)
Remaining Steps Number: 246
Battery Left: 246.000000
House Total Dirt: 285
Chosen Step: Stay

******* Step 6 *******
Current Location: (9, 16)
Remaining Steps Number: 245
Battery Left: 245.000000
House Total Dirt: 284
Chosen Step: Stay

******* Step 7 *******
Current Location: (9, 16)
Remaining Steps Number: 244
Battery Left: 244.000000
House Total Dirt: 283
Chosen Step: Stay

******* Step 8 *******
Current Location: (9, 16)
Remaining Steps Number: 243
Battery Left: 243.000000
House Total Dirt: 282
Chosen Step: Stay

******* Step 9 *******
Current Location: (9, 16)
Remaining Steps Number: 242
Battery Left: 242.000000
House Total Dirt: 281
Chosen Step: Stay

******* Step 10 *******
Current Location: (9, 16)
Remaining Steps Number: 241
Battery Left: 241.000000
House Total Dirt: 280
Chosen Step: Stay

******* Step 11 *******
Current Location: (9, 16)
Remaining Steps Number: 240
Battery Left: 240.000000
House Total Dirt: 279
Chosen Step: East

******* Step 12 *******
Current Location: (9, 17)
Remaining Steps Number: 239
Battery Left: 239.000000
House Total Dirt: 279
Chosen Step: North

******* Step 13 *******
Current Location: (8, 17)
Remaining Steps Number: 238
Battery Left: 238.000000
House Total Dirt: 279
Chosen Step: North

******* Step 14 *******
Current Location: (7, 17)
Remaining Steps Number: 237
Battery Left: 237.000000
House Total Dirt: 279
Chosen Step: East

******* Step 15 *******
Current Location: (7, 18)
Remaining Steps Number: 236
Battery Left: 236.000000
House Total Dirt: 279
Chosen Step: East

******* Step 16 *******
Current Location: (7, 19)
Remaining Steps Number: 235
Battery Left: 235.000000
House Total Dirt: 279
Chosen Step: South

******* Step 17 *******
Current Location: (8, 19)
Remaining Steps Number: 234
Battery Left: 234.000000
House Total Dirt: 279
Chosen Step: South

******* Step 18 *******
Current Location: (9, 19)
Remaining Steps Number: 233
Battery Left: 233.000000
House Total Dirt: 279
Chosen Step: Stay

******* Step 19 *******
Current Location: (9, 19)
Remaining Steps Number: 232
Battery Left: 232.000000
House Total Dirt: 278
Chosen Step: Stay

******* Step 20 *******
Current Location: (9, 19)
Remaining Steps Number: 231
Battery Left: 231.000000
House Total Dirt: 277
Chosen Step: Stay

******* Step 21 *******
Current Location: (9, 19)
Remaining Steps Number: 230
Battery Left: 230.000000
House Total Dirt: 276
Chosen Step: Stay

******* Step 22 *******
Current Location: (9, 19)
Remaining Steps Number: 229
Battery Left: 229.000000
House Total Dirt: 275
Chosen Step: Stay

******* Step 23 *******
Current Location: (9, 19)
Remaining Steps Number: 228
Battery Left: 228.000000
House Total Dirt: 274
Chosen Step: Stay

******* Step 24 *******
Current Location: (9, 19)
Remaining Steps Number: 227
Battery Left: 227.000000
House Total Dirt: 273
Chosen Step: Stay

******* Step 25 *******
Current Location: (9, 19)
Remaining Steps Number: 226
Battery Left: 226.000000
House Total Dirt: 272
Chosen Step: Stay

******* Step 26 *******
Current Location: (9, 19)
Remaining Steps Number: 225
Battery Left: 225.000000
House Total Dirt: 271
Chosen Step: Stay

******* Step 27 *******
Current Location: (9, 19)
Remaining Steps Number: 224
Battery Left: 224.000000
House Total Dirt: 270
Chosen Step: West

******* Step 28 *******
Current Location: (9, 18)
Remaining Steps Number: 223
Battery Left: 223.000000
House Total Dirt: 270
Chosen Step: South

******* Step 29 *******
Current Location: (10, 18)
Remaining Steps Number: 222
Battery Left: 222.000000
House Total Dirt: 270
Chosen Step: West

******* Step 30 *******
Current Location: (10, 17)
Remaining Steps Number: 221
Battery Left: 221.000000
House Total Dirt: 270
Chosen Step: West

******* Step 31 *******
Current Location: (10, 16)
Remaining Steps Number: 220
Battery Left: 220.000000
House Total Dirt: 270
Chosen Step: Stay

******* Step 32 *******
Current Location: (10, 16)
Remaining Steps Number: 219
Battery Left: 219.000000
House Total Dirt: 269
Chosen Step: Stay

******* Step 33 *******
Current Location: (10, 16)
Remaining Steps Number: 218
Battery Left: 218.000000
House Total Dirt: 268
Chosen Step: Stay

******* Step 34 *******
Current Location: (10, 16)
Remaining Steps Number: 217
Battery Left: 217.000000
House Total Dirt: 267
Chosen Step: Stay

******* Step 35 *******
Current Location: (10, 16)
Remaining Steps Number: 216
Battery Left: 216.000000
House Total Dirt: 266
Chosen Step: Stay

******* Step 36 *******
Current Location: (10, 16)
Remaining Steps Number: 215
Battery Left: 215.000000
House Total Dirt: 265
Chosen Step: Stay

******* Step 37 *******
Current Location: (10, 16)
Remaining Steps Number: 214
Battery Left: 214.000000
House Total Dirt: 264
Chosen Step: Stay

******* Step 38 *******
Current Location: (10, 16)
Remaining Steps Number: 213
Battery Left: 213.000000
House Total Dirt: 263
Chosen Step: Stay

******* Step 39 *******
Current Location: (10, 16)
Remaining Steps Number: 212
Battery Left: 212.000000
House Total Dirt: 262
Chosen Step: Stay

******* Step 40 *******
Current Location: (10, 16)
Remaining Steps Number: 211
Battery Left: 211.000000
House Total Dirt: 261
Chosen Step: South

******* Step 41 *******
Current Location: (11, 16)
Remaining Steps Number: 210
Battery Left: 210.000000
House Total Dirt: 261
Chosen Step: West

******* Step 42 *******
Current Location: (11, 15)
Remaining Steps Number: 209
Battery Left: 209.000000
House Total Dirt: 261
Chosen Step: West

******* Step 43 *******
Current Location: (11, 14)
Remaining Steps Number: 208
Battery Left: 208.000000
House Total Dirt: 261
Chosen Step: West

******* Step 44 *******
Current Location: (11, 13)
Remaining Steps Number: 207
Battery Left: 207.000000
House Total Dirt: 261
Chosen Step: West

******* Step 45 *******
Current Location: (11, 12)
Remaining Steps Number: 206
Battery Left: 206.000000
House Total Dirt: 261
Chosen Step: Stay

******* Step 46 *******
Current Location: (11, 12)
Remaining Steps Number: 205
Battery Left: 205.000000
House Total Dirt: 260
Chosen Step: Stay

******* Step 47 *******
Current Location: (11, 12)
Remaining Steps Number: 204
Battery Left: 204.000000
House Total Dirt: 259
Chosen Step: Stay

******* Step 48 *******
Current Location: (11, 12)
Remaining Steps Number: 203
Battery Left: 203.000000
House Total Dirt: 258
Chosen Step: Stay

******* Step 49 *******
Current Location: (11, 12)
Remaining Steps Number: 202
Battery Left: 202.000000
House Total Dirt: 257
Chosen Step: Stay

******* Step 50 *******
Current Location: (11, 12)
Remaining Steps Number: 201
Battery Left: 201.000000
House Total Dirt: 256
Chosen Step: Stay

******* Step 51 *******
Current Location: (11, 12)
Remaining Steps Number: 200
Battery Left: 200.000000
House Total Dirt: 255
Chosen Step: South

******* Step 52 *******
Current Location: (12, 12)
Remaining Steps Number: 199
Battery Left: 199.000000
House Total Dirt: 255
Chosen Step: West

******* Step 53 *******
Current Location: (12, 11)
Remaining Steps Number: 198
Battery Left: 198.000000
House Total Dirt: 255
Chosen Step: South

******* Step 54 *******
Current Location: (13, 11)
Remaining Steps Number: 197
Battery Left: 197.000000
House Total Dirt: 255
Chosen Step: West

******* Step 55 *******
Current Location: (13, 10)
Remaining Steps Number: 196
Battery Left: 196.000000
House Total Dirt: 255
Chosen Step: North

******* Step 56 *******
Current Location: (12, 10)
Remaining Steps Number: 195
Battery Left: 195.000000
House Total Dirt: 255
Chosen Step: West

******* Step 57 *******
Current Location: (12, 9)
Remaining Steps Number: 194
Battery Left: 194.000000
House Total Dirt: 255
Chosen Step: North

******* Step 58 *******
Current Location: (11, 9)
Remaining Steps Number: 193
Battery Left: 193.000000
House Total Dirt: 255
Chosen Step: West

******* Step 59 *******
Current Location: (11, 8)
Remaining Steps Number: 192
Battery Left: 192.000000
House Total Dirt: 255
Chosen Step: Stay

******* Step 60 *******
Current Location: (11, 8)
Remaining Steps Number: 191
Battery Left: 191.000000
House Total Dirt: 254
Chosen Step: Stay

******* Step 61 *******
Current Location: (11, 8)
Remaining Steps Number: 190
Battery Left: 190.000000
House Total Dirt: 253
Chosen Step: Stay

******* Step 62 *******
Current Location: (11, 8)
Remaining Steps Number: 189
Battery Left: 189.000000
House Total Dirt: 252
Chosen Step: Stay

******* Step 63 *******
Current Location: (11, 8)
Remaining Steps Number: 188
Battery Left: 188.000000
House Total Dirt: 251
Chosen Step: South

******* Step 64 *******
Current Location: (12, 8)
Remaining Steps Number: 187
Battery Left: 187.000000
House Total Dirt: 251
Chosen Step: South

******* Step 65 *******
Current Location: (13, 8)
Remaining Steps Number: 186
Battery Left: 186.000000
House Total Dirt: 251
Chosen Step: West

******* Step 66 *******
Current Location: (13, 7)
Remaining Steps Number: 185
Battery Left: 185.000000
House Total Dirt: 251
Chosen Step: South

******* Step 67 *******
Current Location: (14, 7)
Remaining Steps Number: 184
Battery Left: 184.000000
House Total Dirt: 251
Chosen Step: Stay

******* Step 68 *******
Current Location: (14, 7)
Remaining Steps Number: 183
Battery Left: 183.000000
House Total Dirt: 250
Chosen Step: Stay

******* Step 69 *******
Current Location: (14, 7)
Remaining Steps Number: 182
Battery Left: 182.000000
House Total Dirt: 249
Chosen Step: Stay

******* Step 70 *******
Current Location: (14, 7)
Remaining Steps Number: 181
Battery Left: 181.000000
House Total Dirt: 248
Chosen Step: Stay

******* Step 71 *******
Current Location: (14, 7)
Remaining Steps Number: 180
Battery Left: 180.000000
House Total Dirt: 247
Chosen Step: Stay

******* Step 72 *******
Current Location: (14, 7)
Remaining Steps Number: 179
Battery Left: 179.000000
House Total Dirt: 246
Chosen Step: Stay

******* Step 73 *******
Current Location: (14, 7)
Remaining Steps Number: 178
Battery Left: 178.000000
House Total Dirt: 245
Chosen Step: West

******* Step 74 *******
Current Location: (14, 6)
Remaining Steps Number: 177
Battery Left: 177.000000
House Total Dirt: 245
Chosen Step: West

******* Step 75 *******
Current Location: (14, 5)
Remaining Steps Number: 176
Battery Left: 176.000000
House Total Dirt: 245
Chosen Step: West

******* Step 76 *******
Current Location: (14, 4)
Remaining Steps Number: 175
Battery Left: 175.000000
House Total Dirt: 245
Chosen Step: West

******* Step 77 *******
Current Location: (14, 3)
Remaining Steps Number: 174
Battery Left: 174.000000
House Total Dirt: 245
Chosen Step: West

******* Step 78 *******
Current Location: (14, 2)
Remaining Steps Number: 173
Battery Left: 173.000000
House Total Dirt: 245
Chosen Step: South

******* Step 79 *******
Current Location: (15, 2)
Remaining Steps Number: 172
Battery Left: 172.000000
House Total Dirt: 245
